nohup: ignoring input

E1214 16:02:35.930289985  965115 fork_posix.cc:70]           Fork support is only compatible with the epoll1 and poll polling strategies
E1214 16:02:35.960846203  965115 fork_posix.cc:70]           Fork support is only compatible with the epoll1 and poll polling strategies
E1214 16:02:37.897289049  965115 fork_posix.cc:70]           Fork support is only compatible with the epoll1 and poll polling strategies
E1214 16:02:37.918128282  965115 fork_posix.cc:70]           Fork support is only compatible with the epoll1 and poll polling strategies
2022-12-14 16:02:38,040	INFO worker.py:1528 -- Started a local Ray instance.
[2m[36m(pid=965646)[0m 
[2m[36m(PPO pid=965646)[0m 2022-12-14 16:02:48,546	INFO algorithm.py:457 -- Current log_level is ERROR. For more information, set 'log_level': 'INFO' / 'DEBUG' or use the -v and -vv flags.
[2m[36m(pid=965706)[0m 
[2m[36m(pid=965707)[0m 
[2m[36m(RolloutWorker pid=965706)[0m E1214 16:02:56.675326974  965706 fork_posix.cc:70]           Fork support is only compatible with the epoll1 and poll polling strategies
[2m[36m(RolloutWorker pid=965706)[0m /home/accts/ahc49/.local/lib/python3.10/site-packages/torch/cuda/__init__.py:497: UserWarning: Can't initialize NVML
[2m[36m(RolloutWorker pid=965706)[0m   warnings.warn("Can't initialize NVML")
[2m[36m(RolloutWorker pid=965706)[0m E1214 16:02:56.701016251  965706 fork_posix.cc:70]           Fork support is only compatible with the epoll1 and poll polling strategies
[2m[36m(RolloutWorker pid=965706)[0m E1214 16:02:56.719607175  965706 fork_posix.cc:70]           Fork support is only compatible with the epoll1 and poll polling strategies
[2m[36m(RolloutWorker pid=965706)[0m E1214 16:02:56.737753124  965706 fork_posix.cc:70]           Fork support is only compatible with the epoll1 and poll polling strategies
[2m[36m(RolloutWorker pid=965706)[0m E1214 16:02:56.755631298  965706 fork_posix.cc:70]           Fork support is only compatible with the epoll1 and poll polling strategies
[2m[36m(RolloutWorker pid=965706)[0m E1214 16:02:56.773706138  965706 fork_posix.cc:70]           Fork support is only compatible with the epoll1 and poll polling strategies
[2m[36m(RolloutWorker pid=965706)[0m E1214 16:02:56.791476829  965706 fork_posix.cc:70]           Fork support is only compatible with the epoll1 and poll polling strategies
[2m[36m(RolloutWorker pid=965706)[0m E1214 16:02:56.810177868  965706 fork_posix.cc:70]           Fork support is only compatible with the epoll1 and poll polling strategies
[2m[36m(RolloutWorker pid=965706)[0m E1214 16:02:56.828026721  965706 fork_posix.cc:70]           Fork support is only compatible with the epoll1 and poll polling strategies
[2m[36m(RolloutWorker pid=965707)[0m E1214 16:02:56.949791983  965707 fork_posix.cc:70]           Fork support is only compatible with the epoll1 and poll polling strategies
[2m[36m(RolloutWorker pid=965707)[0m /home/accts/ahc49/.local/lib/python3.10/site-packages/torch/cuda/__init__.py:497: UserWarning: Can't initialize NVML
[2m[36m(RolloutWorker pid=965707)[0m   warnings.warn("Can't initialize NVML")
[2m[36m(RolloutWorker pid=965707)[0m E1214 16:02:56.974634867  965707 fork_posix.cc:70]           Fork support is only compatible with the epoll1 and poll polling strategies
[2m[36m(RolloutWorker pid=965707)[0m E1214 16:02:56.994252863  965707 fork_posix.cc:70]           Fork support is only compatible with the epoll1 and poll polling strategies
[2m[36m(RolloutWorker pid=965707)[0m E1214 16:02:57.012617704  965707 fork_posix.cc:70]           Fork support is only compatible with the epoll1 and poll polling strategies
[2m[36m(RolloutWorker pid=965707)[0m E1214 16:02:57.030090805  965707 fork_posix.cc:70]           Fork support is only compatible with the epoll1 and poll polling strategies
[2m[36m(RolloutWorker pid=965707)[0m E1214 16:02:57.050517140  965707 fork_posix.cc:70]           Fork support is only compatible with the epoll1 and poll polling strategies
[2m[36m(RolloutWorker pid=965707)[0m E1214 16:02:57.070197323  965707 fork_posix.cc:70]           Fork support is only compatible with the epoll1 and poll polling strategies
[2m[36m(RolloutWorker pid=965707)[0m E1214 16:02:57.088578747  965707 fork_posix.cc:70]           Fork support is only compatible with the epoll1 and poll polling strategies
[2m[36m(RolloutWorker pid=965707)[0m E1214 16:02:57.106694123  965707 fork_posix.cc:70]           Fork support is only compatible with the epoll1 and poll polling strategies
[2m[36m(PPO pid=965646)[0m E1214 16:02:57.480118233  965646 fork_posix.cc:70]           Fork support is only compatible with the epoll1 and poll polling strategies
[2m[36m(PPO pid=965646)[0m /home/accts/ahc49/.local/lib/python3.10/site-packages/torch/cuda/__init__.py:497: UserWarning: Can't initialize NVML
[2m[36m(PPO pid=965646)[0m   warnings.warn("Can't initialize NVML")
[2m[36m(PPO pid=965646)[0m E1214 16:02:57.505876309  965646 fork_posix.cc:70]           Fork support is only compatible with the epoll1 and poll polling strategies
[2m[36m(PPO pid=965646)[0m E1214 16:02:57.525584053  965646 fork_posix.cc:70]           Fork support is only compatible with the epoll1 and poll polling strategies
[2m[36m(PPO pid=965646)[0m E1214 16:02:57.543814975  965646 fork_posix.cc:70]           Fork support is only compatible with the epoll1 and poll polling strategies
[2m[36m(PPO pid=965646)[0m E1214 16:02:57.562078689  965646 fork_posix.cc:70]           Fork support is only compatible with the epoll1 and poll polling strategies
[2m[36m(PPO pid=965646)[0m E1214 16:02:57.580641366  965646 fork_posix.cc:70]           Fork support is only compatible with the epoll1 and poll polling strategies
[2m[36m(PPO pid=965646)[0m E1214 16:02:57.599026618  965646 fork_posix.cc:70]           Fork support is only compatible with the epoll1 and poll polling strategies
[2m[36m(PPO pid=965646)[0m E1214 16:02:57.617229253  965646 fork_posix.cc:70]           Fork support is only compatible with the epoll1 and poll polling strategies
[2m[36m(PPO pid=965646)[0m E1214 16:02:57.635330775  965646 fork_posix.cc:70]           Fork support is only compatible with the epoll1 and poll polling strategies
[2m[36m(PPO pid=965646)[0m 2022-12-14 16:02:58,028	WARNING util.py:66 -- Install gputil for GPU system monitoring.
[2m[36m(RolloutWorker pid=965706)[0m /usr/lib64/python3.10/site-packages/numpy/core/_methods.py:179: RuntimeWarning: overflow encountered in reduce
[2m[36m(RolloutWorker pid=965706)[0m   ret = umr_sum(arr, axis, dtype, out, keepdims, where=where)
[2m[36m(pid=965908)[0m 
[2m[36m(PPO pid=965908)[0m 2022-12-14 16:03:07,276	INFO algorithm.py:457 -- Current log_level is ERROR. For more information, set 'log_level': 'INFO' / 'DEBUG' or use the -v and -vv flags.
[2m[36m(pid=966075)[0m 
[2m[36m(pid=966074)[0m 
[2m[36m(RolloutWorker pid=966074)[0m E1214 16:03:15.653591906  966074 fork_posix.cc:70]           Fork support is only compatible with the epoll1 and poll polling strategies
[2m[36m(RolloutWorker pid=966075)[0m E1214 16:03:15.726422455  966075 fork_posix.cc:70]           Fork support is only compatible with the epoll1 and poll polling strategies
[2m[36m(RolloutWorker pid=966075)[0m /home/accts/ahc49/.local/lib/python3.10/site-packages/torch/cuda/__init__.py:497: UserWarning: Can't initialize NVML
[2m[36m(RolloutWorker pid=966075)[0m   warnings.warn("Can't initialize NVML")
[2m[36m(RolloutWorker pid=966075)[0m E1214 16:03:15.749588805  966075 fork_posix.cc:70]           Fork support is only compatible with the epoll1 and poll polling strategies
[2m[36m(RolloutWorker pid=966074)[0m /home/accts/ahc49/.local/lib/python3.10/site-packages/torch/cuda/__init__.py:497: UserWarning: Can't initialize NVML
[2m[36m(RolloutWorker pid=966074)[0m   warnings.warn("Can't initialize NVML")
[2m[36m(RolloutWorker pid=966074)[0m E1214 16:03:15.677072025  966074 fork_posix.cc:70]           Fork support is only compatible with the epoll1 and poll polling strategies
[2m[36m(RolloutWorker pid=966074)[0m E1214 16:03:15.695345086  966074 fork_posix.cc:70]           Fork support is only compatible with the epoll1 and poll polling strategies
[2m[36m(RolloutWorker pid=966074)[0m E1214 16:03:15.713823042  966074 fork_posix.cc:70]           Fork support is only compatible with the epoll1 and poll polling strategies
[2m[36m(RolloutWorker pid=966074)[0m E1214 16:03:15.732180545  966074 fork_posix.cc:70]           Fork support is only compatible with the epoll1 and poll polling strategies
[2m[36m(RolloutWorker pid=966074)[0m E1214 16:03:15.750644907  966074 fork_posix.cc:70]           Fork support is only compatible with the epoll1 and poll polling strategies
[2m[36m(RolloutWorker pid=966075)[0m E1214 16:03:15.767944898  966075 fork_posix.cc:70]           Fork support is only compatible with the epoll1 and poll polling strategies
[2m[36m(RolloutWorker pid=966075)[0m E1214 16:03:15.786143529  966075 fork_posix.cc:70]           Fork support is only compatible with the epoll1 and poll polling strategies
[2m[36m(RolloutWorker pid=966075)[0m E1214 16:03:15.804459758  966075 fork_posix.cc:70]           Fork support is only compatible with the epoll1 and poll polling strategies
[2m[36m(RolloutWorker pid=966075)[0m E1214 16:03:15.823155208  966075 fork_posix.cc:70]           Fork support is only compatible with the epoll1 and poll polling strategies
[2m[36m(RolloutWorker pid=966075)[0m E1214 16:03:15.841463253  966075 fork_posix.cc:70]           Fork support is only compatible with the epoll1 and poll polling strategies
[2m[36m(RolloutWorker pid=966075)[0m E1214 16:03:15.859804326  966075 fork_posix.cc:70]           Fork support is only compatible with the epoll1 and poll polling strategies
[2m[36m(RolloutWorker pid=966074)[0m E1214 16:03:15.769003300  966074 fork_posix.cc:70]           Fork support is only compatible with the epoll1 and poll polling strategies
[2m[36m(RolloutWorker pid=966074)[0m E1214 16:03:15.787269875  966074 fork_posix.cc:70]           Fork support is only compatible with the epoll1 and poll polling strategies
[2m[36m(RolloutWorker pid=966074)[0m E1214 16:03:15.805561198  966074 fork_posix.cc:70]           Fork support is only compatible with the epoll1 and poll polling strategies
[2m[36m(RolloutWorker pid=966075)[0m E1214 16:03:15.878278233  966075 fork_posix.cc:70]           Fork support is only compatible with the epoll1 and poll polling strategies
[2m[36m(PPO pid=965908)[0m E1214 16:03:16.258451571  965908 fork_posix.cc:70]           Fork support is only compatible with the epoll1 and poll polling strategies
[2m[36m(PPO pid=965908)[0m /home/accts/ahc49/.local/lib/python3.10/site-packages/torch/cuda/__init__.py:497: UserWarning: Can't initialize NVML
[2m[36m(PPO pid=965908)[0m   warnings.warn("Can't initialize NVML")
[2m[36m(PPO pid=965908)[0m E1214 16:03:16.288419546  965908 fork_posix.cc:70]           Fork support is only compatible with the epoll1 and poll polling strategies
[2m[36m(PPO pid=965908)[0m E1214 16:03:16.312010415  965908 fork_posix.cc:70]           Fork support is only compatible with the epoll1 and poll polling strategies
[2m[36m(PPO pid=965908)[0m E1214 16:03:16.332742180  965908 fork_posix.cc:70]           Fork support is only compatible with the epoll1 and poll polling strategies
[2m[36m(PPO pid=965908)[0m E1214 16:03:16.352421811  965908 fork_posix.cc:70]           Fork support is only compatible with the epoll1 and poll polling strategies
[2m[36m(PPO pid=965908)[0m E1214 16:03:16.371840036  965908 fork_posix.cc:70]           Fork support is only compatible with the epoll1 and poll polling strategies
[2m[36m(PPO pid=965908)[0m E1214 16:03:16.393377686  965908 fork_posix.cc:70]           Fork support is only compatible with the epoll1 and poll polling strategies
[2m[36m(PPO pid=965908)[0m E1214 16:03:16.415546636  965908 fork_posix.cc:70]           Fork support is only compatible with the epoll1 and poll polling strategies
[2m[36m(PPO pid=965908)[0m E1214 16:03:16.436794031  965908 fork_posix.cc:70]           Fork support is only compatible with the epoll1 and poll polling strategies
[2m[36m(PPO pid=965908)[0m 2022-12-14 16:03:16,819	WARNING util.py:66 -- Install gputil for GPU system monitoring.
[2m[36m(RolloutWorker pid=966074)[0m /usr/lib64/python3.10/site-packages/numpy/core/_methods.py:179: RuntimeWarning: overflow encountered in reduce
[2m[36m(RolloutWorker pid=966074)[0m   ret = umr_sum(arr, axis, dtype, out, keepdims, where=where)
[2m[36m(pid=966421)[0m 
[2m[36m(PPO pid=966421)[0m 2022-12-14 16:03:25,216	INFO algorithm.py:457 -- Current log_level is ERROR. For more information, set 'log_level': 'INFO' / 'DEBUG' or use the -v and -vv flags.
[2m[36m(pid=966581)[0m 
[2m[36m(pid=966580)[0m 
[2m[36m(RolloutWorker pid=966581)[0m E1214 16:03:35.301535513  966581 fork_posix.cc:70]           Fork support is only compatible with the epoll1 and poll polling strategies
[2m[36m(RolloutWorker pid=966581)[0m /home/accts/ahc49/.local/lib/python3.10/site-packages/torch/cuda/__init__.py:497: UserWarning: Can't initialize NVML
[2m[36m(RolloutWorker pid=966581)[0m   warnings.warn("Can't initialize NVML")
[2m[36m(RolloutWorker pid=966581)[0m E1214 16:03:35.327608954  966581 fork_posix.cc:70]           Fork support is only compatible with the epoll1 and poll polling strategies
[2m[36m(RolloutWorker pid=966581)[0m E1214 16:03:35.348040118  966581 fork_posix.cc:70]           Fork support is only compatible with the epoll1 and poll polling strategies
[2m[36m(RolloutWorker pid=966581)[0m E1214 16:03:35.368350243  966581 fork_posix.cc:70]           Fork support is only compatible with the epoll1 and poll polling strategies
[2m[36m(RolloutWorker pid=966580)[0m E1214 16:03:35.301543740  966580 fork_posix.cc:70]           Fork support is only compatible with the epoll1 and poll polling strategies
[2m[36m(RolloutWorker pid=966580)[0m /home/accts/ahc49/.local/lib/python3.10/site-packages/torch/cuda/__init__.py:497: UserWarning: Can't initialize NVML
[2m[36m(RolloutWorker pid=966580)[0m   warnings.warn("Can't initialize NVML")
[2m[36m(RolloutWorker pid=966580)[0m E1214 16:03:35.327609027  966580 fork_posix.cc:70]           Fork support is only compatible with the epoll1 and poll polling strategies
[2m[36m(RolloutWorker pid=966580)[0m E1214 16:03:35.348040211  966580 fork_posix.cc:70]           Fork support is only compatible with the epoll1 and poll polling strategies
[2m[36m(RolloutWorker pid=966580)[0m E1214 16:03:35.368350303  966580 fork_posix.cc:70]           Fork support is only compatible with the epoll1 and poll polling strategies
[2m[36m(RolloutWorker pid=966581)[0m E1214 16:03:35.388772603  966581 fork_posix.cc:70]           Fork support is only compatible with the epoll1 and poll polling strategies
[2m[36m(RolloutWorker pid=966581)[0m E1214 16:03:35.408553613  966581 fork_posix.cc:70]           Fork support is only compatible with the epoll1 and poll polling strategies
[2m[36m(RolloutWorker pid=966581)[0m E1214 16:03:35.428927249  966581 fork_posix.cc:70]           Fork support is only compatible with the epoll1 and poll polling strategies
[2m[36m(RolloutWorker pid=966581)[0m E1214 16:03:35.449282250  966581 fork_posix.cc:70]           Fork support is only compatible with the epoll1 and poll polling strategies
[2m[36m(RolloutWorker pid=966581)[0m E1214 16:03:35.469804348  966581 fork_posix.cc:70]           Fork support is only compatible with the epoll1 and poll polling strategies
[2m[36m(RolloutWorker pid=966580)[0m E1214 16:03:35.388773711  966580 fork_posix.cc:70]           Fork support is only compatible with the epoll1 and poll polling strategies
[2m[36m(RolloutWorker pid=966580)[0m E1214 16:03:35.408573568  966580 fork_posix.cc:70]           Fork support is only compatible with the epoll1 and poll polling strategies
[2m[36m(RolloutWorker pid=966580)[0m E1214 16:03:35.428931847  966580 fork_posix.cc:70]           Fork support is only compatible with the epoll1 and poll polling strategies
[2m[36m(RolloutWorker pid=966580)[0m E1214 16:03:35.449281902  966580 fork_posix.cc:70]           Fork support is only compatible with the epoll1 and poll polling strategies
[2m[36m(RolloutWorker pid=966580)[0m E1214 16:03:35.469804362  966580 fork_posix.cc:70]           Fork support is only compatible with the epoll1 and poll polling strategies
[2m[36m(PPO pid=966421)[0m E1214 16:03:35.856493302  966421 fork_posix.cc:70]           Fork support is only compatible with the epoll1 and poll polling strategies
[2m[36m(PPO pid=966421)[0m /home/accts/ahc49/.local/lib/python3.10/site-packages/torch/cuda/__init__.py:497: UserWarning: Can't initialize NVML
[2m[36m(PPO pid=966421)[0m   warnings.warn("Can't initialize NVML")
[2m[36m(PPO pid=966421)[0m E1214 16:03:35.880170872  966421 fork_posix.cc:70]           Fork support is only compatible with the epoll1 and poll polling strategies
[2m[36m(PPO pid=966421)[0m E1214 16:03:35.899001162  966421 fork_posix.cc:70]           Fork support is only compatible with the epoll1 and poll polling strategies
[2m[36m(PPO pid=966421)[0m E1214 16:03:35.917480615  966421 fork_posix.cc:70]           Fork support is only compatible with the epoll1 and poll polling strategies
[2m[36m(PPO pid=966421)[0m E1214 16:03:35.935953874  966421 fork_posix.cc:70]           Fork support is only compatible with the epoll1 and poll polling strategies
[2m[36m(PPO pid=966421)[0m E1214 16:03:35.954640873  966421 fork_posix.cc:70]           Fork support is only compatible with the epoll1 and poll polling strategies
[2m[36m(PPO pid=966421)[0m E1214 16:03:35.973127693  966421 fork_posix.cc:70]           Fork support is only compatible with the epoll1 and poll polling strategies
[2m[36m(PPO pid=966421)[0m E1214 16:03:35.991629512  966421 fork_posix.cc:70]           Fork support is only compatible with the epoll1 and poll polling strategies
[2m[36m(PPO pid=966421)[0m E1214 16:03:36.010279839  966421 fork_posix.cc:70]           Fork support is only compatible with the epoll1 and poll polling strategies
[2m[36m(PPO pid=966421)[0m 2022-12-14 16:03:36,406	INFO trainable.py:164 -- Trainable.setup took 11.199 seconds. If your trainable is slow to initialize, consider setting reuse_actors=True to reduce actor creation overheads.
[2m[36m(PPO pid=966421)[0m 2022-12-14 16:03:36,407	WARNING util.py:66 -- Install gputil for GPU system monitoring.
[2m[36m(RolloutWorker pid=966580)[0m /usr/lib64/python3.10/site-packages/numpy/core/_methods.py:179: RuntimeWarning: overflow encountered in reduce
[2m[36m(RolloutWorker pid=966580)[0m   ret = umr_sum(arr, axis, dtype, out, keepdims, where=where)
[2m[36m(pid=966970)[0m 
[2m[36m(PPO pid=966970)[0m 2022-12-14 16:03:45,121	INFO algorithm.py:457 -- Current log_level is ERROR. For more information, set 'log_level': 'INFO' / 'DEBUG' or use the -v and -vv flags.
[2m[36m(pid=967420)[0m 
[2m[36m(pid=967421)[0m 
[2m[36m(RolloutWorker pid=967421)[0m E1214 16:03:54.161925598  967421 fork_posix.cc:70]           Fork support is only compatible with the epoll1 and poll polling strategies
[2m[36m(RolloutWorker pid=967421)[0m /home/accts/ahc49/.local/lib/python3.10/site-packages/torch/cuda/__init__.py:497: UserWarning: Can't initialize NVML
[2m[36m(RolloutWorker pid=967421)[0m   warnings.warn("Can't initialize NVML")
[2m[36m(RolloutWorker pid=967421)[0m E1214 16:03:54.186098535  967421 fork_posix.cc:70]           Fork support is only compatible with the epoll1 and poll polling strategies
[2m[36m(RolloutWorker pid=967421)[0m E1214 16:03:54.204975058  967421 fork_posix.cc:70]           Fork support is only compatible with the epoll1 and poll polling strategies
[2m[36m(RolloutWorker pid=967420)[0m E1214 16:03:54.218697505  967420 fork_posix.cc:70]           Fork support is only compatible with the epoll1 and poll polling strategies
[2m[36m(RolloutWorker pid=967420)[0m /home/accts/ahc49/.local/lib/python3.10/site-packages/torch/cuda/__init__.py:497: UserWarning: Can't initialize NVML
[2m[36m(RolloutWorker pid=967420)[0m   warnings.warn("Can't initialize NVML")
[2m[36m(RolloutWorker pid=967420)[0m E1214 16:03:54.244336622  967420 fork_posix.cc:70]           Fork support is only compatible with the epoll1 and poll polling strategies
[2m[36m(RolloutWorker pid=967420)[0m E1214 16:03:54.263058577  967420 fork_posix.cc:70]           Fork support is only compatible with the epoll1 and poll polling strategies
[2m[36m(RolloutWorker pid=967420)[0m E1214 16:03:54.282076867  967420 fork_posix.cc:70]           Fork support is only compatible with the epoll1 and poll polling strategies
[2m[36m(RolloutWorker pid=967420)[0m E1214 16:03:54.301010180  967420 fork_posix.cc:70]           Fork support is only compatible with the epoll1 and poll polling strategies
[2m[36m(RolloutWorker pid=967420)[0m E1214 16:03:54.319569660  967420 fork_posix.cc:70]           Fork support is only compatible with the epoll1 and poll polling strategies
[2m[36m(RolloutWorker pid=967421)[0m E1214 16:03:54.226870999  967421 fork_posix.cc:70]           Fork support is only compatible with the epoll1 and poll polling strategies
[2m[36m(RolloutWorker pid=967421)[0m E1214 16:03:54.248276649  967421 fork_posix.cc:70]           Fork support is only compatible with the epoll1 and poll polling strategies
[2m[36m(RolloutWorker pid=967421)[0m E1214 16:03:54.267382369  967421 fork_posix.cc:70]           Fork support is only compatible with the epoll1 and poll polling strategies
[2m[36m(RolloutWorker pid=967421)[0m E1214 16:03:54.286348432  967421 fork_posix.cc:70]           Fork support is only compatible with the epoll1 and poll polling strategies
[2m[36m(RolloutWorker pid=967421)[0m E1214 16:03:54.305158291  967421 fork_posix.cc:70]           Fork support is only compatible with the epoll1 and poll polling strategies
[2m[36m(RolloutWorker pid=967421)[0m E1214 16:03:54.324045623  967421 fork_posix.cc:70]           Fork support is only compatible with the epoll1 and poll polling strategies
[2m[36m(RolloutWorker pid=967420)[0m E1214 16:03:54.339599081  967420 fork_posix.cc:70]           Fork support is only compatible with the epoll1 and poll polling strategies
[2m[36m(RolloutWorker pid=967420)[0m E1214 16:03:54.357908920  967420 fork_posix.cc:70]           Fork support is only compatible with the epoll1 and poll polling strategies
[2m[36m(RolloutWorker pid=967420)[0m E1214 16:03:54.375986078  967420 fork_posix.cc:70]           Fork support is only compatible with the epoll1 and poll polling strategies
[2m[36m(PPO pid=966970)[0m E1214 16:03:54.745064441  966970 fork_posix.cc:70]           Fork support is only compatible with the epoll1 and poll polling strategies
[2m[36m(PPO pid=966970)[0m /home/accts/ahc49/.local/lib/python3.10/site-packages/torch/cuda/__init__.py:497: UserWarning: Can't initialize NVML
[2m[36m(PPO pid=966970)[0m   warnings.warn("Can't initialize NVML")
[2m[36m(PPO pid=966970)[0m E1214 16:03:54.772908276  966970 fork_posix.cc:70]           Fork support is only compatible with the epoll1 and poll polling strategies
[2m[36m(PPO pid=966970)[0m E1214 16:03:54.794842141  966970 fork_posix.cc:70]           Fork support is only compatible with the epoll1 and poll polling strategies
[2m[36m(PPO pid=966970)[0m E1214 16:03:54.816327651  966970 fork_posix.cc:70]           Fork support is only compatible with the epoll1 and poll polling strategies
[2m[36m(PPO pid=966970)[0m E1214 16:03:54.837244510  966970 fork_posix.cc:70]           Fork support is only compatible with the epoll1 and poll polling strategies
[2m[36m(PPO pid=966970)[0m E1214 16:03:54.856170886  966970 fork_posix.cc:70]           Fork support is only compatible with the epoll1 and poll polling strategies
[2m[36m(PPO pid=966970)[0m E1214 16:03:54.874796870  966970 fork_posix.cc:70]           Fork support is only compatible with the epoll1 and poll polling strategies
[2m[36m(PPO pid=966970)[0m E1214 16:03:54.893444956  966970 fork_posix.cc:70]           Fork support is only compatible with the epoll1 and poll polling strategies
[2m[36m(PPO pid=966970)[0m E1214 16:03:54.912373465  966970 fork_posix.cc:70]           Fork support is only compatible with the epoll1 and poll polling strategies
[2m[36m(PPO pid=966970)[0m 2022-12-14 16:03:55,321	INFO trainable.py:164 -- Trainable.setup took 10.208 seconds. If your trainable is slow to initialize, consider setting reuse_actors=True to reduce actor creation overheads.
[2m[36m(PPO pid=966970)[0m 2022-12-14 16:03:55,322	WARNING util.py:66 -- Install gputil for GPU system monitoring.
[2m[36m(RolloutWorker pid=967420)[0m /usr/lib64/python3.10/site-packages/numpy/core/_methods.py:179: RuntimeWarning: overflow encountered in reduce
[2m[36m(RolloutWorker pid=967420)[0m   ret = umr_sum(arr, axis, dtype, out, keepdims, where=where)
[2m[36m(pid=967912)[0m 
[2m[36m(PPO pid=965646)[0m /usr/lib64/python3.10/site-packages/numpy/core/_methods.py:179: RuntimeWarning: overflow encountered in reduce
[2m[36m(PPO pid=965646)[0m   ret = umr_sum(arr, axis, dtype, out, keepdims, where=where)
[2m[36m(PPO pid=967912)[0m 2022-12-14 16:04:05,032	INFO algorithm.py:457 -- Current log_level is ERROR. For more information, set 'log_level': 'INFO' / 'DEBUG' or use the -v and -vv flags.
[2m[36m(pid=968244)[0m 
[2m[36m(pid=968243)[0m 
[2m[36m(RolloutWorker pid=968244)[0m E1214 16:04:14.001729321  968244 fork_posix.cc:70]           Fork support is only compatible with the epoll1 and poll polling strategies
[2m[36m(RolloutWorker pid=968244)[0m /home/accts/ahc49/.local/lib/python3.10/site-packages/torch/cuda/__init__.py:497: UserWarning: Can't initialize NVML
[2m[36m(RolloutWorker pid=968244)[0m   warnings.warn("Can't initialize NVML")
[2m[36m(RolloutWorker pid=968244)[0m E1214 16:04:14.032750052  968244 fork_posix.cc:70]           Fork support is only compatible with the epoll1 and poll polling strategies
[2m[36m(RolloutWorker pid=968244)[0m E1214 16:04:14.052484373  968244 fork_posix.cc:70]           Fork support is only compatible with the epoll1 and poll polling strategies
[2m[36m(RolloutWorker pid=968244)[0m E1214 16:04:14.071761391  968244 fork_posix.cc:70]           Fork support is only compatible with the epoll1 and poll polling strategies
[2m[36m(RolloutWorker pid=968244)[0m E1214 16:04:14.091939941  968244 fork_posix.cc:70]           Fork support is only compatible with the epoll1 and poll polling strategies
[2m[36m(RolloutWorker pid=968244)[0m E1214 16:04:14.111674784  968244 fork_posix.cc:70]           Fork support is only compatible with the epoll1 and poll polling strategies
[2m[36m(RolloutWorker pid=968244)[0m E1214 16:04:14.131438342  968244 fork_posix.cc:70]           Fork support is only compatible with the epoll1 and poll polling strategies
[2m[36m(RolloutWorker pid=968244)[0m E1214 16:04:14.151675455  968244 fork_posix.cc:70]           Fork support is only compatible with the epoll1 and poll polling strategies
[2m[36m(RolloutWorker pid=968244)[0m E1214 16:04:14.171721954  968244 fork_posix.cc:70]           Fork support is only compatible with the epoll1 and poll polling strategies
[2m[36m(RolloutWorker pid=968243)[0m E1214 16:04:14.160261483  968243 fork_posix.cc:70]           Fork support is only compatible with the epoll1 and poll polling strategies
[2m[36m(RolloutWorker pid=968243)[0m /home/accts/ahc49/.local/lib/python3.10/site-packages/torch/cuda/__init__.py:497: UserWarning: Can't initialize NVML
[2m[36m(RolloutWorker pid=968243)[0m   warnings.warn("Can't initialize NVML")
[2m[36m(RolloutWorker pid=968243)[0m E1214 16:04:14.189587583  968243 fork_posix.cc:70]           Fork support is only compatible with the epoll1 and poll polling strategies
[2m[36m(RolloutWorker pid=968243)[0m E1214 16:04:14.212999605  968243 fork_posix.cc:70]           Fork support is only compatible with the epoll1 and poll polling strategies
[2m[36m(RolloutWorker pid=968243)[0m E1214 16:04:14.236876303  968243 fork_posix.cc:70]           Fork support is only compatible with the epoll1 and poll polling strategies
[2m[36m(RolloutWorker pid=968243)[0m E1214 16:04:14.260156584  968243 fork_posix.cc:70]           Fork support is only compatible with the epoll1 and poll polling strategies
[2m[36m(RolloutWorker pid=968243)[0m E1214 16:04:14.290927933  968243 fork_posix.cc:70]           Fork support is only compatible with the epoll1 and poll polling strategies
[2m[36m(RolloutWorker pid=968243)[0m E1214 16:04:14.314364486  968243 fork_posix.cc:70]           Fork support is only compatible with the epoll1 and poll polling strategies
[2m[36m(RolloutWorker pid=968243)[0m E1214 16:04:14.338611314  968243 fork_posix.cc:70]           Fork support is only compatible with the epoll1 and poll polling strategies
[2m[36m(RolloutWorker pid=968243)[0m E1214 16:04:14.362191426  968243 fork_posix.cc:70]           Fork support is only compatible with the epoll1 and poll polling strategies
[2m[36m(PPO pid=967912)[0m E1214 16:04:14.754271346  967912 fork_posix.cc:70]           Fork support is only compatible with the epoll1 and poll polling strategies
[2m[36m(PPO pid=967912)[0m /home/accts/ahc49/.local/lib/python3.10/site-packages/torch/cuda/__init__.py:497: UserWarning: Can't initialize NVML
[2m[36m(PPO pid=967912)[0m   warnings.warn("Can't initialize NVML")
[2m[36m(PPO pid=967912)[0m E1214 16:04:14.787338803  967912 fork_posix.cc:70]           Fork support is only compatible with the epoll1 and poll polling strategies
[2m[36m(PPO pid=967912)[0m E1214 16:04:14.815419855  967912 fork_posix.cc:70]           Fork support is only compatible with the epoll1 and poll polling strategies
[2m[36m(PPO pid=967912)[0m E1214 16:04:14.838434411  967912 fork_posix.cc:70]           Fork support is only compatible with the epoll1 and poll polling strategies
[2m[36m(PPO pid=967912)[0m E1214 16:04:14.865624193  967912 fork_posix.cc:70]           Fork support is only compatible with the epoll1 and poll polling strategies
[2m[36m(PPO pid=967912)[0m E1214 16:04:14.888128143  967912 fork_posix.cc:70]           Fork support is only compatible with the epoll1 and poll polling strategies
[2m[36m(PPO pid=967912)[0m E1214 16:04:14.908280005  967912 fork_posix.cc:70]           Fork support is only compatible with the epoll1 and poll polling strategies
[2m[36m(PPO pid=967912)[0m E1214 16:04:14.933669381  967912 fork_posix.cc:70]           Fork support is only compatible with the epoll1 and poll polling strategies
[2m[36m(PPO pid=967912)[0m E1214 16:04:14.954371655  967912 fork_posix.cc:70]           Fork support is only compatible with the epoll1 and poll polling strategies
[2m[36m(PPO pid=967912)[0m 2022-12-14 16:04:15,363	INFO trainable.py:164 -- Trainable.setup took 10.339 seconds. If your trainable is slow to initialize, consider setting reuse_actors=True to reduce actor creation overheads.
[2m[36m(PPO pid=967912)[0m 2022-12-14 16:04:15,364	WARNING util.py:66 -- Install gputil for GPU system monitoring.
[2m[36m(RolloutWorker pid=968243)[0m /usr/lib64/python3.10/site-packages/numpy/core/_methods.py:179: RuntimeWarning: overflow encountered in reduce
[2m[36m(RolloutWorker pid=968243)[0m   ret = umr_sum(arr, axis, dtype, out, keepdims, where=where)
[2m[36m(PPO pid=965908)[0m /usr/lib64/python3.10/site-packages/numpy/core/_methods.py:179: RuntimeWarning: overflow encountered in reduce
[2m[36m(PPO pid=965908)[0m   ret = umr_sum(arr, axis, dtype, out, keepdims, where=where)
[2m[36m(PPO pid=966421)[0m /usr/lib64/python3.10/site-packages/numpy/core/_methods.py:179: RuntimeWarning: overflow encountered in reduce
[2m[36m(PPO pid=966421)[0m   ret = umr_sum(arr, axis, dtype, out, keepdims, where=where)
[2m[36m(PPO pid=966970)[0m /usr/lib64/python3.10/site-packages/numpy/core/_methods.py:179: RuntimeWarning: overflow encountered in reduce
[2m[36m(PPO pid=966970)[0m   ret = umr_sum(arr, axis, dtype, out, keepdims, where=where)
[2m[36m(PPO pid=967912)[0m /usr/lib64/python3.10/site-packages/numpy/core/_methods.py:179: RuntimeWarning: overflow encountered in reduce
[2m[36m(PPO pid=967912)[0m   ret = umr_sum(arr, axis, dtype, out, keepdims, where=where)
