nohup: ignoring input

E1214 22:12:39.499202657  502103 fork_posix.cc:70]           Fork support is only compatible with the epoll1 and poll polling strategies
E1214 22:12:39.550577091  502103 fork_posix.cc:70]           Fork support is only compatible with the epoll1 and poll polling strategies
E1214 22:12:41.108189330  502103 fork_posix.cc:70]           Fork support is only compatible with the epoll1 and poll polling strategies
E1214 22:12:41.149411662  502103 fork_posix.cc:70]           Fork support is only compatible with the epoll1 and poll polling strategies
2022-12-14 22:12:41,401	INFO worker.py:1528 -- Started a local Ray instance.
[2m[36m(pid=503250)[0m 
[2m[36m(PPO pid=503250)[0m 2022-12-14 22:12:51,675	INFO algorithm.py:2292 -- Executing eagerly (framework='tf2'), with eager_tracing=False. For production workloads, make sure to set eager_tracing=True  in order to match the speed of tf-static-graph (framework='tf'). For debugging purposes, `eager_tracing=False` is the best choice.
[2m[36m(PPO pid=503250)[0m 2022-12-14 22:12:51,677	INFO algorithm.py:457 -- Current log_level is ERROR. For more information, set 'log_level': 'INFO' / 'DEBUG' or use the -v and -vv flags.
[2m[36m(pid=503900)[0m 
[2m[36m(pid=503902)[0m 
[2m[36m(pid=503903)[0m 
[2m[36m(pid=503901)[0m 
[2m[36m(PPO pid=503250)[0m 2022-12-14 22:13:03,799	INFO trainable.py:164 -- Trainable.setup took 12.134 seconds. If your trainable is slow to initialize, consider setting reuse_actors=True to reduce actor creation overheads.
[2m[36m(PPO pid=503250)[0m 2022-12-14 22:13:03,800	WARNING util.py:66 -- Install gputil for GPU system monitoring.
[2m[36m(RolloutWorker pid=503900)[0m /usr/lib64/python3.10/site-packages/numpy/core/_methods.py:179: RuntimeWarning: overflow encountered in reduce
[2m[36m(RolloutWorker pid=503900)[0m   ret = umr_sum(arr, axis, dtype, out, keepdims, where=where)
[2m[36m(pid=505316)[0m 
[2m[36m(PPO pid=505316)[0m 2022-12-14 22:13:13,428	INFO algorithm.py:2292 -- Executing eagerly (framework='tf2'), with eager_tracing=False. For production workloads, make sure to set eager_tracing=True  in order to match the speed of tf-static-graph (framework='tf'). For debugging purposes, `eager_tracing=False` is the best choice.
[2m[36m(PPO pid=505316)[0m 2022-12-14 22:13:13,430	INFO algorithm.py:457 -- Current log_level is ERROR. For more information, set 'log_level': 'INFO' / 'DEBUG' or use the -v and -vv flags.
[2m[36m(pid=505749)[0m 
[2m[36m(pid=505748)[0m 
[2m[36m(pid=505750)[0m 
[2m[36m(pid=505751)[0m 
[2m[36m(PPO pid=505316)[0m 2022-12-14 22:13:29,357	INFO trainable.py:164 -- Trainable.setup took 15.939 seconds. If your trainable is slow to initialize, consider setting reuse_actors=True to reduce actor creation overheads.
[2m[36m(PPO pid=505316)[0m 2022-12-14 22:13:29,357	WARNING util.py:66 -- Install gputil for GPU system monitoring.
[2m[36m(RolloutWorker pid=505748)[0m /usr/lib64/python3.10/site-packages/numpy/core/_methods.py:179: RuntimeWarning: overflow encountered in reduce
[2m[36m(RolloutWorker pid=505748)[0m   ret = umr_sum(arr, axis, dtype, out, keepdims, where=where)
[2m[36m(pid=506649)[0m 
[2m[36m(PPO pid=506649)[0m 2022-12-14 22:13:44,356	INFO algorithm.py:2292 -- Executing eagerly (framework='tf2'), with eager_tracing=False. For production workloads, make sure to set eager_tracing=True  in order to match the speed of tf-static-graph (framework='tf'). For debugging purposes, `eager_tracing=False` is the best choice.
[2m[36m(PPO pid=506649)[0m 2022-12-14 22:13:44,366	INFO algorithm.py:457 -- Current log_level is ERROR. For more information, set 'log_level': 'INFO' / 'DEBUG' or use the -v and -vv flags.
[2m[36m(pid=507201)[0m 
[2m[36m(pid=507200)[0m 
[2m[36m(pid=507202)[0m 
[2m[36m(pid=507203)[0m 
[2m[36m(PPO pid=506649)[0m 2022-12-14 22:14:08,523	INFO trainable.py:164 -- Trainable.setup took 24.184 seconds. If your trainable is slow to initialize, consider setting reuse_actors=True to reduce actor creation overheads.
[2m[36m(PPO pid=506649)[0m 2022-12-14 22:14:08,523	WARNING util.py:66 -- Install gputil for GPU system monitoring.
[2m[36m(RolloutWorker pid=507200)[0m /usr/lib64/python3.10/site-packages/numpy/core/_methods.py:179: RuntimeWarning: overflow encountered in reduce
[2m[36m(RolloutWorker pid=507200)[0m   ret = umr_sum(arr, axis, dtype, out, keepdims, where=where)
[2m[33m(raylet)[0m *** SIGBUS received at time=1671074362 on cpu 10 ***
[2m[33m(raylet)[0m PC: @     0x561c476a5820  (unknown)  dlmalloc
[2m[33m(raylet)[0m     @     0x7f674803ea30       3344  (unknown)
[2m[33m(raylet)[0m     @     0x561c47696a88        112  plasma::PlasmaAllocator::Allocate()
[2m[33m(raylet)[0m     @     0x561c47698983        256  plasma::ObjectStore::CreateObject()
[2m[33m(raylet)[0m     @     0x561c476893b2        176  plasma::ObjectLifecycleManager::CreateObjectInternal()
[2m[33m(raylet)[0m     @     0x561c47689a92        112  plasma::ObjectLifecycleManager::CreateObject()
[2m[33m(raylet)[0m     @     0x561c47692e0e        128  plasma::PlasmaStore::CreateObject()
[2m[33m(raylet)[0m     @     0x561c476937df        304  plasma::PlasmaStore::HandleCreateObjectRequest()
[2m[33m(raylet)[0m     @     0x561c47698e1b         80  plasma::CreateRequestQueue::ProcessRequest()
[2m[33m(raylet)[0m     @     0x561c4769aab6        192  plasma::CreateRequestQueue::ProcessRequests()
[2m[33m(raylet)[0m     @     0x561c476919d1        224  plasma::PlasmaStore::ProcessCreateRequests()
[2m[33m(raylet)[0m     @     0x561c4769479d        448  plasma::PlasmaStore::ProcessMessage()
[2m[33m(raylet)[0m     @     0x561c4768bff5         32  std::_Function_handler<>::_M_invoke()
[2m[33m(raylet)[0m     @     0x561c476b10a3        176  std::_Function_handler<>::_M_invoke()
[2m[33m(raylet)[0m     @     0x561c477d0871        384  ray::ClientConnection::ProcessMessage()
[2m[33m(raylet)[0m     @     0x561c4780ccf6         80  EventTracker::RecordExecution()
[2m[33m(raylet)[0m     @     0x561c477ca507        160  boost::asio::detail::binder2<>::operator()()
[2m[33m(raylet)[0m     @     0x561c477cabd8        496  boost::asio::detail::reactive_socket_recv_op<>::do_complete()
[2m[33m(raylet)[0m     @     0x561c47d3abcb        128  boost::asio::detail::scheduler::do_run_one()
[2m[33m(raylet)[0m     @     0x561c47d3c391        192  boost::asio::detail::scheduler::run()
[2m[33m(raylet)[0m     @     0x561c47d3c5c0         64  boost::asio::io_context::run()
[2m[33m(raylet)[0m     @     0x561c4768b218        384  plasma::PlasmaStoreRunner::Start()
[2m[33m(raylet)[0m     @     0x561c47626375        208  std::thread::_State_impl<>::_M_run()
[2m[33m(raylet)[0m     @     0x561c47d8b2d0  (unknown)  execute_native_thread_routine
[2m[33m(raylet)[0m     @ ... and at least 3 more frames
[2m[33m(raylet)[0m [2022-12-14 22:19:22,643 E 502736 502753] (raylet) logging.cc:361: *** SIGBUS received at time=1671074362 on cpu 10 ***
[2m[33m(raylet)[0m [2022-12-14 22:19:22,643 E 502736 502753] (raylet) logging.cc:361: PC: @     0x561c476a5820  (unknown)  dlmalloc
[2m[33m(raylet)[0m [2022-12-14 22:19:22,644 E 502736 502753] (raylet) logging.cc:361:     @     0x7f674803ea30       3344  (unknown)
[2m[33m(raylet)[0m [2022-12-14 22:19:22,644 E 502736 502753] (raylet) logging.cc:361:     @     0x561c47696a88        112  plasma::PlasmaAllocator::Allocate()
[2m[33m(raylet)[0m [2022-12-14 22:19:22,644 E 502736 502753] (raylet) logging.cc:361:     @     0x561c47698983        256  plasma::ObjectStore::CreateObject()
[2m[33m(raylet)[0m [2022-12-14 22:19:22,644 E 502736 502753] (raylet) logging.cc:361:     @     0x561c476893b2        176  plasma::ObjectLifecycleManager::CreateObjectInternal()
[2m[33m(raylet)[0m [2022-12-14 22:19:22,644 E 502736 502753] (raylet) logging.cc:361:     @     0x561c47689a92        112  plasma::ObjectLifecycleManager::CreateObject()
[2m[33m(raylet)[0m [2022-12-14 22:19:22,644 E 502736 502753] (raylet) logging.cc:361:     @     0x561c47692e0e        128  plasma::PlasmaStore::CreateObject()
[2m[33m(raylet)[0m [2022-12-14 22:19:22,644 E 502736 502753] (raylet) logging.cc:361:     @     0x561c476937df        304  plasma::PlasmaStore::HandleCreateObjectRequest()
[2m[33m(raylet)[0m [2022-12-14 22:19:22,644 E 502736 502753] (raylet) logging.cc:361:     @     0x561c47698e1b         80  plasma::CreateRequestQueue::ProcessRequest()
[2m[33m(raylet)[0m [2022-12-14 22:19:22,644 E 502736 502753] (raylet) logging.cc:361:     @     0x561c4769aab6        192  plasma::CreateRequestQueue::ProcessRequests()
[2m[33m(raylet)[0m [2022-12-14 22:19:22,644 E 502736 502753] (raylet) logging.cc:361:     @     0x561c476919d1        224  plasma::PlasmaStore::ProcessCreateRequests()
[2m[33m(raylet)[0m [2022-12-14 22:19:22,644 E 502736 502753] (raylet) logging.cc:361:     @     0x561c4769479d        448  plasma::PlasmaStore::ProcessMessage()
[2m[33m(raylet)[0m [2022-12-14 22:19:22,644 E 502736 502753] (raylet) logging.cc:361:     @     0x561c4768bff5         32  std::_Function_handler<>::_M_invoke()
[2m[33m(raylet)[0m [2022-12-14 22:19:22,644 E 502736 502753] (raylet) logging.cc:361:     @     0x561c476b10a3        176  std::_Function_handler<>::_M_invoke()
[2m[33m(raylet)[0m [2022-12-14 22:19:22,644 E 502736 502753] (raylet) logging.cc:361:     @     0x561c477d0871        384  ray::ClientConnection::ProcessMessage()
[2m[33m(raylet)[0m [2022-12-14 22:19:22,644 E 502736 502753] (raylet) logging.cc:361:     @     0x561c4780ccf6         80  EventTracker::RecordExecution()
[2m[33m(raylet)[0m [2022-12-14 22:19:22,644 E 502736 502753] (raylet) logging.cc:361:     @     0x561c477ca507        160  boost::asio::detail::binder2<>::operator()()
[2m[33m(raylet)[0m [2022-12-14 22:19:22,644 E 502736 502753] (raylet) logging.cc:361:     @     0x561c477cabd8        496  boost::asio::detail::reactive_socket_recv_op<>::do_complete()
[2m[33m(raylet)[0m [2022-12-14 22:19:22,644 E 502736 502753] (raylet) logging.cc:361:     @     0x561c47d3abcb        128  boost::asio::detail::scheduler::do_run_one()
[2m[33m(raylet)[0m [2022-12-14 22:19:22,644 E 502736 502753] (raylet) logging.cc:361:     @     0x561c47d3c391        192  boost::asio::detail::scheduler::run()
[2m[33m(raylet)[0m [2022-12-14 22:19:22,644 E 502736 502753] (raylet) logging.cc:361:     @     0x561c47d3c5c0         64  boost::asio::io_context::run()
[2m[33m(raylet)[0m [2022-12-14 22:19:22,644 E 502736 502753] (raylet) logging.cc:361:     @     0x561c4768b218        384  plasma::PlasmaStoreRunner::Start()
[2m[33m(raylet)[0m [2022-12-14 22:19:22,644 E 502736 502753] (raylet) logging.cc:361:     @     0x561c47626375        208  std::thread::_State_impl<>::_M_run()
[2m[33m(raylet)[0m [2022-12-14 22:19:22,644 E 502736 502753] (raylet) logging.cc:361:     @     0x561c47d8b2d0  (unknown)  execute_native_thread_routine
[2m[33m(raylet)[0m [2022-12-14 22:19:22,644 E 502736 502753] (raylet) logging.cc:361:     @ ... and at least 3 more frames
Running with following CLI args: Namespace(num_candidates=5, num_employers=10, max_num_iters=10, max_budget=200, run='PPO', num_cpus=0, framework='tf2', stop_iters=20, stop_timesteps=1500000, checkpoint_freq=1, stop_reward=1000, local_mode=False, num_samples=3)
== Status ==
Current time: 2022-12-14 22:13:03 (running for 00:00:20.71)
Memory usage on this node: 15.4/62.4 GiB 
Using FIFO scheduling algorithm.
Resources requested: 5.0/16 CPUs, 0/1 GPUs, 0.0/33.12 GiB heap, 0.0/16.56 GiB objects (0.0/1.0 accelerator_type:P620)
Result logdir: /home/accts/ahc49/csec491/salary-negotation/ray_results/job_search_env/tf2/c5e10b200i10/PPO_2022-12-14_22-12-42
Number of trials: 3/3 (2 PENDING, 1 RUNNING)
+--------------------------------+----------+----------------------+
| Trial name                     | status   | loc                  |
|--------------------------------+----------+----------------------|
| PPO_job_search_env_5715b_00000 | RUNNING  | 128.36.232.16:503250 |
| PPO_job_search_env_5715b_00001 | PENDING  |                      |
| PPO_job_search_env_5715b_00002 | PENDING  |                      |
+--------------------------------+----------+----------------------+


== Status ==
Current time: 2022-12-14 22:13:29 (running for 00:00:46.29)
Memory usage on this node: 22.1/62.4 GiB 
Using FIFO scheduling algorithm.
Resources requested: 10.0/16 CPUs, 0/1 GPUs, 0.0/33.12 GiB heap, 0.0/16.56 GiB objects (0.0/1.0 accelerator_type:P620)
Result logdir: /home/accts/ahc49/csec491/salary-negotation/ray_results/job_search_env/tf2/c5e10b200i10/PPO_2022-12-14_22-12-42
Number of trials: 3/3 (1 PENDING, 2 RUNNING)
+--------------------------------+----------+----------------------+
| Trial name                     | status   | loc                  |
|--------------------------------+----------+----------------------|
| PPO_job_search_env_5715b_00000 | RUNNING  | 128.36.232.16:503250 |
| PPO_job_search_env_5715b_00001 | RUNNING  | 128.36.232.16:505316 |
| PPO_job_search_env_5715b_00002 | PENDING  |                      |
+--------------------------------+----------+----------------------+


== Status ==
Current time: 2022-12-14 22:14:08 (running for 00:01:25.46)
Memory usage on this node: 33.6/62.4 GiB 
Using FIFO scheduling algorithm.
Resources requested: 15.0/16 CPUs, 0/1 GPUs, 0.0/33.12 GiB heap, 0.0/16.56 GiB objects (0.0/1.0 accelerator_type:P620)
Result logdir: /home/accts/ahc49/csec491/salary-negotation/ray_results/job_search_env/tf2/c5e10b200i10/PPO_2022-12-14_22-12-42
Number of trials: 3/3 (3 RUNNING)
+--------------------------------+----------+----------------------+
| Trial name                     | status   | loc                  |
|--------------------------------+----------+----------------------|
| PPO_job_search_env_5715b_00000 | RUNNING  | 128.36.232.16:503250 |
| PPO_job_search_env_5715b_00001 | RUNNING  | 128.36.232.16:505316 |
| PPO_job_search_env_5715b_00002 | RUNNING  | 128.36.232.16:506649 |
+--------------------------------+----------+----------------------+


== Status ==
Current time: 2022-12-14 22:14:13 (running for 00:01:30.49)
Memory usage on this node: 32.9/62.4 GiB 
Using FIFO scheduling algorithm.
Resources requested: 15.0/16 CPUs, 0/1 GPUs, 0.0/33.12 GiB heap, 0.0/16.56 GiB objects (0.0/1.0 accelerator_type:P620)
Result logdir: /home/accts/ahc49/csec491/salary-negotation/ray_results/job_search_env/tf2/c5e10b200i10/PPO_2022-12-14_22-12-42
Number of trials: 3/3 (3 RUNNING)
+--------------------------------+----------+----------------------+
| Trial name                     | status   | loc                  |
|--------------------------------+----------+----------------------|
| PPO_job_search_env_5715b_00000 | RUNNING  | 128.36.232.16:503250 |
| PPO_job_search_env_5715b_00001 | RUNNING  | 128.36.232.16:505316 |
| PPO_job_search_env_5715b_00002 | RUNNING  | 128.36.232.16:506649 |
+--------------------------------+----------+----------------------+


== Status ==
Current time: 2022-12-14 22:14:18 (running for 00:01:35.49)
Memory usage on this node: 33.7/62.4 GiB 
Using FIFO scheduling algorithm.
Resources requested: 15.0/16 CPUs, 0/1 GPUs, 0.0/33.12 GiB heap, 0.0/16.56 GiB objects (0.0/1.0 accelerator_type:P620)
Result logdir: /home/accts/ahc49/csec491/salary-negotation/ray_results/job_search_env/tf2/c5e10b200i10/PPO_2022-12-14_22-12-42
Number of trials: 3/3 (3 RUNNING)
+--------------------------------+----------+----------------------+
| Trial name                     | status   | loc                  |
|--------------------------------+----------+----------------------|
| PPO_job_search_env_5715b_00000 | RUNNING  | 128.36.232.16:503250 |
| PPO_job_search_env_5715b_00001 | RUNNING  | 128.36.232.16:505316 |
| PPO_job_search_env_5715b_00002 | RUNNING  | 128.36.232.16:506649 |
+--------------------------------+----------+----------------------+


== Status ==
Current time: 2022-12-14 22:14:23 (running for 00:01:40.51)
Memory usage on this node: 34.1/62.4 GiB 
Using FIFO scheduling algorithm.
Resources requested: 15.0/16 CPUs, 0/1 GPUs, 0.0/33.12 GiB heap, 0.0/16.56 GiB objects (0.0/1.0 accelerator_type:P620)
Result logdir: /home/accts/ahc49/csec491/salary-negotation/ray_results/job_search_env/tf2/c5e10b200i10/PPO_2022-12-14_22-12-42
Number of trials: 3/3 (3 RUNNING)
+--------------------------------+----------+----------------------+
| Trial name                     | status   | loc                  |
|--------------------------------+----------+----------------------|
| PPO_job_search_env_5715b_00000 | RUNNING  | 128.36.232.16:503250 |
| PPO_job_search_env_5715b_00001 | RUNNING  | 128.36.232.16:505316 |
| PPO_job_search_env_5715b_00002 | RUNNING  | 128.36.232.16:506649 |
+--------------------------------+----------+----------------------+


== Status ==
Current time: 2022-12-14 22:14:28 (running for 00:01:45.51)
Memory usage on this node: 34.6/62.4 GiB 
Using FIFO scheduling algorithm.
Resources requested: 15.0/16 CPUs, 0/1 GPUs, 0.0/33.12 GiB heap, 0.0/16.56 GiB objects (0.0/1.0 accelerator_type:P620)
Result logdir: /home/accts/ahc49/csec491/salary-negotation/ray_results/job_search_env/tf2/c5e10b200i10/PPO_2022-12-14_22-12-42
Number of trials: 3/3 (3 RUNNING)
+--------------------------------+----------+----------------------+
| Trial name                     | status   | loc                  |
|--------------------------------+----------+----------------------|
| PPO_job_search_env_5715b_00000 | RUNNING  | 128.36.232.16:503250 |
| PPO_job_search_env_5715b_00001 | RUNNING  | 128.36.232.16:505316 |
| PPO_job_search_env_5715b_00002 | RUNNING  | 128.36.232.16:506649 |
+--------------------------------+----------+----------------------+


== Status ==
Current time: 2022-12-14 22:14:33 (running for 00:01:50.53)
Memory usage on this node: 35.6/62.4 GiB 
Using FIFO scheduling algorithm.
Resources requested: 15.0/16 CPUs, 0/1 GPUs, 0.0/33.12 GiB heap, 0.0/16.56 GiB objects (0.0/1.0 accelerator_type:P620)
Result logdir: /home/accts/ahc49/csec491/salary-negotation/ray_results/job_search_env/tf2/c5e10b200i10/PPO_2022-12-14_22-12-42
Number of trials: 3/3 (3 RUNNING)
+--------------------------------+----------+----------------------+
| Trial name                     | status   | loc                  |
|--------------------------------+----------+----------------------|
| PPO_job_search_env_5715b_00000 | RUNNING  | 128.36.232.16:503250 |
| PPO_job_search_env_5715b_00001 | RUNNING  | 128.36.232.16:505316 |
| PPO_job_search_env_5715b_00002 | RUNNING  | 128.36.232.16:506649 |
+--------------------------------+----------+----------------------+


== Status ==
Current time: 2022-12-14 22:14:38 (running for 00:01:55.53)
Memory usage on this node: 36.5/62.4 GiB 
Using FIFO scheduling algorithm.
Resources requested: 15.0/16 CPUs, 0/1 GPUs, 0.0/33.12 GiB heap, 0.0/16.56 GiB objects (0.0/1.0 accelerator_type:P620)
Result logdir: /home/accts/ahc49/csec491/salary-negotation/ray_results/job_search_env/tf2/c5e10b200i10/PPO_2022-12-14_22-12-42
Number of trials: 3/3 (3 RUNNING)
+--------------------------------+----------+----------------------+
| Trial name                     | status   | loc                  |
|--------------------------------+----------+----------------------|
| PPO_job_search_env_5715b_00000 | RUNNING  | 128.36.232.16:503250 |
| PPO_job_search_env_5715b_00001 | RUNNING  | 128.36.232.16:505316 |
| PPO_job_search_env_5715b_00002 | RUNNING  | 128.36.232.16:506649 |
+--------------------------------+----------+----------------------+


== Status ==
Current time: 2022-12-14 22:14:43 (running for 00:02:00.55)
Memory usage on this node: 36.5/62.4 GiB 
Using FIFO scheduling algorithm.
Resources requested: 15.0/16 CPUs, 0/1 GPUs, 0.0/33.12 GiB heap, 0.0/16.56 GiB objects (0.0/1.0 accelerator_type:P620)
Result logdir: /home/accts/ahc49/csec491/salary-negotation/ray_results/job_search_env/tf2/c5e10b200i10/PPO_2022-12-14_22-12-42
Number of trials: 3/3 (3 RUNNING)
+--------------------------------+----------+----------------------+
| Trial name                     | status   | loc                  |
|--------------------------------+----------+----------------------|
| PPO_job_search_env_5715b_00000 | RUNNING  | 128.36.232.16:503250 |
| PPO_job_search_env_5715b_00001 | RUNNING  | 128.36.232.16:505316 |
| PPO_job_search_env_5715b_00002 | RUNNING  | 128.36.232.16:506649 |
+--------------------------------+----------+----------------------+


== Status ==
Current time: 2022-12-14 22:14:48 (running for 00:02:05.55)
Memory usage on this node: 36.9/62.4 GiB 
Using FIFO scheduling algorithm.
Resources requested: 15.0/16 CPUs, 0/1 GPUs, 0.0/33.12 GiB heap, 0.0/16.56 GiB objects (0.0/1.0 accelerator_type:P620)
Result logdir: /home/accts/ahc49/csec491/salary-negotation/ray_results/job_search_env/tf2/c5e10b200i10/PPO_2022-12-14_22-12-42
Number of trials: 3/3 (3 RUNNING)
+--------------------------------+----------+----------------------+
| Trial name                     | status   | loc                  |
|--------------------------------+----------+----------------------|
| PPO_job_search_env_5715b_00000 | RUNNING  | 128.36.232.16:503250 |
| PPO_job_search_env_5715b_00001 | RUNNING  | 128.36.232.16:505316 |
| PPO_job_search_env_5715b_00002 | RUNNING  | 128.36.232.16:506649 |
+--------------------------------+----------+----------------------+


== Status ==
Current time: 2022-12-14 22:14:53 (running for 00:02:10.57)
Memory usage on this node: 37.7/62.4 GiB 
Using FIFO scheduling algorithm.
Resources requested: 15.0/16 CPUs, 0/1 GPUs, 0.0/33.12 GiB heap, 0.0/16.56 GiB objects (0.0/1.0 accelerator_type:P620)
Result logdir: /home/accts/ahc49/csec491/salary-negotation/ray_results/job_search_env/tf2/c5e10b200i10/PPO_2022-12-14_22-12-42
Number of trials: 3/3 (3 RUNNING)
+--------------------------------+----------+----------------------+
| Trial name                     | status   | loc                  |
|--------------------------------+----------+----------------------|
| PPO_job_search_env_5715b_00000 | RUNNING  | 128.36.232.16:503250 |
| PPO_job_search_env_5715b_00001 | RUNNING  | 128.36.232.16:505316 |
| PPO_job_search_env_5715b_00002 | RUNNING  | 128.36.232.16:506649 |
+--------------------------------+----------+----------------------+


== Status ==
Current time: 2022-12-14 22:14:58 (running for 00:02:15.57)
Memory usage on this node: 40.2/62.4 GiB 
Using FIFO scheduling algorithm.
Resources requested: 15.0/16 CPUs, 0/1 GPUs, 0.0/33.12 GiB heap, 0.0/16.56 GiB objects (0.0/1.0 accelerator_type:P620)
Result logdir: /home/accts/ahc49/csec491/salary-negotation/ray_results/job_search_env/tf2/c5e10b200i10/PPO_2022-12-14_22-12-42
Number of trials: 3/3 (3 RUNNING)
+--------------------------------+----------+----------------------+
| Trial name                     | status   | loc                  |
|--------------------------------+----------+----------------------|
| PPO_job_search_env_5715b_00000 | RUNNING  | 128.36.232.16:503250 |
| PPO_job_search_env_5715b_00001 | RUNNING  | 128.36.232.16:505316 |
| PPO_job_search_env_5715b_00002 | RUNNING  | 128.36.232.16:506649 |
+--------------------------------+----------+----------------------+


== Status ==
Current time: 2022-12-14 22:15:03 (running for 00:02:20.59)
Memory usage on this node: 39.9/62.4 GiB 
Using FIFO scheduling algorithm.
Resources requested: 15.0/16 CPUs, 0/1 GPUs, 0.0/33.12 GiB heap, 0.0/16.56 GiB objects (0.0/1.0 accelerator_type:P620)
Result logdir: /home/accts/ahc49/csec491/salary-negotation/ray_results/job_search_env/tf2/c5e10b200i10/PPO_2022-12-14_22-12-42
Number of trials: 3/3 (3 RUNNING)
+--------------------------------+----------+----------------------+
| Trial name                     | status   | loc                  |
|--------------------------------+----------+----------------------|
| PPO_job_search_env_5715b_00000 | RUNNING  | 128.36.232.16:503250 |
| PPO_job_search_env_5715b_00001 | RUNNING  | 128.36.232.16:505316 |
| PPO_job_search_env_5715b_00002 | RUNNING  | 128.36.232.16:506649 |
+--------------------------------+----------+----------------------+


== Status ==
Current time: 2022-12-14 22:15:08 (running for 00:02:25.59)
Memory usage on this node: 42.0/62.4 GiB 
Using FIFO scheduling algorithm.
Resources requested: 15.0/16 CPUs, 0/1 GPUs, 0.0/33.12 GiB heap, 0.0/16.56 GiB objects (0.0/1.0 accelerator_type:P620)
Result logdir: /home/accts/ahc49/csec491/salary-negotation/ray_results/job_search_env/tf2/c5e10b200i10/PPO_2022-12-14_22-12-42
Number of trials: 3/3 (3 RUNNING)
+--------------------------------+----------+----------------------+
| Trial name                     | status   | loc                  |
|--------------------------------+----------+----------------------|
| PPO_job_search_env_5715b_00000 | RUNNING  | 128.36.232.16:503250 |
| PPO_job_search_env_5715b_00001 | RUNNING  | 128.36.232.16:505316 |
| PPO_job_search_env_5715b_00002 | RUNNING  | 128.36.232.16:506649 |
+--------------------------------+----------+----------------------+


== Status ==
Current time: 2022-12-14 22:15:13 (running for 00:02:30.61)
Memory usage on this node: 41.2/62.4 GiB 
Using FIFO scheduling algorithm.
Resources requested: 15.0/16 CPUs, 0/1 GPUs, 0.0/33.12 GiB heap, 0.0/16.56 GiB objects (0.0/1.0 accelerator_type:P620)
Result logdir: /home/accts/ahc49/csec491/salary-negotation/ray_results/job_search_env/tf2/c5e10b200i10/PPO_2022-12-14_22-12-42
Number of trials: 3/3 (3 RUNNING)
+--------------------------------+----------+----------------------+
| Trial name                     | status   | loc                  |
|--------------------------------+----------+----------------------|
| PPO_job_search_env_5715b_00000 | RUNNING  | 128.36.232.16:503250 |
| PPO_job_search_env_5715b_00001 | RUNNING  | 128.36.232.16:505316 |
| PPO_job_search_env_5715b_00002 | RUNNING  | 128.36.232.16:506649 |
+--------------------------------+----------+----------------------+


== Status ==
Current time: 2022-12-14 22:15:18 (running for 00:02:35.61)
Memory usage on this node: 41.3/62.4 GiB 
Using FIFO scheduling algorithm.
Resources requested: 15.0/16 CPUs, 0/1 GPUs, 0.0/33.12 GiB heap, 0.0/16.56 GiB objects (0.0/1.0 accelerator_type:P620)
Result logdir: /home/accts/ahc49/csec491/salary-negotation/ray_results/job_search_env/tf2/c5e10b200i10/PPO_2022-12-14_22-12-42
Number of trials: 3/3 (3 RUNNING)
+--------------------------------+----------+----------------------+
| Trial name                     | status   | loc                  |
|--------------------------------+----------+----------------------|
| PPO_job_search_env_5715b_00000 | RUNNING  | 128.36.232.16:503250 |
| PPO_job_search_env_5715b_00001 | RUNNING  | 128.36.232.16:505316 |
| PPO_job_search_env_5715b_00002 | RUNNING  | 128.36.232.16:506649 |
+--------------------------------+----------+----------------------+


== Status ==
Current time: 2022-12-14 22:15:23 (running for 00:02:40.64)
Memory usage on this node: 41.7/62.4 GiB 
Using FIFO scheduling algorithm.
Resources requested: 15.0/16 CPUs, 0/1 GPUs, 0.0/33.12 GiB heap, 0.0/16.56 GiB objects (0.0/1.0 accelerator_type:P620)
Result logdir: /home/accts/ahc49/csec491/salary-negotation/ray_results/job_search_env/tf2/c5e10b200i10/PPO_2022-12-14_22-12-42
Number of trials: 3/3 (3 RUNNING)
+--------------------------------+----------+----------------------+
| Trial name                     | status   | loc                  |
|--------------------------------+----------+----------------------|
| PPO_job_search_env_5715b_00000 | RUNNING  | 128.36.232.16:503250 |
| PPO_job_search_env_5715b_00001 | RUNNING  | 128.36.232.16:505316 |
| PPO_job_search_env_5715b_00002 | RUNNING  | 128.36.232.16:506649 |
+--------------------------------+----------+----------------------+


== Status ==
Current time: 2022-12-14 22:15:28 (running for 00:02:45.64)
Memory usage on this node: 42.4/62.4 GiB 
Using FIFO scheduling algorithm.
Resources requested: 15.0/16 CPUs, 0/1 GPUs, 0.0/33.12 GiB heap, 0.0/16.56 GiB objects (0.0/1.0 accelerator_type:P620)
Result logdir: /home/accts/ahc49/csec491/salary-negotation/ray_results/job_search_env/tf2/c5e10b200i10/PPO_2022-12-14_22-12-42
Number of trials: 3/3 (3 RUNNING)
+--------------------------------+----------+----------------------+
| Trial name                     | status   | loc                  |
|--------------------------------+----------+----------------------|
| PPO_job_search_env_5715b_00000 | RUNNING  | 128.36.232.16:503250 |
| PPO_job_search_env_5715b_00001 | RUNNING  | 128.36.232.16:505316 |
| PPO_job_search_env_5715b_00002 | RUNNING  | 128.36.232.16:506649 |
+--------------------------------+----------+----------------------+


== Status ==
Current time: 2022-12-14 22:15:33 (running for 00:02:50.66)
Memory usage on this node: 44.5/62.4 GiB 
Using FIFO scheduling algorithm.
Resources requested: 15.0/16 CPUs, 0/1 GPUs, 0.0/33.12 GiB heap, 0.0/16.56 GiB objects (0.0/1.0 accelerator_type:P620)
Result logdir: /home/accts/ahc49/csec491/salary-negotation/ray_results/job_search_env/tf2/c5e10b200i10/PPO_2022-12-14_22-12-42
Number of trials: 3/3 (3 RUNNING)
+--------------------------------+----------+----------------------+
| Trial name                     | status   | loc                  |
|--------------------------------+----------+----------------------|
| PPO_job_search_env_5715b_00000 | RUNNING  | 128.36.232.16:503250 |
| PPO_job_search_env_5715b_00001 | RUNNING  | 128.36.232.16:505316 |
| PPO_job_search_env_5715b_00002 | RUNNING  | 128.36.232.16:506649 |
+--------------------------------+----------+----------------------+


== Status ==
Current time: 2022-12-14 22:15:38 (running for 00:02:55.67)
Memory usage on this node: 47.1/62.4 GiB 
Using FIFO scheduling algorithm.
Resources requested: 15.0/16 CPUs, 0/1 GPUs, 0.0/33.12 GiB heap, 0.0/16.56 GiB objects (0.0/1.0 accelerator_type:P620)
Result logdir: /home/accts/ahc49/csec491/salary-negotation/ray_results/job_search_env/tf2/c5e10b200i10/PPO_2022-12-14_22-12-42
Number of trials: 3/3 (3 RUNNING)
+--------------------------------+----------+----------------------+
| Trial name                     | status   | loc                  |
|--------------------------------+----------+----------------------|
| PPO_job_search_env_5715b_00000 | RUNNING  | 128.36.232.16:503250 |
| PPO_job_search_env_5715b_00001 | RUNNING  | 128.36.232.16:505316 |
| PPO_job_search_env_5715b_00002 | RUNNING  | 128.36.232.16:506649 |
+--------------------------------+----------+----------------------+


== Status ==
Current time: 2022-12-14 22:15:43 (running for 00:03:00.69)
Memory usage on this node: 47.1/62.4 GiB 
Using FIFO scheduling algorithm.
Resources requested: 15.0/16 CPUs, 0/1 GPUs, 0.0/33.12 GiB heap, 0.0/16.56 GiB objects (0.0/1.0 accelerator_type:P620)
Result logdir: /home/accts/ahc49/csec491/salary-negotation/ray_results/job_search_env/tf2/c5e10b200i10/PPO_2022-12-14_22-12-42
Number of trials: 3/3 (3 RUNNING)
+--------------------------------+----------+----------------------+
| Trial name                     | status   | loc                  |
|--------------------------------+----------+----------------------|
| PPO_job_search_env_5715b_00000 | RUNNING  | 128.36.232.16:503250 |
| PPO_job_search_env_5715b_00001 | RUNNING  | 128.36.232.16:505316 |
| PPO_job_search_env_5715b_00002 | RUNNING  | 128.36.232.16:506649 |
+--------------------------------+----------+----------------------+


== Status ==
Current time: 2022-12-14 22:15:48 (running for 00:03:05.70)
Memory usage on this node: 48.0/62.4 GiB 
Using FIFO scheduling algorithm.
Resources requested: 15.0/16 CPUs, 0/1 GPUs, 0.0/33.12 GiB heap, 0.0/16.56 GiB objects (0.0/1.0 accelerator_type:P620)
Result logdir: /home/accts/ahc49/csec491/salary-negotation/ray_results/job_search_env/tf2/c5e10b200i10/PPO_2022-12-14_22-12-42
Number of trials: 3/3 (3 RUNNING)
+--------------------------------+----------+----------------------+
| Trial name                     | status   | loc                  |
|--------------------------------+----------+----------------------|
| PPO_job_search_env_5715b_00000 | RUNNING  | 128.36.232.16:503250 |
| PPO_job_search_env_5715b_00001 | RUNNING  | 128.36.232.16:505316 |
| PPO_job_search_env_5715b_00002 | RUNNING  | 128.36.232.16:506649 |
+--------------------------------+----------+----------------------+


== Status ==
Current time: 2022-12-14 22:15:53 (running for 00:03:10.72)
Memory usage on this node: 48.9/62.4 GiB 
Using FIFO scheduling algorithm.
Resources requested: 15.0/16 CPUs, 0/1 GPUs, 0.0/33.12 GiB heap, 0.0/16.56 GiB objects (0.0/1.0 accelerator_type:P620)
Result logdir: /home/accts/ahc49/csec491/salary-negotation/ray_results/job_search_env/tf2/c5e10b200i10/PPO_2022-12-14_22-12-42
Number of trials: 3/3 (3 RUNNING)
+--------------------------------+----------+----------------------+
| Trial name                     | status   | loc                  |
|--------------------------------+----------+----------------------|
| PPO_job_search_env_5715b_00000 | RUNNING  | 128.36.232.16:503250 |
| PPO_job_search_env_5715b_00001 | RUNNING  | 128.36.232.16:505316 |
| PPO_job_search_env_5715b_00002 | RUNNING  | 128.36.232.16:506649 |
+--------------------------------+----------+----------------------+


== Status ==
Current time: 2022-12-14 22:15:58 (running for 00:03:15.73)
Memory usage on this node: 49.1/62.4 GiB 
Using FIFO scheduling algorithm.
Resources requested: 15.0/16 CPUs, 0/1 GPUs, 0.0/33.12 GiB heap, 0.0/16.56 GiB objects (0.0/1.0 accelerator_type:P620)
Result logdir: /home/accts/ahc49/csec491/salary-negotation/ray_results/job_search_env/tf2/c5e10b200i10/PPO_2022-12-14_22-12-42
Number of trials: 3/3 (3 RUNNING)
+--------------------------------+----------+----------------------+
| Trial name                     | status   | loc                  |
|--------------------------------+----------+----------------------|
| PPO_job_search_env_5715b_00000 | RUNNING  | 128.36.232.16:503250 |
| PPO_job_search_env_5715b_00001 | RUNNING  | 128.36.232.16:505316 |
| PPO_job_search_env_5715b_00002 | RUNNING  | 128.36.232.16:506649 |
+--------------------------------+----------+----------------------+


== Status ==
Current time: 2022-12-14 22:16:03 (running for 00:03:20.76)
Memory usage on this node: 49.4/62.4 GiB 
Using FIFO scheduling algorithm.
Resources requested: 15.0/16 CPUs, 0/1 GPUs, 0.0/33.12 GiB heap, 0.0/16.56 GiB objects (0.0/1.0 accelerator_type:P620)
Result logdir: /home/accts/ahc49/csec491/salary-negotation/ray_results/job_search_env/tf2/c5e10b200i10/PPO_2022-12-14_22-12-42
Number of trials: 3/3 (3 RUNNING)
+--------------------------------+----------+----------------------+
| Trial name                     | status   | loc                  |
|--------------------------------+----------+----------------------|
| PPO_job_search_env_5715b_00000 | RUNNING  | 128.36.232.16:503250 |
| PPO_job_search_env_5715b_00001 | RUNNING  | 128.36.232.16:505316 |
| PPO_job_search_env_5715b_00002 | RUNNING  | 128.36.232.16:506649 |
+--------------------------------+----------+----------------------+


== Status ==
Current time: 2022-12-14 22:16:08 (running for 00:03:25.77)
Memory usage on this node: 50.5/62.4 GiB 
Using FIFO scheduling algorithm.
Resources requested: 15.0/16 CPUs, 0/1 GPUs, 0.0/33.12 GiB heap, 0.0/16.56 GiB objects (0.0/1.0 accelerator_type:P620)
Result logdir: /home/accts/ahc49/csec491/salary-negotation/ray_results/job_search_env/tf2/c5e10b200i10/PPO_2022-12-14_22-12-42
Number of trials: 3/3 (3 RUNNING)
+--------------------------------+----------+----------------------+
| Trial name                     | status   | loc                  |
|--------------------------------+----------+----------------------|
| PPO_job_search_env_5715b_00000 | RUNNING  | 128.36.232.16:503250 |
| PPO_job_search_env_5715b_00001 | RUNNING  | 128.36.232.16:505316 |
| PPO_job_search_env_5715b_00002 | RUNNING  | 128.36.232.16:506649 |
+--------------------------------+----------+----------------------+


== Status ==
Current time: 2022-12-14 22:16:13 (running for 00:03:30.79)
Memory usage on this node: 50.3/62.4 GiB 
Using FIFO scheduling algorithm.
Resources requested: 15.0/16 CPUs, 0/1 GPUs, 0.0/33.12 GiB heap, 0.0/16.56 GiB objects (0.0/1.0 accelerator_type:P620)
Result logdir: /home/accts/ahc49/csec491/salary-negotation/ray_results/job_search_env/tf2/c5e10b200i10/PPO_2022-12-14_22-12-42
Number of trials: 3/3 (3 RUNNING)
+--------------------------------+----------+----------------------+
| Trial name                     | status   | loc                  |
|--------------------------------+----------+----------------------|
| PPO_job_search_env_5715b_00000 | RUNNING  | 128.36.232.16:503250 |
| PPO_job_search_env_5715b_00001 | RUNNING  | 128.36.232.16:505316 |
| PPO_job_search_env_5715b_00002 | RUNNING  | 128.36.232.16:506649 |
+--------------------------------+----------+----------------------+


== Status ==
Current time: 2022-12-14 22:16:18 (running for 00:03:35.79)
Memory usage on this node: 49.9/62.4 GiB 
Using FIFO scheduling algorithm.
Resources requested: 15.0/16 CPUs, 0/1 GPUs, 0.0/33.12 GiB heap, 0.0/16.56 GiB objects (0.0/1.0 accelerator_type:P620)
Result logdir: /home/accts/ahc49/csec491/salary-negotation/ray_results/job_search_env/tf2/c5e10b200i10/PPO_2022-12-14_22-12-42
Number of trials: 3/3 (3 RUNNING)
+--------------------------------+----------+----------------------+
| Trial name                     | status   | loc                  |
|--------------------------------+----------+----------------------|
| PPO_job_search_env_5715b_00000 | RUNNING  | 128.36.232.16:503250 |
| PPO_job_search_env_5715b_00001 | RUNNING  | 128.36.232.16:505316 |
| PPO_job_search_env_5715b_00002 | RUNNING  | 128.36.232.16:506649 |
+--------------------------------+----------+----------------------+


== Status ==
Current time: 2022-12-14 22:16:23 (running for 00:03:40.82)
Memory usage on this node: 50.9/62.4 GiB 
Using FIFO scheduling algorithm.
Resources requested: 15.0/16 CPUs, 0/1 GPUs, 0.0/33.12 GiB heap, 0.0/16.56 GiB objects (0.0/1.0 accelerator_type:P620)
Result logdir: /home/accts/ahc49/csec491/salary-negotation/ray_results/job_search_env/tf2/c5e10b200i10/PPO_2022-12-14_22-12-42
Number of trials: 3/3 (3 RUNNING)
+--------------------------------+----------+----------------------+
| Trial name                     | status   | loc                  |
|--------------------------------+----------+----------------------|
| PPO_job_search_env_5715b_00000 | RUNNING  | 128.36.232.16:503250 |
| PPO_job_search_env_5715b_00001 | RUNNING  | 128.36.232.16:505316 |
| PPO_job_search_env_5715b_00002 | RUNNING  | 128.36.232.16:506649 |
+--------------------------------+----------+----------------------+


== Status ==
Current time: 2022-12-14 22:16:28 (running for 00:03:45.82)
Memory usage on this node: 52.3/62.4 GiB 
Using FIFO scheduling algorithm.
Resources requested: 15.0/16 CPUs, 0/1 GPUs, 0.0/33.12 GiB heap, 0.0/16.56 GiB objects (0.0/1.0 accelerator_type:P620)
Result logdir: /home/accts/ahc49/csec491/salary-negotation/ray_results/job_search_env/tf2/c5e10b200i10/PPO_2022-12-14_22-12-42
Number of trials: 3/3 (3 RUNNING)
+--------------------------------+----------+----------------------+
| Trial name                     | status   | loc                  |
|--------------------------------+----------+----------------------|
| PPO_job_search_env_5715b_00000 | RUNNING  | 128.36.232.16:503250 |
| PPO_job_search_env_5715b_00001 | RUNNING  | 128.36.232.16:505316 |
| PPO_job_search_env_5715b_00002 | RUNNING  | 128.36.232.16:506649 |
+--------------------------------+----------+----------------------+


== Status ==
Current time: 2022-12-14 22:16:33 (running for 00:03:50.84)
Memory usage on this node: 52.8/62.4 GiB 
Using FIFO scheduling algorithm.
Resources requested: 15.0/16 CPUs, 0/1 GPUs, 0.0/33.12 GiB heap, 0.0/16.56 GiB objects (0.0/1.0 accelerator_type:P620)
Result logdir: /home/accts/ahc49/csec491/salary-negotation/ray_results/job_search_env/tf2/c5e10b200i10/PPO_2022-12-14_22-12-42
Number of trials: 3/3 (3 RUNNING)
+--------------------------------+----------+----------------------+
| Trial name                     | status   | loc                  |
|--------------------------------+----------+----------------------|
| PPO_job_search_env_5715b_00000 | RUNNING  | 128.36.232.16:503250 |
| PPO_job_search_env_5715b_00001 | RUNNING  | 128.36.232.16:505316 |
| PPO_job_search_env_5715b_00002 | RUNNING  | 128.36.232.16:506649 |
+--------------------------------+----------+----------------------+


== Status ==
Current time: 2022-12-14 22:16:38 (running for 00:03:55.85)
Memory usage on this node: 52.0/62.4 GiB 
Using FIFO scheduling algorithm.
Resources requested: 15.0/16 CPUs, 0/1 GPUs, 0.0/33.12 GiB heap, 0.0/16.56 GiB objects (0.0/1.0 accelerator_type:P620)
Result logdir: /home/accts/ahc49/csec491/salary-negotation/ray_results/job_search_env/tf2/c5e10b200i10/PPO_2022-12-14_22-12-42
Number of trials: 3/3 (3 RUNNING)
+--------------------------------+----------+----------------------+
| Trial name                     | status   | loc                  |
|--------------------------------+----------+----------------------|
| PPO_job_search_env_5715b_00000 | RUNNING  | 128.36.232.16:503250 |
| PPO_job_search_env_5715b_00001 | RUNNING  | 128.36.232.16:505316 |
| PPO_job_search_env_5715b_00002 | RUNNING  | 128.36.232.16:506649 |
+--------------------------------+----------+----------------------+


== Status ==
Current time: 2022-12-14 22:16:43 (running for 00:04:00.87)
Memory usage on this node: 53.4/62.4 GiB 
Using FIFO scheduling algorithm.
Resources requested: 15.0/16 CPUs, 0/1 GPUs, 0.0/33.12 GiB heap, 0.0/16.56 GiB objects (0.0/1.0 accelerator_type:P620)
Result logdir: /home/accts/ahc49/csec491/salary-negotation/ray_results/job_search_env/tf2/c5e10b200i10/PPO_2022-12-14_22-12-42
Number of trials: 3/3 (3 RUNNING)
+--------------------------------+----------+----------------------+
| Trial name                     | status   | loc                  |
|--------------------------------+----------+----------------------|
| PPO_job_search_env_5715b_00000 | RUNNING  | 128.36.232.16:503250 |
| PPO_job_search_env_5715b_00001 | RUNNING  | 128.36.232.16:505316 |
| PPO_job_search_env_5715b_00002 | RUNNING  | 128.36.232.16:506649 |
+--------------------------------+----------+----------------------+


== Status ==
Current time: 2022-12-14 22:16:49 (running for 00:04:05.91)
Memory usage on this node: 54.3/62.4 GiB 
Using FIFO scheduling algorithm.
Resources requested: 15.0/16 CPUs, 0/1 GPUs, 0.0/33.12 GiB heap, 0.0/16.56 GiB objects (0.0/1.0 accelerator_type:P620)
Result logdir: /home/accts/ahc49/csec491/salary-negotation/ray_results/job_search_env/tf2/c5e10b200i10/PPO_2022-12-14_22-12-42
Number of trials: 3/3 (3 RUNNING)
+--------------------------------+----------+----------------------+
| Trial name                     | status   | loc                  |
|--------------------------------+----------+----------------------|
| PPO_job_search_env_5715b_00000 | RUNNING  | 128.36.232.16:503250 |
| PPO_job_search_env_5715b_00001 | RUNNING  | 128.36.232.16:505316 |
| PPO_job_search_env_5715b_00002 | RUNNING  | 128.36.232.16:506649 |
+--------------------------------+----------+----------------------+


== Status ==
Current time: 2022-12-14 22:16:54 (running for 00:04:10.93)
Memory usage on this node: 54.3/62.4 GiB 
Using FIFO scheduling algorithm.
Resources requested: 15.0/16 CPUs, 0/1 GPUs, 0.0/33.12 GiB heap, 0.0/16.56 GiB objects (0.0/1.0 accelerator_type:P620)
Result logdir: /home/accts/ahc49/csec491/salary-negotation/ray_results/job_search_env/tf2/c5e10b200i10/PPO_2022-12-14_22-12-42
Number of trials: 3/3 (3 RUNNING)
+--------------------------------+----------+----------------------+
| Trial name                     | status   | loc                  |
|--------------------------------+----------+----------------------|
| PPO_job_search_env_5715b_00000 | RUNNING  | 128.36.232.16:503250 |
| PPO_job_search_env_5715b_00001 | RUNNING  | 128.36.232.16:505316 |
| PPO_job_search_env_5715b_00002 | RUNNING  | 128.36.232.16:506649 |
+--------------------------------+----------+----------------------+


== Status ==
Current time: 2022-12-14 22:16:59 (running for 00:04:15.93)
Memory usage on this node: 54.3/62.4 GiB 
Using FIFO scheduling algorithm.
Resources requested: 15.0/16 CPUs, 0/1 GPUs, 0.0/33.12 GiB heap, 0.0/16.56 GiB objects (0.0/1.0 accelerator_type:P620)
Result logdir: /home/accts/ahc49/csec491/salary-negotation/ray_results/job_search_env/tf2/c5e10b200i10/PPO_2022-12-14_22-12-42
Number of trials: 3/3 (3 RUNNING)
+--------------------------------+----------+----------------------+
| Trial name                     | status   | loc                  |
|--------------------------------+----------+----------------------|
| PPO_job_search_env_5715b_00000 | RUNNING  | 128.36.232.16:503250 |
| PPO_job_search_env_5715b_00001 | RUNNING  | 128.36.232.16:505316 |
| PPO_job_search_env_5715b_00002 | RUNNING  | 128.36.232.16:506649 |
+--------------------------------+----------+----------------------+


== Status ==
Current time: 2022-12-14 22:17:04 (running for 00:04:20.95)
Memory usage on this node: 53.5/62.4 GiB 
Using FIFO scheduling algorithm.
Resources requested: 15.0/16 CPUs, 0/1 GPUs, 0.0/33.12 GiB heap, 0.0/16.56 GiB objects (0.0/1.0 accelerator_type:P620)
Result logdir: /home/accts/ahc49/csec491/salary-negotation/ray_results/job_search_env/tf2/c5e10b200i10/PPO_2022-12-14_22-12-42
Number of trials: 3/3 (3 RUNNING)
+--------------------------------+----------+----------------------+
| Trial name                     | status   | loc                  |
|--------------------------------+----------+----------------------|
| PPO_job_search_env_5715b_00000 | RUNNING  | 128.36.232.16:503250 |
| PPO_job_search_env_5715b_00001 | RUNNING  | 128.36.232.16:505316 |
| PPO_job_search_env_5715b_00002 | RUNNING  | 128.36.232.16:506649 |
+--------------------------------+----------+----------------------+


== Status ==
Current time: 2022-12-14 22:17:09 (running for 00:04:25.96)
Memory usage on this node: 54.3/62.4 GiB 
Using FIFO scheduling algorithm.
Resources requested: 15.0/16 CPUs, 0/1 GPUs, 0.0/33.12 GiB heap, 0.0/16.56 GiB objects (0.0/1.0 accelerator_type:P620)
Result logdir: /home/accts/ahc49/csec491/salary-negotation/ray_results/job_search_env/tf2/c5e10b200i10/PPO_2022-12-14_22-12-42
Number of trials: 3/3 (3 RUNNING)
+--------------------------------+----------+----------------------+
| Trial name                     | status   | loc                  |
|--------------------------------+----------+----------------------|
| PPO_job_search_env_5715b_00000 | RUNNING  | 128.36.232.16:503250 |
| PPO_job_search_env_5715b_00001 | RUNNING  | 128.36.232.16:505316 |
| PPO_job_search_env_5715b_00002 | RUNNING  | 128.36.232.16:506649 |
+--------------------------------+----------+----------------------+


== Status ==
Current time: 2022-12-14 22:17:14 (running for 00:04:30.98)
Memory usage on this node: 55.3/62.4 GiB 
Using FIFO scheduling algorithm.
Resources requested: 15.0/16 CPUs, 0/1 GPUs, 0.0/33.12 GiB heap, 0.0/16.56 GiB objects (0.0/1.0 accelerator_type:P620)
Result logdir: /home/accts/ahc49/csec491/salary-negotation/ray_results/job_search_env/tf2/c5e10b200i10/PPO_2022-12-14_22-12-42
Number of trials: 3/3 (3 RUNNING)
+--------------------------------+----------+----------------------+
| Trial name                     | status   | loc                  |
|--------------------------------+----------+----------------------|
| PPO_job_search_env_5715b_00000 | RUNNING  | 128.36.232.16:503250 |
| PPO_job_search_env_5715b_00001 | RUNNING  | 128.36.232.16:505316 |
| PPO_job_search_env_5715b_00002 | RUNNING  | 128.36.232.16:506649 |
+--------------------------------+----------+----------------------+


== Status ==
Current time: 2022-12-14 22:17:19 (running for 00:04:35.99)
Memory usage on this node: 56.8/62.4 GiB : ***LOW MEMORY*** less than 10% of the memory on this node is available for use. This can cause unexpected crashes. Consider reducing the memory used by your application or reducing the Ray object store size by setting `object_store_memory` when calling `ray.init`.
Using FIFO scheduling algorithm.
Resources requested: 15.0/16 CPUs, 0/1 GPUs, 0.0/33.12 GiB heap, 0.0/16.56 GiB objects (0.0/1.0 accelerator_type:P620)
Result logdir: /home/accts/ahc49/csec491/salary-negotation/ray_results/job_search_env/tf2/c5e10b200i10/PPO_2022-12-14_22-12-42
Number of trials: 3/3 (3 RUNNING)
+--------------------------------+----------+----------------------+
| Trial name                     | status   | loc                  |
|--------------------------------+----------+----------------------|
| PPO_job_search_env_5715b_00000 | RUNNING  | 128.36.232.16:503250 |
| PPO_job_search_env_5715b_00001 | RUNNING  | 128.36.232.16:505316 |
| PPO_job_search_env_5715b_00002 | RUNNING  | 128.36.232.16:506649 |
+--------------------------------+----------+----------------------+


== Status ==
Current time: 2022-12-14 22:17:24 (running for 00:04:41.02)
Memory usage on this node: 58.2/62.4 GiB : ***LOW MEMORY*** less than 10% of the memory on this node is available for use. This can cause unexpected crashes. Consider reducing the memory used by your application or reducing the Ray object store size by setting `object_store_memory` when calling `ray.init`.
Using FIFO scheduling algorithm.
Resources requested: 15.0/16 CPUs, 0/1 GPUs, 0.0/33.12 GiB heap, 0.0/16.56 GiB objects (0.0/1.0 accelerator_type:P620)
Result logdir: /home/accts/ahc49/csec491/salary-negotation/ray_results/job_search_env/tf2/c5e10b200i10/PPO_2022-12-14_22-12-42
Number of trials: 3/3 (3 RUNNING)
+--------------------------------+----------+----------------------+
| Trial name                     | status   | loc                  |
|--------------------------------+----------+----------------------|
| PPO_job_search_env_5715b_00000 | RUNNING  | 128.36.232.16:503250 |
| PPO_job_search_env_5715b_00001 | RUNNING  | 128.36.232.16:505316 |
| PPO_job_search_env_5715b_00002 | RUNNING  | 128.36.232.16:506649 |
+--------------------------------+----------+----------------------+


== Status ==
Current time: 2022-12-14 22:17:29 (running for 00:04:46.02)
Memory usage on this node: 57.9/62.4 GiB : ***LOW MEMORY*** less than 10% of the memory on this node is available for use. This can cause unexpected crashes. Consider reducing the memory used by your application or reducing the Ray object store size by setting `object_store_memory` when calling `ray.init`.
Using FIFO scheduling algorithm.
Resources requested: 15.0/16 CPUs, 0/1 GPUs, 0.0/33.12 GiB heap, 0.0/16.56 GiB objects (0.0/1.0 accelerator_type:P620)
Result logdir: /home/accts/ahc49/csec491/salary-negotation/ray_results/job_search_env/tf2/c5e10b200i10/PPO_2022-12-14_22-12-42
Number of trials: 3/3 (3 RUNNING)
+--------------------------------+----------+----------------------+
| Trial name                     | status   | loc                  |
|--------------------------------+----------+----------------------|
| PPO_job_search_env_5715b_00000 | RUNNING  | 128.36.232.16:503250 |
| PPO_job_search_env_5715b_00001 | RUNNING  | 128.36.232.16:505316 |
| PPO_job_search_env_5715b_00002 | RUNNING  | 128.36.232.16:506649 |
+--------------------------------+----------+----------------------+


== Status ==
Current time: 2022-12-14 22:17:34 (running for 00:04:51.06)
Memory usage on this node: 58.7/62.4 GiB : ***LOW MEMORY*** less than 10% of the memory on this node is available for use. This can cause unexpected crashes. Consider reducing the memory used by your application or reducing the Ray object store size by setting `object_store_memory` when calling `ray.init`.
Using FIFO scheduling algorithm.
Resources requested: 15.0/16 CPUs, 0/1 GPUs, 0.0/33.12 GiB heap, 0.0/16.56 GiB objects (0.0/1.0 accelerator_type:P620)
Result logdir: /home/accts/ahc49/csec491/salary-negotation/ray_results/job_search_env/tf2/c5e10b200i10/PPO_2022-12-14_22-12-42
Number of trials: 3/3 (3 RUNNING)
+--------------------------------+----------+----------------------+
| Trial name                     | status   | loc                  |
|--------------------------------+----------+----------------------|
| PPO_job_search_env_5715b_00000 | RUNNING  | 128.36.232.16:503250 |
| PPO_job_search_env_5715b_00001 | RUNNING  | 128.36.232.16:505316 |
| PPO_job_search_env_5715b_00002 | RUNNING  | 128.36.232.16:506649 |
+--------------------------------+----------+----------------------+


== Status ==
Current time: 2022-12-14 22:17:39 (running for 00:04:56.06)
Memory usage on this node: 59.2/62.4 GiB : ***LOW MEMORY*** less than 10% of the memory on this node is available for use. This can cause unexpected crashes. Consider reducing the memory used by your application or reducing the Ray object store size by setting `object_store_memory` when calling `ray.init`.
Using FIFO scheduling algorithm.
Resources requested: 15.0/16 CPUs, 0/1 GPUs, 0.0/33.12 GiB heap, 0.0/16.56 GiB objects (0.0/1.0 accelerator_type:P620)
Result logdir: /home/accts/ahc49/csec491/salary-negotation/ray_results/job_search_env/tf2/c5e10b200i10/PPO_2022-12-14_22-12-42
Number of trials: 3/3 (3 RUNNING)
+--------------------------------+----------+----------------------+
| Trial name                     | status   | loc                  |
|--------------------------------+----------+----------------------|
| PPO_job_search_env_5715b_00000 | RUNNING  | 128.36.232.16:503250 |
| PPO_job_search_env_5715b_00001 | RUNNING  | 128.36.232.16:505316 |
| PPO_job_search_env_5715b_00002 | RUNNING  | 128.36.232.16:506649 |
+--------------------------------+----------+----------------------+


== Status ==
Current time: 2022-12-14 22:17:44 (running for 00:05:01.11)
Memory usage on this node: 58.2/62.4 GiB : ***LOW MEMORY*** less than 10% of the memory on this node is available for use. This can cause unexpected crashes. Consider reducing the memory used by your application or reducing the Ray object store size by setting `object_store_memory` when calling `ray.init`.
Using FIFO scheduling algorithm.
Resources requested: 15.0/16 CPUs, 0/1 GPUs, 0.0/33.12 GiB heap, 0.0/16.56 GiB objects (0.0/1.0 accelerator_type:P620)
Result logdir: /home/accts/ahc49/csec491/salary-negotation/ray_results/job_search_env/tf2/c5e10b200i10/PPO_2022-12-14_22-12-42
Number of trials: 3/3 (3 RUNNING)
+--------------------------------+----------+----------------------+
| Trial name                     | status   | loc                  |
|--------------------------------+----------+----------------------|
| PPO_job_search_env_5715b_00000 | RUNNING  | 128.36.232.16:503250 |
| PPO_job_search_env_5715b_00001 | RUNNING  | 128.36.232.16:505316 |
| PPO_job_search_env_5715b_00002 | RUNNING  | 128.36.232.16:506649 |
+--------------------------------+----------+----------------------+


== Status ==
Current time: 2022-12-14 22:17:49 (running for 00:05:06.11)
Memory usage on this node: 59.6/62.4 GiB : ***LOW MEMORY*** less than 10% of the memory on this node is available for use. This can cause unexpected crashes. Consider reducing the memory used by your application or reducing the Ray object store size by setting `object_store_memory` when calling `ray.init`.
Using FIFO scheduling algorithm.
Resources requested: 15.0/16 CPUs, 0/1 GPUs, 0.0/33.12 GiB heap, 0.0/16.56 GiB objects (0.0/1.0 accelerator_type:P620)
Result logdir: /home/accts/ahc49/csec491/salary-negotation/ray_results/job_search_env/tf2/c5e10b200i10/PPO_2022-12-14_22-12-42
Number of trials: 3/3 (3 RUNNING)
+--------------------------------+----------+----------------------+
| Trial name                     | status   | loc                  |
|--------------------------------+----------+----------------------|
| PPO_job_search_env_5715b_00000 | RUNNING  | 128.36.232.16:503250 |
| PPO_job_search_env_5715b_00001 | RUNNING  | 128.36.232.16:505316 |
| PPO_job_search_env_5715b_00002 | RUNNING  | 128.36.232.16:506649 |
+--------------------------------+----------+----------------------+


== Status ==
Current time: 2022-12-14 22:17:54 (running for 00:05:11.13)
Memory usage on this node: 59.8/62.4 GiB : ***LOW MEMORY*** less than 10% of the memory on this node is available for use. This can cause unexpected crashes. Consider reducing the memory used by your application or reducing the Ray object store size by setting `object_store_memory` when calling `ray.init`.
Using FIFO scheduling algorithm.
Resources requested: 15.0/16 CPUs, 0/1 GPUs, 0.0/33.12 GiB heap, 0.0/16.56 GiB objects (0.0/1.0 accelerator_type:P620)
Result logdir: /home/accts/ahc49/csec491/salary-negotation/ray_results/job_search_env/tf2/c5e10b200i10/PPO_2022-12-14_22-12-42
Number of trials: 3/3 (3 RUNNING)
+--------------------------------+----------+----------------------+
| Trial name                     | status   | loc                  |
|--------------------------------+----------+----------------------|
| PPO_job_search_env_5715b_00000 | RUNNING  | 128.36.232.16:503250 |
| PPO_job_search_env_5715b_00001 | RUNNING  | 128.36.232.16:505316 |
| PPO_job_search_env_5715b_00002 | RUNNING  | 128.36.232.16:506649 |
+--------------------------------+----------+----------------------+


== Status ==
Current time: 2022-12-14 22:17:59 (running for 00:05:16.13)
Memory usage on this node: 60.6/62.4 GiB : ***LOW MEMORY*** less than 10% of the memory on this node is available for use. This can cause unexpected crashes. Consider reducing the memory used by your application or reducing the Ray object store size by setting `object_store_memory` when calling `ray.init`.
Using FIFO scheduling algorithm.
Resources requested: 15.0/16 CPUs, 0/1 GPUs, 0.0/33.12 GiB heap, 0.0/16.56 GiB objects (0.0/1.0 accelerator_type:P620)
Result logdir: /home/accts/ahc49/csec491/salary-negotation/ray_results/job_search_env/tf2/c5e10b200i10/PPO_2022-12-14_22-12-42
Number of trials: 3/3 (3 RUNNING)
+--------------------------------+----------+----------------------+
| Trial name                     | status   | loc                  |
|--------------------------------+----------+----------------------|
| PPO_job_search_env_5715b_00000 | RUNNING  | 128.36.232.16:503250 |
| PPO_job_search_env_5715b_00001 | RUNNING  | 128.36.232.16:505316 |
| PPO_job_search_env_5715b_00002 | RUNNING  | 128.36.232.16:506649 |
+--------------------------------+----------+----------------------+


== Status ==
Current time: 2022-12-14 22:18:04 (running for 00:05:21.15)
Memory usage on this node: 60.8/62.4 GiB : ***LOW MEMORY*** less than 10% of the memory on this node is available for use. This can cause unexpected crashes. Consider reducing the memory used by your application or reducing the Ray object store size by setting `object_store_memory` when calling `ray.init`.
Using FIFO scheduling algorithm.
Resources requested: 15.0/16 CPUs, 0/1 GPUs, 0.0/33.12 GiB heap, 0.0/16.56 GiB objects (0.0/1.0 accelerator_type:P620)
Result logdir: /home/accts/ahc49/csec491/salary-negotation/ray_results/job_search_env/tf2/c5e10b200i10/PPO_2022-12-14_22-12-42
Number of trials: 3/3 (3 RUNNING)
+--------------------------------+----------+----------------------+
| Trial name                     | status   | loc                  |
|--------------------------------+----------+----------------------|
| PPO_job_search_env_5715b_00000 | RUNNING  | 128.36.232.16:503250 |
| PPO_job_search_env_5715b_00001 | RUNNING  | 128.36.232.16:505316 |
| PPO_job_search_env_5715b_00002 | RUNNING  | 128.36.232.16:506649 |
+--------------------------------+----------+----------------------+


== Status ==
Current time: 2022-12-14 22:18:09 (running for 00:05:26.16)
Memory usage on this node: 61.7/62.4 GiB : ***LOW MEMORY*** less than 10% of the memory on this node is available for use. This can cause unexpected crashes. Consider reducing the memory used by your application or reducing the Ray object store size by setting `object_store_memory` when calling `ray.init`.
Using FIFO scheduling algorithm.
Resources requested: 15.0/16 CPUs, 0/1 GPUs, 0.0/33.12 GiB heap, 0.0/16.56 GiB objects (0.0/1.0 accelerator_type:P620)
Result logdir: /home/accts/ahc49/csec491/salary-negotation/ray_results/job_search_env/tf2/c5e10b200i10/PPO_2022-12-14_22-12-42
Number of trials: 3/3 (3 RUNNING)
+--------------------------------+----------+----------------------+
| Trial name                     | status   | loc                  |
|--------------------------------+----------+----------------------|
| PPO_job_search_env_5715b_00000 | RUNNING  | 128.36.232.16:503250 |
| PPO_job_search_env_5715b_00001 | RUNNING  | 128.36.232.16:505316 |
| PPO_job_search_env_5715b_00002 | RUNNING  | 128.36.232.16:506649 |
+--------------------------------+----------+----------------------+


== Status ==
Current time: 2022-12-14 22:18:14 (running for 00:05:31.18)
Memory usage on this node: 61.6/62.4 GiB : ***LOW MEMORY*** less than 10% of the memory on this node is available for use. This can cause unexpected crashes. Consider reducing the memory used by your application or reducing the Ray object store size by setting `object_store_memory` when calling `ray.init`.
Using FIFO scheduling algorithm.
Resources requested: 15.0/16 CPUs, 0/1 GPUs, 0.0/33.12 GiB heap, 0.0/16.56 GiB objects (0.0/1.0 accelerator_type:P620)
Result logdir: /home/accts/ahc49/csec491/salary-negotation/ray_results/job_search_env/tf2/c5e10b200i10/PPO_2022-12-14_22-12-42
Number of trials: 3/3 (3 RUNNING)
+--------------------------------+----------+----------------------+
| Trial name                     | status   | loc                  |
|--------------------------------+----------+----------------------|
| PPO_job_search_env_5715b_00000 | RUNNING  | 128.36.232.16:503250 |
| PPO_job_search_env_5715b_00001 | RUNNING  | 128.36.232.16:505316 |
| PPO_job_search_env_5715b_00002 | RUNNING  | 128.36.232.16:506649 |
+--------------------------------+----------+----------------------+


== Status ==
Current time: 2022-12-14 22:18:19 (running for 00:05:36.18)
Memory usage on this node: 60.8/62.4 GiB : ***LOW MEMORY*** less than 10% of the memory on this node is available for use. This can cause unexpected crashes. Consider reducing the memory used by your application or reducing the Ray object store size by setting `object_store_memory` when calling `ray.init`.
Using FIFO scheduling algorithm.
Resources requested: 15.0/16 CPUs, 0/1 GPUs, 0.0/33.12 GiB heap, 0.0/16.56 GiB objects (0.0/1.0 accelerator_type:P620)
Result logdir: /home/accts/ahc49/csec491/salary-negotation/ray_results/job_search_env/tf2/c5e10b200i10/PPO_2022-12-14_22-12-42
Number of trials: 3/3 (3 RUNNING)
+--------------------------------+----------+----------------------+
| Trial name                     | status   | loc                  |
|--------------------------------+----------+----------------------|
| PPO_job_search_env_5715b_00000 | RUNNING  | 128.36.232.16:503250 |
| PPO_job_search_env_5715b_00001 | RUNNING  | 128.36.232.16:505316 |
| PPO_job_search_env_5715b_00002 | RUNNING  | 128.36.232.16:506649 |
+--------------------------------+----------+----------------------+


== Status ==
Current time: 2022-12-14 22:18:24 (running for 00:05:41.20)
Memory usage on this node: 61.0/62.4 GiB : ***LOW MEMORY*** less than 10% of the memory on this node is available for use. This can cause unexpected crashes. Consider reducing the memory used by your application or reducing the Ray object store size by setting `object_store_memory` when calling `ray.init`.
Using FIFO scheduling algorithm.
Resources requested: 15.0/16 CPUs, 0/1 GPUs, 0.0/33.12 GiB heap, 0.0/16.56 GiB objects (0.0/1.0 accelerator_type:P620)
Result logdir: /home/accts/ahc49/csec491/salary-negotation/ray_results/job_search_env/tf2/c5e10b200i10/PPO_2022-12-14_22-12-42
Number of trials: 3/3 (3 RUNNING)
+--------------------------------+----------+----------------------+
| Trial name                     | status   | loc                  |
|--------------------------------+----------+----------------------|
| PPO_job_search_env_5715b_00000 | RUNNING  | 128.36.232.16:503250 |
| PPO_job_search_env_5715b_00001 | RUNNING  | 128.36.232.16:505316 |
| PPO_job_search_env_5715b_00002 | RUNNING  | 128.36.232.16:506649 |
+--------------------------------+----------+----------------------+


== Status ==
Current time: 2022-12-14 22:18:29 (running for 00:05:46.21)
Memory usage on this node: 61.2/62.4 GiB : ***LOW MEMORY*** less than 10% of the memory on this node is available for use. This can cause unexpected crashes. Consider reducing the memory used by your application or reducing the Ray object store size by setting `object_store_memory` when calling `ray.init`.
Using FIFO scheduling algorithm.
Resources requested: 15.0/16 CPUs, 0/1 GPUs, 0.0/33.12 GiB heap, 0.0/16.56 GiB objects (0.0/1.0 accelerator_type:P620)
Result logdir: /home/accts/ahc49/csec491/salary-negotation/ray_results/job_search_env/tf2/c5e10b200i10/PPO_2022-12-14_22-12-42
Number of trials: 3/3 (3 RUNNING)
+--------------------------------+----------+----------------------+
| Trial name                     | status   | loc                  |
|--------------------------------+----------+----------------------|
| PPO_job_search_env_5715b_00000 | RUNNING  | 128.36.232.16:503250 |
| PPO_job_search_env_5715b_00001 | RUNNING  | 128.36.232.16:505316 |
| PPO_job_search_env_5715b_00002 | RUNNING  | 128.36.232.16:506649 |
+--------------------------------+----------+----------------------+


== Status ==
Current time: 2022-12-14 22:18:34 (running for 00:05:51.23)
Memory usage on this node: 61.7/62.4 GiB : ***LOW MEMORY*** less than 10% of the memory on this node is available for use. This can cause unexpected crashes. Consider reducing the memory used by your application or reducing the Ray object store size by setting `object_store_memory` when calling `ray.init`.
Using FIFO scheduling algorithm.
Resources requested: 15.0/16 CPUs, 0/1 GPUs, 0.0/33.12 GiB heap, 0.0/16.56 GiB objects (0.0/1.0 accelerator_type:P620)
Result logdir: /home/accts/ahc49/csec491/salary-negotation/ray_results/job_search_env/tf2/c5e10b200i10/PPO_2022-12-14_22-12-42
Number of trials: 3/3 (3 RUNNING)
+--------------------------------+----------+----------------------+
| Trial name                     | status   | loc                  |
|--------------------------------+----------+----------------------|
| PPO_job_search_env_5715b_00000 | RUNNING  | 128.36.232.16:503250 |
| PPO_job_search_env_5715b_00001 | RUNNING  | 128.36.232.16:505316 |
| PPO_job_search_env_5715b_00002 | RUNNING  | 128.36.232.16:506649 |
+--------------------------------+----------+----------------------+


== Status ==
Current time: 2022-12-14 22:18:39 (running for 00:05:56.23)
Memory usage on this node: 61.6/62.4 GiB : ***LOW MEMORY*** less than 10% of the memory on this node is available for use. This can cause unexpected crashes. Consider reducing the memory used by your application or reducing the Ray object store size by setting `object_store_memory` when calling `ray.init`.
Using FIFO scheduling algorithm.
Resources requested: 15.0/16 CPUs, 0/1 GPUs, 0.0/33.12 GiB heap, 0.0/16.56 GiB objects (0.0/1.0 accelerator_type:P620)
Result logdir: /home/accts/ahc49/csec491/salary-negotation/ray_results/job_search_env/tf2/c5e10b200i10/PPO_2022-12-14_22-12-42
Number of trials: 3/3 (3 RUNNING)
+--------------------------------+----------+----------------------+
| Trial name                     | status   | loc                  |
|--------------------------------+----------+----------------------|
| PPO_job_search_env_5715b_00000 | RUNNING  | 128.36.232.16:503250 |
| PPO_job_search_env_5715b_00001 | RUNNING  | 128.36.232.16:505316 |
| PPO_job_search_env_5715b_00002 | RUNNING  | 128.36.232.16:506649 |
+--------------------------------+----------+----------------------+


== Status ==
Current time: 2022-12-14 22:18:44 (running for 00:06:01.25)
Memory usage on this node: 61.8/62.4 GiB : ***LOW MEMORY*** less than 10% of the memory on this node is available for use. This can cause unexpected crashes. Consider reducing the memory used by your application or reducing the Ray object store size by setting `object_store_memory` when calling `ray.init`.
Using FIFO scheduling algorithm.
Resources requested: 15.0/16 CPUs, 0/1 GPUs, 0.0/33.12 GiB heap, 0.0/16.56 GiB objects (0.0/1.0 accelerator_type:P620)
Result logdir: /home/accts/ahc49/csec491/salary-negotation/ray_results/job_search_env/tf2/c5e10b200i10/PPO_2022-12-14_22-12-42
Number of trials: 3/3 (3 RUNNING)
+--------------------------------+----------+----------------------+
| Trial name                     | status   | loc                  |
|--------------------------------+----------+----------------------|
| PPO_job_search_env_5715b_00000 | RUNNING  | 128.36.232.16:503250 |
| PPO_job_search_env_5715b_00001 | RUNNING  | 128.36.232.16:505316 |
| PPO_job_search_env_5715b_00002 | RUNNING  | 128.36.232.16:506649 |
+--------------------------------+----------+----------------------+


== Status ==
Current time: 2022-12-14 22:18:49 (running for 00:06:06.25)
Memory usage on this node: 59.0/62.4 GiB : ***LOW MEMORY*** less than 10% of the memory on this node is available for use. This can cause unexpected crashes. Consider reducing the memory used by your application or reducing the Ray object store size by setting `object_store_memory` when calling `ray.init`.
Using FIFO scheduling algorithm.
Resources requested: 15.0/16 CPUs, 0/1 GPUs, 0.0/33.12 GiB heap, 0.0/16.56 GiB objects (0.0/1.0 accelerator_type:P620)
Result logdir: /home/accts/ahc49/csec491/salary-negotation/ray_results/job_search_env/tf2/c5e10b200i10/PPO_2022-12-14_22-12-42
Number of trials: 3/3 (3 RUNNING)
+--------------------------------+----------+----------------------+
| Trial name                     | status   | loc                  |
|--------------------------------+----------+----------------------|
| PPO_job_search_env_5715b_00000 | RUNNING  | 128.36.232.16:503250 |
| PPO_job_search_env_5715b_00001 | RUNNING  | 128.36.232.16:505316 |
| PPO_job_search_env_5715b_00002 | RUNNING  | 128.36.232.16:506649 |
+--------------------------------+----------+----------------------+


== Status ==
Current time: 2022-12-14 22:18:54 (running for 00:06:11.27)
Memory usage on this node: 60.5/62.4 GiB : ***LOW MEMORY*** less than 10% of the memory on this node is available for use. This can cause unexpected crashes. Consider reducing the memory used by your application or reducing the Ray object store size by setting `object_store_memory` when calling `ray.init`.
Using FIFO scheduling algorithm.
Resources requested: 15.0/16 CPUs, 0/1 GPUs, 0.0/33.12 GiB heap, 0.0/16.56 GiB objects (0.0/1.0 accelerator_type:P620)
Result logdir: /home/accts/ahc49/csec491/salary-negotation/ray_results/job_search_env/tf2/c5e10b200i10/PPO_2022-12-14_22-12-42
Number of trials: 3/3 (3 RUNNING)
+--------------------------------+----------+----------------------+
| Trial name                     | status   | loc                  |
|--------------------------------+----------+----------------------|
| PPO_job_search_env_5715b_00000 | RUNNING  | 128.36.232.16:503250 |
| PPO_job_search_env_5715b_00001 | RUNNING  | 128.36.232.16:505316 |
| PPO_job_search_env_5715b_00002 | RUNNING  | 128.36.232.16:506649 |
+--------------------------------+----------+----------------------+


== Status ==
Current time: 2022-12-14 22:18:59 (running for 00:06:16.28)
Memory usage on this node: 61.9/62.4 GiB : ***LOW MEMORY*** less than 10% of the memory on this node is available for use. This can cause unexpected crashes. Consider reducing the memory used by your application or reducing the Ray object store size by setting `object_store_memory` when calling `ray.init`.
Using FIFO scheduling algorithm.
Resources requested: 15.0/16 CPUs, 0/1 GPUs, 0.0/33.12 GiB heap, 0.0/16.56 GiB objects (0.0/1.0 accelerator_type:P620)
Result logdir: /home/accts/ahc49/csec491/salary-negotation/ray_results/job_search_env/tf2/c5e10b200i10/PPO_2022-12-14_22-12-42
Number of trials: 3/3 (3 RUNNING)
+--------------------------------+----------+----------------------+
| Trial name                     | status   | loc                  |
|--------------------------------+----------+----------------------|
| PPO_job_search_env_5715b_00000 | RUNNING  | 128.36.232.16:503250 |
| PPO_job_search_env_5715b_00001 | RUNNING  | 128.36.232.16:505316 |
| PPO_job_search_env_5715b_00002 | RUNNING  | 128.36.232.16:506649 |
+--------------------------------+----------+----------------------+


== Status ==
Current time: 2022-12-14 22:19:04 (running for 00:06:21.31)
Memory usage on this node: 61.9/62.4 GiB : ***LOW MEMORY*** less than 10% of the memory on this node is available for use. This can cause unexpected crashes. Consider reducing the memory used by your application or reducing the Ray object store size by setting `object_store_memory` when calling `ray.init`.
Using FIFO scheduling algorithm.
Resources requested: 15.0/16 CPUs, 0/1 GPUs, 0.0/33.12 GiB heap, 0.0/16.56 GiB objects (0.0/1.0 accelerator_type:P620)
Result logdir: /home/accts/ahc49/csec491/salary-negotation/ray_results/job_search_env/tf2/c5e10b200i10/PPO_2022-12-14_22-12-42
Number of trials: 3/3 (3 RUNNING)
+--------------------------------+----------+----------------------+
| Trial name                     | status   | loc                  |
|--------------------------------+----------+----------------------|
| PPO_job_search_env_5715b_00000 | RUNNING  | 128.36.232.16:503250 |
| PPO_job_search_env_5715b_00001 | RUNNING  | 128.36.232.16:505316 |
| PPO_job_search_env_5715b_00002 | RUNNING  | 128.36.232.16:506649 |
+--------------------------------+----------+----------------------+


== Status ==
Current time: 2022-12-14 22:19:09 (running for 00:06:26.31)
Memory usage on this node: 61.7/62.4 GiB : ***LOW MEMORY*** less than 10% of the memory on this node is available for use. This can cause unexpected crashes. Consider reducing the memory used by your application or reducing the Ray object store size by setting `object_store_memory` when calling `ray.init`.
Using FIFO scheduling algorithm.
Resources requested: 15.0/16 CPUs, 0/1 GPUs, 0.0/33.12 GiB heap, 0.0/16.56 GiB objects (0.0/1.0 accelerator_type:P620)
Result logdir: /home/accts/ahc49/csec491/salary-negotation/ray_results/job_search_env/tf2/c5e10b200i10/PPO_2022-12-14_22-12-42
Number of trials: 3/3 (3 RUNNING)
+--------------------------------+----------+----------------------+
| Trial name                     | status   | loc                  |
|--------------------------------+----------+----------------------|
| PPO_job_search_env_5715b_00000 | RUNNING  | 128.36.232.16:503250 |
| PPO_job_search_env_5715b_00001 | RUNNING  | 128.36.232.16:505316 |
| PPO_job_search_env_5715b_00002 | RUNNING  | 128.36.232.16:506649 |
+--------------------------------+----------+----------------------+


== Status ==
Current time: 2022-12-14 22:19:14 (running for 00:06:31.37)
Memory usage on this node: 61.7/62.4 GiB : ***LOW MEMORY*** less than 10% of the memory on this node is available for use. This can cause unexpected crashes. Consider reducing the memory used by your application or reducing the Ray object store size by setting `object_store_memory` when calling `ray.init`.
Using FIFO scheduling algorithm.
Resources requested: 15.0/16 CPUs, 0/1 GPUs, 0.0/33.12 GiB heap, 0.0/16.56 GiB objects (0.0/1.0 accelerator_type:P620)
Result logdir: /home/accts/ahc49/csec491/salary-negotation/ray_results/job_search_env/tf2/c5e10b200i10/PPO_2022-12-14_22-12-42
Number of trials: 3/3 (3 RUNNING)
+--------------------------------+----------+----------------------+
| Trial name                     | status   | loc                  |
|--------------------------------+----------+----------------------|
| PPO_job_search_env_5715b_00000 | RUNNING  | 128.36.232.16:503250 |
| PPO_job_search_env_5715b_00001 | RUNNING  | 128.36.232.16:505316 |
| PPO_job_search_env_5715b_00002 | RUNNING  | 128.36.232.16:506649 |
+--------------------------------+----------+----------------------+


2022-12-14 22:19:51,813	WARNING worker.py:1839 -- The node with node id: 66f731ac9acdcf68848c20edf133d17cf8c02f91dc91e1eb41b818a9 and address: 128.36.232.16 and node name: 128.36.232.16 has been marked dead because the detector has missed too many heartbeats from it. This can happen when a 	(1) raylet crashes unexpectedly (OOM, preempted node, etc.) 
	(2) raylet has lagging heartbeats due to slow network or busy workload.
2022-12-14 22:19:51,939	ERROR trial_runner.py:993 -- Trial PPO_job_search_env_5715b_00001: Error processing event.
ray.tune.error._TuneNoNextExecutorEventError: Traceback (most recent call last):
  File "/home/accts/ahc49/.local/lib/python3.10/site-packages/ray/tune/execution/ray_trial_executor.py", line 1050, in get_next_executor_event
    future_result = ray.get(ready_future)
  File "/home/accts/ahc49/.local/lib/python3.10/site-packages/ray/_private/client_mode_hook.py", line 105, in wrapper
    return func(*args, **kwargs)
  File "/home/accts/ahc49/.local/lib/python3.10/site-packages/ray/_private/worker.py", line 2291, in get
    raise value
ray.exceptions.RayActorError: The actor died unexpectedly before finishing this task.
	class_name: PPO
	actor_id: 810dd70221da703f48cb82c501000000
	pid: 505316
	namespace: 6803d0b6-b139-4fbb-adfd-1f266c65891b
	ip: 128.36.232.16
The actor is dead because its owner has died. Owner Id: 01000000ffffffffffffffffffffffffffffffffffffffffffffffff Owner Ip address: 128.36.232.16 Owner worker exit type: SYSTEM_ERROR Worker exit detail: Owner's node has crashed.

[2m[36m(PPO pid=503250)[0m  Attempting to recover 2 lost objects by resubmitting their tasks. To disable object reconstruction, set @ray.remote(max_retries=0).
2022-12-14 22:19:51,956	ERROR ray_trial_executor.py:111 -- An exception occurred when trying to stop the Ray actor:Traceback (most recent call last):
  File "/home/accts/ahc49/.local/lib/python3.10/site-packages/ray/tune/execution/ray_trial_executor.py", line 102, in _post_stop_cleanup
    ray.get(future, timeout=timeout)
  File "/home/accts/ahc49/.local/lib/python3.10/site-packages/ray/_private/client_mode_hook.py", line 105, in wrapper
    return func(*args, **kwargs)
  File "/home/accts/ahc49/.local/lib/python3.10/site-packages/ray/_private/worker.py", line 2291, in get
    raise value
ray.exceptions.RayActorError: The actor died unexpectedly before finishing this task.
	class_name: PPO
	actor_id: 810dd70221da703f48cb82c501000000
	pid: 505316
	namespace: 6803d0b6-b139-4fbb-adfd-1f266c65891b
	ip: 128.36.232.16
The actor is dead because its owner has died. Owner Id: 01000000ffffffffffffffffffffffffffffffffffffffffffffffff Owner Ip address: 128.36.232.16 Owner worker exit type: SYSTEM_ERROR Worker exit detail: Owner's node has crashed.

2022-12-14 22:19:51,965	ERROR trial_runner.py:993 -- Trial PPO_job_search_env_5715b_00002: Error processing event.
ray.tune.error._TuneNoNextExecutorEventError: Traceback (most recent call last):
  File "/home/accts/ahc49/.local/lib/python3.10/site-packages/ray/tune/execution/ray_trial_executor.py", line 1050, in get_next_executor_event
    future_result = ray.get(ready_future)
  File "/home/accts/ahc49/.local/lib/python3.10/site-packages/ray/_private/client_mode_hook.py", line 105, in wrapper
    return func(*args, **kwargs)
  File "/home/accts/ahc49/.local/lib/python3.10/site-packages/ray/_private/worker.py", line 2291, in get
    raise value
ray.exceptions.RayActorError: The actor died unexpectedly before finishing this task.
	class_name: PPO
	actor_id: cfaac6bdc23139a3fc90a1dc01000000
	pid: 506649
	namespace: 6803d0b6-b139-4fbb-adfd-1f266c65891b
	ip: 128.36.232.16
The actor is dead because its node has died. Node Id: 66f731ac9acdcf68848c20edf133d17cf8c02f91dc91e1eb41b818a9

2022-12-14 22:19:51,982	ERROR trial_runner.py:993 -- Trial PPO_job_search_env_5715b_00000: Error processing event.
ray.tune.error._TuneNoNextExecutorEventError: Traceback (most recent call last):
  File "/home/accts/ahc49/.local/lib/python3.10/site-packages/ray/tune/execution/ray_trial_executor.py", line 1050, in get_next_executor_event
    future_result = ray.get(ready_future)
  File "/home/accts/ahc49/.local/lib/python3.10/site-packages/ray/_private/client_mode_hook.py", line 105, in wrapper
    return func(*args, **kwargs)
  File "/home/accts/ahc49/.local/lib/python3.10/site-packages/ray/_private/worker.py", line 2291, in get
    raise value
ray.exceptions.RayActorError: The actor died unexpectedly before finishing this task.
	class_name: PPO
	actor_id: e15c216c05d1457b5349981001000000
	pid: 503250
	namespace: 6803d0b6-b139-4fbb-adfd-1f266c65891b
	ip: 128.36.232.16
The actor is dead because its node has died. Node Id: 66f731ac9acdcf68848c20edf133d17cf8c02f91dc91e1eb41b818a9

== Status ==
Current time: 2022-12-14 22:19:19 (running for 00:06:36.37)
Memory usage on this node: 61.8/62.4 GiB : ***LOW MEMORY*** less than 10% of the memory on this node is available for use. This can cause unexpected crashes. Consider reducing the memory used by your application or reducing the Ray object store size by setting `object_store_memory` when calling `ray.init`.
Using FIFO scheduling algorithm.
Resources requested: 15.0/16 CPUs, 0/1 GPUs, 0.0/33.12 GiB heap, 0.0/16.56 GiB objects (0.0/1.0 accelerator_type:P620)
Result logdir: /home/accts/ahc49/csec491/salary-negotation/ray_results/job_search_env/tf2/c5e10b200i10/PPO_2022-12-14_22-12-42
Number of trials: 3/3 (3 RUNNING)
+--------------------------------+----------+----------------------+
| Trial name                     | status   | loc                  |
|--------------------------------+----------+----------------------|
| PPO_job_search_env_5715b_00000 | RUNNING  | 128.36.232.16:503250 |
| PPO_job_search_env_5715b_00001 | RUNNING  | 128.36.232.16:505316 |
| PPO_job_search_env_5715b_00002 | RUNNING  | 128.36.232.16:506649 |
+--------------------------------+----------+----------------------+


== Status ==
Current time: 2022-12-14 22:19:24 (running for 00:06:41.39)
Memory usage on this node: 61.7/62.4 GiB : ***LOW MEMORY*** less than 10% of the memory on this node is available for use. This can cause unexpected crashes. Consider reducing the memory used by your application or reducing the Ray object store size by setting `object_store_memory` when calling `ray.init`.
Using FIFO scheduling algorithm.
Resources requested: 15.0/16 CPUs, 0/1 GPUs, 0.0/33.12 GiB heap, 0.0/16.56 GiB objects (0.0/1.0 accelerator_type:P620)
Result logdir: /home/accts/ahc49/csec491/salary-negotation/ray_results/job_search_env/tf2/c5e10b200i10/PPO_2022-12-14_22-12-42
Number of trials: 3/3 (3 RUNNING)
+--------------------------------+----------+----------------------+
| Trial name                     | status   | loc                  |
|--------------------------------+----------+----------------------|
| PPO_job_search_env_5715b_00000 | RUNNING  | 128.36.232.16:503250 |
| PPO_job_search_env_5715b_00001 | RUNNING  | 128.36.232.16:505316 |
| PPO_job_search_env_5715b_00002 | RUNNING  | 128.36.232.16:506649 |
+--------------------------------+----------+----------------------+


== Status ==
Current time: 2022-12-14 22:19:29 (running for 00:06:46.39)
Memory usage on this node: 61.6/62.4 GiB : ***LOW MEMORY*** less than 10% of the memory on this node is available for use. This can cause unexpected crashes. Consider reducing the memory used by your application or reducing the Ray object store size by setting `object_store_memory` when calling `ray.init`.
Using FIFO scheduling algorithm.
Resources requested: 15.0/16 CPUs, 0/1 GPUs, 0.0/33.12 GiB heap, 0.0/16.56 GiB objects (0.0/1.0 accelerator_type:P620)
Result logdir: /home/accts/ahc49/csec491/salary-negotation/ray_results/job_search_env/tf2/c5e10b200i10/PPO_2022-12-14_22-12-42
Number of trials: 3/3 (3 RUNNING)
+--------------------------------+----------+----------------------+
| Trial name                     | status   | loc                  |
|--------------------------------+----------+----------------------|
| PPO_job_search_env_5715b_00000 | RUNNING  | 128.36.232.16:503250 |
| PPO_job_search_env_5715b_00001 | RUNNING  | 128.36.232.16:505316 |
| PPO_job_search_env_5715b_00002 | RUNNING  | 128.36.232.16:506649 |
+--------------------------------+----------+----------------------+


== Status ==
Current time: 2022-12-14 22:19:34 (running for 00:06:51.42)
Memory usage on this node: 61.7/62.4 GiB : ***LOW MEMORY*** less than 10% of the memory on this node is available for use. This can cause unexpected crashes. Consider reducing the memory used by your application or reducing the Ray object store size by setting `object_store_memory` when calling `ray.init`.
Using FIFO scheduling algorithm.
Resources requested: 15.0/16 CPUs, 0/1 GPUs, 0.0/33.12 GiB heap, 0.0/16.56 GiB objects (0.0/1.0 accelerator_type:P620)
Result logdir: /home/accts/ahc49/csec491/salary-negotation/ray_results/job_search_env/tf2/c5e10b200i10/PPO_2022-12-14_22-12-42
Number of trials: 3/3 (3 RUNNING)
+--------------------------------+----------+----------------------+
| Trial name                     | status   | loc                  |
|--------------------------------+----------+----------------------|
| PPO_job_search_env_5715b_00000 | RUNNING  | 128.36.232.16:503250 |
| PPO_job_search_env_5715b_00001 | RUNNING  | 128.36.232.16:505316 |
| PPO_job_search_env_5715b_00002 | RUNNING  | 128.36.232.16:506649 |
+--------------------------------+----------+----------------------+


== Status ==
Current time: 2022-12-14 22:19:39 (running for 00:06:56.42)
Memory usage on this node: 61.6/62.4 GiB : ***LOW MEMORY*** less than 10% of the memory on this node is available for use. This can cause unexpected crashes. Consider reducing the memory used by your application or reducing the Ray object store size by setting `object_store_memory` when calling `ray.init`.
Using FIFO scheduling algorithm.
Resources requested: 15.0/16 CPUs, 0/1 GPUs, 0.0/33.12 GiB heap, 0.0/16.56 GiB objects (0.0/1.0 accelerator_type:P620)
Result logdir: /home/accts/ahc49/csec491/salary-negotation/ray_results/job_search_env/tf2/c5e10b200i10/PPO_2022-12-14_22-12-42
Number of trials: 3/3 (3 RUNNING)
+--------------------------------+----------+----------------------+
| Trial name                     | status   | loc                  |
|--------------------------------+----------+----------------------|
| PPO_job_search_env_5715b_00000 | RUNNING  | 128.36.232.16:503250 |
| PPO_job_search_env_5715b_00001 | RUNNING  | 128.36.232.16:505316 |
| PPO_job_search_env_5715b_00002 | RUNNING  | 128.36.232.16:506649 |
+--------------------------------+----------+----------------------+


== Status ==
Current time: 2022-12-14 22:19:44 (running for 00:07:01.46)
Memory usage on this node: 61.7/62.4 GiB : ***LOW MEMORY*** less than 10% of the memory on this node is available for use. This can cause unexpected crashes. Consider reducing the memory used by your application or reducing the Ray object store size by setting `object_store_memory` when calling `ray.init`.
Using FIFO scheduling algorithm.
Resources requested: 15.0/16 CPUs, 0/1 GPUs, 0.0/33.12 GiB heap, 0.0/16.56 GiB objects (0.0/1.0 accelerator_type:P620)
Result logdir: /home/accts/ahc49/csec491/salary-negotation/ray_results/job_search_env/tf2/c5e10b200i10/PPO_2022-12-14_22-12-42
Number of trials: 3/3 (3 RUNNING)
+--------------------------------+----------+----------------------+
| Trial name                     | status   | loc                  |
|--------------------------------+----------+----------------------|
| PPO_job_search_env_5715b_00000 | RUNNING  | 128.36.232.16:503250 |
| PPO_job_search_env_5715b_00001 | RUNNING  | 128.36.232.16:505316 |
| PPO_job_search_env_5715b_00002 | RUNNING  | 128.36.232.16:506649 |
+--------------------------------+----------+----------------------+


== Status ==
Current time: 2022-12-14 22:19:49 (running for 00:07:06.46)
Memory usage on this node: 61.7/62.4 GiB : ***LOW MEMORY*** less than 10% of the memory on this node is available for use. This can cause unexpected crashes. Consider reducing the memory used by your application or reducing the Ray object store size by setting `object_store_memory` when calling `ray.init`.
Using FIFO scheduling algorithm.
Resources requested: 15.0/16 CPUs, 0/1 GPUs, 0.0/33.12 GiB heap, 0.0/16.56 GiB objects (0.0/1.0 accelerator_type:P620)
Result logdir: /home/accts/ahc49/csec491/salary-negotation/ray_results/job_search_env/tf2/c5e10b200i10/PPO_2022-12-14_22-12-42
Number of trials: 3/3 (3 RUNNING)
+--------------------------------+----------+----------------------+
| Trial name                     | status   | loc                  |
|--------------------------------+----------+----------------------|
| PPO_job_search_env_5715b_00000 | RUNNING  | 128.36.232.16:503250 |
| PPO_job_search_env_5715b_00001 | RUNNING  | 128.36.232.16:505316 |
| PPO_job_search_env_5715b_00002 | RUNNING  | 128.36.232.16:506649 |
+--------------------------------+----------+----------------------+


Result for PPO_job_search_env_5715b_00001:
  date: 2022-12-14_22-13-29
  experiment_id: bbbccfa04d184cccb9f6f700978f5979
  hostname: hippo.zoo.cs.yale.edu
  node_ip: 128.36.232.16
  pid: 505316
  timestamp: 1671074009
  trial_id: 5715b_00001
  
Result for PPO_job_search_env_5715b_00002:
  date: 2022-12-14_22-14-08
  experiment_id: c9134418912547b4a08d4bbe939997ad
  hostname: hippo.zoo.cs.yale.edu
  node_ip: 128.36.232.16
  pid: 506649
  timestamp: 1671074048
  trial_id: 5715b_00002
  
Result for PPO_job_search_env_5715b_00000:
  date: 2022-12-14_22-13-03
  experiment_id: fa1ee37d20cf4fd0b261d4e02dc7bb02
  hostname: hippo.zoo.cs.yale.edu
  node_ip: 128.36.232.16
  pid: 503250
  timestamp: 1671073983
  trial_id: 5715b_00000
  
== Status ==
Current time: 2022-12-14 22:19:52 (running for 00:07:08.99)
Memory usage on this node: 61.3/62.4 GiB : ***LOW MEMORY*** less than 10% of the memory on this node is available for use. This can cause unexpected crashes. Consider reducing the memory used by your application or reducing the Ray object store size by setting `object_store_memory` when calling `ray.init`.
Using FIFO scheduling algorithm.
Resources requested: 0/16 CPUs, 0/1 GPUs, 0.0/33.12 GiB heap, 0.0/16.56 GiB objects (0.0/1.0 accelerator_type:P620)
Result logdir: /home/accts/ahc49/csec491/salary-negotation/ray_results/job_search_env/tf2/c5e10b200i10/PPO_2022-12-14_22-12-42
Number of trials: 3/3 (3 ERROR)
+--------------------------------+----------+----------------------+
| Trial name                     | status   | loc                  |
|--------------------------------+----------+----------------------|
| PPO_job_search_env_5715b_00000 | ERROR    | 128.36.232.16:503250 |
| PPO_job_search_env_5715b_00001 | ERROR    | 128.36.232.16:505316 |
| PPO_job_search_env_5715b_00002 | ERROR    | 128.36.232.16:506649 |
+--------------------------------+----------+----------------------+
Number of errored trials: 3
+--------------------------------+--------------+--------------------------------------------------------------------------------------------------------------------------------------------------------------------------------+
| Trial name                     |   # failures | error file                                                                                                                                                                     |
|--------------------------------+--------------+--------------------------------------------------------------------------------------------------------------------------------------------------------------------------------|
| PPO_job_search_env_5715b_00000 |            1 | /home/accts/ahc49/csec491/salary-negotation/ray_results/job_search_env/tf2/c5e10b200i10/PPO_2022-12-14_22-12-42/PPO_job_search_env_5715b_00000_0_2022-12-14_22-12-43/error.txt |
| PPO_job_search_env_5715b_00001 |            1 | /home/accts/ahc49/csec491/salary-negotation/ray_results/job_search_env/tf2/c5e10b200i10/PPO_2022-12-14_22-12-42/PPO_job_search_env_5715b_00001_1_2022-12-14_22-13-03/error.txt |
| PPO_job_search_env_5715b_00002 |            1 | /home/accts/ahc49/csec491/salary-negotation/ray_results/job_search_env/tf2/c5e10b200i10/PPO_2022-12-14_22-12-42/PPO_job_search_env_5715b_00002_2_2022-12-14_22-13-29/error.txt |
+--------------------------------+--------------+--------------------------------------------------------------------------------------------------------------------------------------------------------------------------------+

Traceback (most recent call last):
  File "/home/accts/ahc49/csec491/salary-negotation/job_search.py", line 209, in <module>
    tune.run(
  File "/home/accts/ahc49/.local/lib/python3.10/site-packages/ray/tune/tune.py", line 771, in run
    raise TuneError("Trials did not complete", incomplete_trials)
ray.tune.error.TuneError: ('Trials did not complete', [PPO_job_search_env_5715b_00000, PPO_job_search_env_5715b_00001, PPO_job_search_env_5715b_00002])
