nohup: ignoring input

E1214 22:12:43.199305863  502462 fork_posix.cc:70]           Fork support is only compatible with the epoll1 and poll polling strategies
E1214 22:12:43.237464748  502462 fork_posix.cc:70]           Fork support is only compatible with the epoll1 and poll polling strategies
E1214 22:12:44.799810722  502462 fork_posix.cc:70]           Fork support is only compatible with the epoll1 and poll polling strategies
E1214 22:12:44.835652975  502462 fork_posix.cc:70]           Fork support is only compatible with the epoll1 and poll polling strategies
2022-12-14 22:12:44,875	INFO worker.py:1528 -- Started a local Ray instance.
[2m[36m(pid=503822)[0m 
[2m[36m(PPO pid=503822)[0m 2022-12-14 22:12:54,214	INFO algorithm.py:2292 -- Executing eagerly (framework='tf2'), with eager_tracing=False. For production workloads, make sure to set eager_tracing=True  in order to match the speed of tf-static-graph (framework='tf'). For debugging purposes, `eager_tracing=False` is the best choice.
[2m[36m(PPO pid=503822)[0m 2022-12-14 22:12:54,215	INFO algorithm.py:457 -- Current log_level is ERROR. For more information, set 'log_level': 'INFO' / 'DEBUG' or use the -v and -vv flags.
[2m[36m(pid=504203)[0m 
[2m[36m(pid=504204)[0m 
[2m[36m(pid=504207)[0m 
[2m[36m(pid=504208)[0m 
[2m[36m(PPO pid=503822)[0m 2022-12-14 22:13:06,266	INFO trainable.py:164 -- Trainable.setup took 12.060 seconds. If your trainable is slow to initialize, consider setting reuse_actors=True to reduce actor creation overheads.
[2m[36m(PPO pid=503822)[0m 2022-12-14 22:13:06,266	WARNING util.py:66 -- Install gputil for GPU system monitoring.
[2m[36m(RolloutWorker pid=504203)[0m /usr/lib64/python3.10/site-packages/numpy/core/_methods.py:179: RuntimeWarning: overflow encountered in reduce
[2m[36m(RolloutWorker pid=504203)[0m   ret = umr_sum(arr, axis, dtype, out, keepdims, where=where)
[2m[36m(pid=505421)[0m 
[2m[36m(PPO pid=505421)[0m 2022-12-14 22:13:16,500	INFO algorithm.py:2292 -- Executing eagerly (framework='tf2'), with eager_tracing=False. For production workloads, make sure to set eager_tracing=True  in order to match the speed of tf-static-graph (framework='tf'). For debugging purposes, `eager_tracing=False` is the best choice.
[2m[36m(PPO pid=505421)[0m 2022-12-14 22:13:16,503	INFO algorithm.py:457 -- Current log_level is ERROR. For more information, set 'log_level': 'INFO' / 'DEBUG' or use the -v and -vv flags.
[2m[36m(pid=506104)[0m 
[2m[36m(pid=506103)[0m 
[2m[36m(pid=506106)[0m 
[2m[36m(pid=506105)[0m 
[2m[36m(PPO pid=505421)[0m 2022-12-14 22:13:34,563	INFO trainable.py:164 -- Trainable.setup took 18.073 seconds. If your trainable is slow to initialize, consider setting reuse_actors=True to reduce actor creation overheads.
[2m[36m(PPO pid=505421)[0m 2022-12-14 22:13:34,564	WARNING util.py:66 -- Install gputil for GPU system monitoring.
[2m[36m(RolloutWorker pid=506103)[0m /usr/lib64/python3.10/site-packages/numpy/core/_methods.py:179: RuntimeWarning: overflow encountered in reduce
[2m[36m(RolloutWorker pid=506103)[0m   ret = umr_sum(arr, axis, dtype, out, keepdims, where=where)
[2m[36m(pid=507030)[0m 
[2m[36m(PPO pid=507030)[0m 2022-12-14 22:13:51,116	INFO algorithm.py:2292 -- Executing eagerly (framework='tf2'), with eager_tracing=False. For production workloads, make sure to set eager_tracing=True  in order to match the speed of tf-static-graph (framework='tf'). For debugging purposes, `eager_tracing=False` is the best choice.
[2m[36m(PPO pid=507030)[0m 2022-12-14 22:13:51,126	INFO algorithm.py:457 -- Current log_level is ERROR. For more information, set 'log_level': 'INFO' / 'DEBUG' or use the -v and -vv flags.
[2m[36m(pid=507560)[0m 
[2m[36m(pid=507557)[0m 
[2m[36m(pid=507559)[0m 
[2m[36m(pid=507558)[0m 
[2m[36m(PPO pid=507030)[0m 2022-12-14 22:14:17,457	INFO trainable.py:164 -- Trainable.setup took 26.362 seconds. If your trainable is slow to initialize, consider setting reuse_actors=True to reduce actor creation overheads.
[2m[36m(PPO pid=507030)[0m 2022-12-14 22:14:17,458	WARNING util.py:66 -- Install gputil for GPU system monitoring.
[2m[36m(RolloutWorker pid=507557)[0m /usr/lib64/python3.10/site-packages/numpy/core/_methods.py:179: RuntimeWarning: overflow encountered in reduce
[2m[36m(RolloutWorker pid=507557)[0m   ret = umr_sum(arr, axis, dtype, out, keepdims, where=where)
Running with following CLI args: Namespace(num_candidates=5, num_employers=10, max_num_iters=20, max_budget=200, run='PPO', num_cpus=0, framework='tf2', stop_iters=20, stop_timesteps=1500000, checkpoint_freq=1, stop_reward=1000, local_mode=False, num_samples=3)
== Status ==
Current time: 2022-12-14 22:13:06 (running for 00:00:19.60)
Memory usage on this node: 16.0/62.4 GiB 
Using FIFO scheduling algorithm.
Resources requested: 5.0/16 CPUs, 0/1 GPUs, 0.0/32.41 GiB heap, 0.0/16.21 GiB objects (0.0/1.0 accelerator_type:P620)
Result logdir: /home/accts/ahc49/csec491/salary-negotation/ray_results/job_search_env/tf2/c5e10b200i20/PPO_2022-12-14_22-12-46
Number of trials: 3/3 (2 PENDING, 1 RUNNING)
+--------------------------------+----------+----------------------+
| Trial name                     | status   | loc                  |
|--------------------------------+----------+----------------------|
| PPO_job_search_env_593b9_00000 | RUNNING  | 128.36.232.16:503822 |
| PPO_job_search_env_593b9_00001 | PENDING  |                      |
| PPO_job_search_env_593b9_00002 | PENDING  |                      |
+--------------------------------+----------+----------------------+


== Status ==
Current time: 2022-12-14 22:13:34 (running for 00:00:47.95)
Memory usage on this node: 23.1/62.4 GiB 
Using FIFO scheduling algorithm.
Resources requested: 10.0/16 CPUs, 0/1 GPUs, 0.0/32.41 GiB heap, 0.0/16.21 GiB objects (0.0/1.0 accelerator_type:P620)
Result logdir: /home/accts/ahc49/csec491/salary-negotation/ray_results/job_search_env/tf2/c5e10b200i20/PPO_2022-12-14_22-12-46
Number of trials: 3/3 (1 PENDING, 2 RUNNING)
+--------------------------------+----------+----------------------+
| Trial name                     | status   | loc                  |
|--------------------------------+----------+----------------------|
| PPO_job_search_env_593b9_00000 | RUNNING  | 128.36.232.16:503822 |
| PPO_job_search_env_593b9_00001 | RUNNING  | 128.36.232.16:505421 |
| PPO_job_search_env_593b9_00002 | PENDING  |                      |
+--------------------------------+----------+----------------------+


== Status ==
Current time: 2022-12-14 22:14:17 (running for 00:01:30.82)
Memory usage on this node: 33.6/62.4 GiB 
Using FIFO scheduling algorithm.
Resources requested: 15.0/16 CPUs, 0/1 GPUs, 0.0/32.41 GiB heap, 0.0/16.21 GiB objects (0.0/1.0 accelerator_type:P620)
Result logdir: /home/accts/ahc49/csec491/salary-negotation/ray_results/job_search_env/tf2/c5e10b200i20/PPO_2022-12-14_22-12-46
Number of trials: 3/3 (3 RUNNING)
+--------------------------------+----------+----------------------+
| Trial name                     | status   | loc                  |
|--------------------------------+----------+----------------------|
| PPO_job_search_env_593b9_00000 | RUNNING  | 128.36.232.16:503822 |
| PPO_job_search_env_593b9_00001 | RUNNING  | 128.36.232.16:505421 |
| PPO_job_search_env_593b9_00002 | RUNNING  | 128.36.232.16:507030 |
+--------------------------------+----------+----------------------+


== Status ==
Current time: 2022-12-14 22:14:22 (running for 00:01:35.84)
Memory usage on this node: 34.0/62.4 GiB 
Using FIFO scheduling algorithm.
Resources requested: 15.0/16 CPUs, 0/1 GPUs, 0.0/32.41 GiB heap, 0.0/16.21 GiB objects (0.0/1.0 accelerator_type:P620)
Result logdir: /home/accts/ahc49/csec491/salary-negotation/ray_results/job_search_env/tf2/c5e10b200i20/PPO_2022-12-14_22-12-46
Number of trials: 3/3 (3 RUNNING)
+--------------------------------+----------+----------------------+
| Trial name                     | status   | loc                  |
|--------------------------------+----------+----------------------|
| PPO_job_search_env_593b9_00000 | RUNNING  | 128.36.232.16:503822 |
| PPO_job_search_env_593b9_00001 | RUNNING  | 128.36.232.16:505421 |
| PPO_job_search_env_593b9_00002 | RUNNING  | 128.36.232.16:507030 |
+--------------------------------+----------+----------------------+


== Status ==
Current time: 2022-12-14 22:14:27 (running for 00:01:40.85)
Memory usage on this node: 34.5/62.4 GiB 
Using FIFO scheduling algorithm.
Resources requested: 15.0/16 CPUs, 0/1 GPUs, 0.0/32.41 GiB heap, 0.0/16.21 GiB objects (0.0/1.0 accelerator_type:P620)
Result logdir: /home/accts/ahc49/csec491/salary-negotation/ray_results/job_search_env/tf2/c5e10b200i20/PPO_2022-12-14_22-12-46
Number of trials: 3/3 (3 RUNNING)
+--------------------------------+----------+----------------------+
| Trial name                     | status   | loc                  |
|--------------------------------+----------+----------------------|
| PPO_job_search_env_593b9_00000 | RUNNING  | 128.36.232.16:503822 |
| PPO_job_search_env_593b9_00001 | RUNNING  | 128.36.232.16:505421 |
| PPO_job_search_env_593b9_00002 | RUNNING  | 128.36.232.16:507030 |
+--------------------------------+----------+----------------------+


== Status ==
Current time: 2022-12-14 22:14:32 (running for 00:01:45.87)
Memory usage on this node: 35.1/62.4 GiB 
Using FIFO scheduling algorithm.
Resources requested: 15.0/16 CPUs, 0/1 GPUs, 0.0/32.41 GiB heap, 0.0/16.21 GiB objects (0.0/1.0 accelerator_type:P620)
Result logdir: /home/accts/ahc49/csec491/salary-negotation/ray_results/job_search_env/tf2/c5e10b200i20/PPO_2022-12-14_22-12-46
Number of trials: 3/3 (3 RUNNING)
+--------------------------------+----------+----------------------+
| Trial name                     | status   | loc                  |
|--------------------------------+----------+----------------------|
| PPO_job_search_env_593b9_00000 | RUNNING  | 128.36.232.16:503822 |
| PPO_job_search_env_593b9_00001 | RUNNING  | 128.36.232.16:505421 |
| PPO_job_search_env_593b9_00002 | RUNNING  | 128.36.232.16:507030 |
+--------------------------------+----------+----------------------+


== Status ==
Current time: 2022-12-14 22:14:37 (running for 00:01:50.87)
Memory usage on this node: 37.7/62.4 GiB 
Using FIFO scheduling algorithm.
Resources requested: 15.0/16 CPUs, 0/1 GPUs, 0.0/32.41 GiB heap, 0.0/16.21 GiB objects (0.0/1.0 accelerator_type:P620)
Result logdir: /home/accts/ahc49/csec491/salary-negotation/ray_results/job_search_env/tf2/c5e10b200i20/PPO_2022-12-14_22-12-46
Number of trials: 3/3 (3 RUNNING)
+--------------------------------+----------+----------------------+
| Trial name                     | status   | loc                  |
|--------------------------------+----------+----------------------|
| PPO_job_search_env_593b9_00000 | RUNNING  | 128.36.232.16:503822 |
| PPO_job_search_env_593b9_00001 | RUNNING  | 128.36.232.16:505421 |
| PPO_job_search_env_593b9_00002 | RUNNING  | 128.36.232.16:507030 |
+--------------------------------+----------+----------------------+


== Status ==
Current time: 2022-12-14 22:14:42 (running for 00:01:55.90)
Memory usage on this node: 36.4/62.4 GiB 
Using FIFO scheduling algorithm.
Resources requested: 15.0/16 CPUs, 0/1 GPUs, 0.0/32.41 GiB heap, 0.0/16.21 GiB objects (0.0/1.0 accelerator_type:P620)
Result logdir: /home/accts/ahc49/csec491/salary-negotation/ray_results/job_search_env/tf2/c5e10b200i20/PPO_2022-12-14_22-12-46
Number of trials: 3/3 (3 RUNNING)
+--------------------------------+----------+----------------------+
| Trial name                     | status   | loc                  |
|--------------------------------+----------+----------------------|
| PPO_job_search_env_593b9_00000 | RUNNING  | 128.36.232.16:503822 |
| PPO_job_search_env_593b9_00001 | RUNNING  | 128.36.232.16:505421 |
| PPO_job_search_env_593b9_00002 | RUNNING  | 128.36.232.16:507030 |
+--------------------------------+----------+----------------------+


== Status ==
Current time: 2022-12-14 22:14:47 (running for 00:02:00.90)
Memory usage on this node: 36.8/62.4 GiB 
Using FIFO scheduling algorithm.
Resources requested: 15.0/16 CPUs, 0/1 GPUs, 0.0/32.41 GiB heap, 0.0/16.21 GiB objects (0.0/1.0 accelerator_type:P620)
Result logdir: /home/accts/ahc49/csec491/salary-negotation/ray_results/job_search_env/tf2/c5e10b200i20/PPO_2022-12-14_22-12-46
Number of trials: 3/3 (3 RUNNING)
+--------------------------------+----------+----------------------+
| Trial name                     | status   | loc                  |
|--------------------------------+----------+----------------------|
| PPO_job_search_env_593b9_00000 | RUNNING  | 128.36.232.16:503822 |
| PPO_job_search_env_593b9_00001 | RUNNING  | 128.36.232.16:505421 |
| PPO_job_search_env_593b9_00002 | RUNNING  | 128.36.232.16:507030 |
+--------------------------------+----------+----------------------+


== Status ==
Current time: 2022-12-14 22:14:52 (running for 00:02:05.93)
Memory usage on this node: 37.1/62.4 GiB 
Using FIFO scheduling algorithm.
Resources requested: 15.0/16 CPUs, 0/1 GPUs, 0.0/32.41 GiB heap, 0.0/16.21 GiB objects (0.0/1.0 accelerator_type:P620)
Result logdir: /home/accts/ahc49/csec491/salary-negotation/ray_results/job_search_env/tf2/c5e10b200i20/PPO_2022-12-14_22-12-46
Number of trials: 3/3 (3 RUNNING)
+--------------------------------+----------+----------------------+
| Trial name                     | status   | loc                  |
|--------------------------------+----------+----------------------|
| PPO_job_search_env_593b9_00000 | RUNNING  | 128.36.232.16:503822 |
| PPO_job_search_env_593b9_00001 | RUNNING  | 128.36.232.16:505421 |
| PPO_job_search_env_593b9_00002 | RUNNING  | 128.36.232.16:507030 |
+--------------------------------+----------+----------------------+


== Status ==
Current time: 2022-12-14 22:14:57 (running for 00:02:10.93)
Memory usage on this node: 39.3/62.4 GiB 
Using FIFO scheduling algorithm.
Resources requested: 15.0/16 CPUs, 0/1 GPUs, 0.0/32.41 GiB heap, 0.0/16.21 GiB objects (0.0/1.0 accelerator_type:P620)
Result logdir: /home/accts/ahc49/csec491/salary-negotation/ray_results/job_search_env/tf2/c5e10b200i20/PPO_2022-12-14_22-12-46
Number of trials: 3/3 (3 RUNNING)
+--------------------------------+----------+----------------------+
| Trial name                     | status   | loc                  |
|--------------------------------+----------+----------------------|
| PPO_job_search_env_593b9_00000 | RUNNING  | 128.36.232.16:503822 |
| PPO_job_search_env_593b9_00001 | RUNNING  | 128.36.232.16:505421 |
| PPO_job_search_env_593b9_00002 | RUNNING  | 128.36.232.16:507030 |
+--------------------------------+----------+----------------------+


== Status ==
Current time: 2022-12-14 22:15:02 (running for 00:02:15.96)
Memory usage on this node: 40.1/62.4 GiB 
Using FIFO scheduling algorithm.
Resources requested: 15.0/16 CPUs, 0/1 GPUs, 0.0/32.41 GiB heap, 0.0/16.21 GiB objects (0.0/1.0 accelerator_type:P620)
Result logdir: /home/accts/ahc49/csec491/salary-negotation/ray_results/job_search_env/tf2/c5e10b200i20/PPO_2022-12-14_22-12-46
Number of trials: 3/3 (3 RUNNING)
+--------------------------------+----------+----------------------+
| Trial name                     | status   | loc                  |
|--------------------------------+----------+----------------------|
| PPO_job_search_env_593b9_00000 | RUNNING  | 128.36.232.16:503822 |
| PPO_job_search_env_593b9_00001 | RUNNING  | 128.36.232.16:505421 |
| PPO_job_search_env_593b9_00002 | RUNNING  | 128.36.232.16:507030 |
+--------------------------------+----------+----------------------+


== Status ==
Current time: 2022-12-14 22:15:07 (running for 00:02:20.96)
Memory usage on this node: 41.7/62.4 GiB 
Using FIFO scheduling algorithm.
Resources requested: 15.0/16 CPUs, 0/1 GPUs, 0.0/32.41 GiB heap, 0.0/16.21 GiB objects (0.0/1.0 accelerator_type:P620)
Result logdir: /home/accts/ahc49/csec491/salary-negotation/ray_results/job_search_env/tf2/c5e10b200i20/PPO_2022-12-14_22-12-46
Number of trials: 3/3 (3 RUNNING)
+--------------------------------+----------+----------------------+
| Trial name                     | status   | loc                  |
|--------------------------------+----------+----------------------|
| PPO_job_search_env_593b9_00000 | RUNNING  | 128.36.232.16:503822 |
| PPO_job_search_env_593b9_00001 | RUNNING  | 128.36.232.16:505421 |
| PPO_job_search_env_593b9_00002 | RUNNING  | 128.36.232.16:507030 |
+--------------------------------+----------+----------------------+


== Status ==
Current time: 2022-12-14 22:15:12 (running for 00:02:25.98)
Memory usage on this node: 41.5/62.4 GiB 
Using FIFO scheduling algorithm.
Resources requested: 15.0/16 CPUs, 0/1 GPUs, 0.0/32.41 GiB heap, 0.0/16.21 GiB objects (0.0/1.0 accelerator_type:P620)
Result logdir: /home/accts/ahc49/csec491/salary-negotation/ray_results/job_search_env/tf2/c5e10b200i20/PPO_2022-12-14_22-12-46
Number of trials: 3/3 (3 RUNNING)
+--------------------------------+----------+----------------------+
| Trial name                     | status   | loc                  |
|--------------------------------+----------+----------------------|
| PPO_job_search_env_593b9_00000 | RUNNING  | 128.36.232.16:503822 |
| PPO_job_search_env_593b9_00001 | RUNNING  | 128.36.232.16:505421 |
| PPO_job_search_env_593b9_00002 | RUNNING  | 128.36.232.16:507030 |
+--------------------------------+----------+----------------------+


== Status ==
Current time: 2022-12-14 22:15:17 (running for 00:02:30.98)
Memory usage on this node: 41.3/62.4 GiB 
Using FIFO scheduling algorithm.
Resources requested: 15.0/16 CPUs, 0/1 GPUs, 0.0/32.41 GiB heap, 0.0/16.21 GiB objects (0.0/1.0 accelerator_type:P620)
Result logdir: /home/accts/ahc49/csec491/salary-negotation/ray_results/job_search_env/tf2/c5e10b200i20/PPO_2022-12-14_22-12-46
Number of trials: 3/3 (3 RUNNING)
+--------------------------------+----------+----------------------+
| Trial name                     | status   | loc                  |
|--------------------------------+----------+----------------------|
| PPO_job_search_env_593b9_00000 | RUNNING  | 128.36.232.16:503822 |
| PPO_job_search_env_593b9_00001 | RUNNING  | 128.36.232.16:505421 |
| PPO_job_search_env_593b9_00002 | RUNNING  | 128.36.232.16:507030 |
+--------------------------------+----------+----------------------+


== Status ==
Current time: 2022-12-14 22:15:22 (running for 00:02:36.01)
Memory usage on this node: 41.7/62.4 GiB 
Using FIFO scheduling algorithm.
Resources requested: 15.0/16 CPUs, 0/1 GPUs, 0.0/32.41 GiB heap, 0.0/16.21 GiB objects (0.0/1.0 accelerator_type:P620)
Result logdir: /home/accts/ahc49/csec491/salary-negotation/ray_results/job_search_env/tf2/c5e10b200i20/PPO_2022-12-14_22-12-46
Number of trials: 3/3 (3 RUNNING)
+--------------------------------+----------+----------------------+
| Trial name                     | status   | loc                  |
|--------------------------------+----------+----------------------|
| PPO_job_search_env_593b9_00000 | RUNNING  | 128.36.232.16:503822 |
| PPO_job_search_env_593b9_00001 | RUNNING  | 128.36.232.16:505421 |
| PPO_job_search_env_593b9_00002 | RUNNING  | 128.36.232.16:507030 |
+--------------------------------+----------+----------------------+


== Status ==
Current time: 2022-12-14 22:15:27 (running for 00:02:41.02)
Memory usage on this node: 42.1/62.4 GiB 
Using FIFO scheduling algorithm.
Resources requested: 15.0/16 CPUs, 0/1 GPUs, 0.0/32.41 GiB heap, 0.0/16.21 GiB objects (0.0/1.0 accelerator_type:P620)
Result logdir: /home/accts/ahc49/csec491/salary-negotation/ray_results/job_search_env/tf2/c5e10b200i20/PPO_2022-12-14_22-12-46
Number of trials: 3/3 (3 RUNNING)
+--------------------------------+----------+----------------------+
| Trial name                     | status   | loc                  |
|--------------------------------+----------+----------------------|
| PPO_job_search_env_593b9_00000 | RUNNING  | 128.36.232.16:503822 |
| PPO_job_search_env_593b9_00001 | RUNNING  | 128.36.232.16:505421 |
| PPO_job_search_env_593b9_00002 | RUNNING  | 128.36.232.16:507030 |
+--------------------------------+----------+----------------------+


== Status ==
Current time: 2022-12-14 22:15:32 (running for 00:02:46.03)
Memory usage on this node: 44.4/62.4 GiB 
Using FIFO scheduling algorithm.
Resources requested: 15.0/16 CPUs, 0/1 GPUs, 0.0/32.41 GiB heap, 0.0/16.21 GiB objects (0.0/1.0 accelerator_type:P620)
Result logdir: /home/accts/ahc49/csec491/salary-negotation/ray_results/job_search_env/tf2/c5e10b200i20/PPO_2022-12-14_22-12-46
Number of trials: 3/3 (3 RUNNING)
+--------------------------------+----------+----------------------+
| Trial name                     | status   | loc                  |
|--------------------------------+----------+----------------------|
| PPO_job_search_env_593b9_00000 | RUNNING  | 128.36.232.16:503822 |
| PPO_job_search_env_593b9_00001 | RUNNING  | 128.36.232.16:505421 |
| PPO_job_search_env_593b9_00002 | RUNNING  | 128.36.232.16:507030 |
+--------------------------------+----------+----------------------+


== Status ==
Current time: 2022-12-14 22:15:37 (running for 00:02:51.04)
Memory usage on this node: 46.6/62.4 GiB 
Using FIFO scheduling algorithm.
Resources requested: 15.0/16 CPUs, 0/1 GPUs, 0.0/32.41 GiB heap, 0.0/16.21 GiB objects (0.0/1.0 accelerator_type:P620)
Result logdir: /home/accts/ahc49/csec491/salary-negotation/ray_results/job_search_env/tf2/c5e10b200i20/PPO_2022-12-14_22-12-46
Number of trials: 3/3 (3 RUNNING)
+--------------------------------+----------+----------------------+
| Trial name                     | status   | loc                  |
|--------------------------------+----------+----------------------|
| PPO_job_search_env_593b9_00000 | RUNNING  | 128.36.232.16:503822 |
| PPO_job_search_env_593b9_00001 | RUNNING  | 128.36.232.16:505421 |
| PPO_job_search_env_593b9_00002 | RUNNING  | 128.36.232.16:507030 |
+--------------------------------+----------+----------------------+


== Status ==
Current time: 2022-12-14 22:15:42 (running for 00:02:56.06)
Memory usage on this node: 46.5/62.4 GiB 
Using FIFO scheduling algorithm.
Resources requested: 15.0/16 CPUs, 0/1 GPUs, 0.0/32.41 GiB heap, 0.0/16.21 GiB objects (0.0/1.0 accelerator_type:P620)
Result logdir: /home/accts/ahc49/csec491/salary-negotation/ray_results/job_search_env/tf2/c5e10b200i20/PPO_2022-12-14_22-12-46
Number of trials: 3/3 (3 RUNNING)
+--------------------------------+----------+----------------------+
| Trial name                     | status   | loc                  |
|--------------------------------+----------+----------------------|
| PPO_job_search_env_593b9_00000 | RUNNING  | 128.36.232.16:503822 |
| PPO_job_search_env_593b9_00001 | RUNNING  | 128.36.232.16:505421 |
| PPO_job_search_env_593b9_00002 | RUNNING  | 128.36.232.16:507030 |
+--------------------------------+----------+----------------------+


== Status ==
Current time: 2022-12-14 22:15:47 (running for 00:03:01.06)
Memory usage on this node: 47.8/62.4 GiB 
Using FIFO scheduling algorithm.
Resources requested: 15.0/16 CPUs, 0/1 GPUs, 0.0/32.41 GiB heap, 0.0/16.21 GiB objects (0.0/1.0 accelerator_type:P620)
Result logdir: /home/accts/ahc49/csec491/salary-negotation/ray_results/job_search_env/tf2/c5e10b200i20/PPO_2022-12-14_22-12-46
Number of trials: 3/3 (3 RUNNING)
+--------------------------------+----------+----------------------+
| Trial name                     | status   | loc                  |
|--------------------------------+----------+----------------------|
| PPO_job_search_env_593b9_00000 | RUNNING  | 128.36.232.16:503822 |
| PPO_job_search_env_593b9_00001 | RUNNING  | 128.36.232.16:505421 |
| PPO_job_search_env_593b9_00002 | RUNNING  | 128.36.232.16:507030 |
+--------------------------------+----------+----------------------+


== Status ==
Current time: 2022-12-14 22:15:52 (running for 00:03:06.08)
Memory usage on this node: 48.7/62.4 GiB 
Using FIFO scheduling algorithm.
Resources requested: 15.0/16 CPUs, 0/1 GPUs, 0.0/32.41 GiB heap, 0.0/16.21 GiB objects (0.0/1.0 accelerator_type:P620)
Result logdir: /home/accts/ahc49/csec491/salary-negotation/ray_results/job_search_env/tf2/c5e10b200i20/PPO_2022-12-14_22-12-46
Number of trials: 3/3 (3 RUNNING)
+--------------------------------+----------+----------------------+
| Trial name                     | status   | loc                  |
|--------------------------------+----------+----------------------|
| PPO_job_search_env_593b9_00000 | RUNNING  | 128.36.232.16:503822 |
| PPO_job_search_env_593b9_00001 | RUNNING  | 128.36.232.16:505421 |
| PPO_job_search_env_593b9_00002 | RUNNING  | 128.36.232.16:507030 |
+--------------------------------+----------+----------------------+


== Status ==
Current time: 2022-12-14 22:15:57 (running for 00:03:11.08)
Memory usage on this node: 48.8/62.4 GiB 
Using FIFO scheduling algorithm.
Resources requested: 15.0/16 CPUs, 0/1 GPUs, 0.0/32.41 GiB heap, 0.0/16.21 GiB objects (0.0/1.0 accelerator_type:P620)
Result logdir: /home/accts/ahc49/csec491/salary-negotation/ray_results/job_search_env/tf2/c5e10b200i20/PPO_2022-12-14_22-12-46
Number of trials: 3/3 (3 RUNNING)
+--------------------------------+----------+----------------------+
| Trial name                     | status   | loc                  |
|--------------------------------+----------+----------------------|
| PPO_job_search_env_593b9_00000 | RUNNING  | 128.36.232.16:503822 |
| PPO_job_search_env_593b9_00001 | RUNNING  | 128.36.232.16:505421 |
| PPO_job_search_env_593b9_00002 | RUNNING  | 128.36.232.16:507030 |
+--------------------------------+----------+----------------------+


== Status ==
Current time: 2022-12-14 22:16:02 (running for 00:03:16.10)
Memory usage on this node: 49.3/62.4 GiB 
Using FIFO scheduling algorithm.
Resources requested: 15.0/16 CPUs, 0/1 GPUs, 0.0/32.41 GiB heap, 0.0/16.21 GiB objects (0.0/1.0 accelerator_type:P620)
Result logdir: /home/accts/ahc49/csec491/salary-negotation/ray_results/job_search_env/tf2/c5e10b200i20/PPO_2022-12-14_22-12-46
Number of trials: 3/3 (3 RUNNING)
+--------------------------------+----------+----------------------+
| Trial name                     | status   | loc                  |
|--------------------------------+----------+----------------------|
| PPO_job_search_env_593b9_00000 | RUNNING  | 128.36.232.16:503822 |
| PPO_job_search_env_593b9_00001 | RUNNING  | 128.36.232.16:505421 |
| PPO_job_search_env_593b9_00002 | RUNNING  | 128.36.232.16:507030 |
+--------------------------------+----------+----------------------+


== Status ==
Current time: 2022-12-14 22:16:07 (running for 00:03:21.10)
Memory usage on this node: 49.9/62.4 GiB 
Using FIFO scheduling algorithm.
Resources requested: 15.0/16 CPUs, 0/1 GPUs, 0.0/32.41 GiB heap, 0.0/16.21 GiB objects (0.0/1.0 accelerator_type:P620)
Result logdir: /home/accts/ahc49/csec491/salary-negotation/ray_results/job_search_env/tf2/c5e10b200i20/PPO_2022-12-14_22-12-46
Number of trials: 3/3 (3 RUNNING)
+--------------------------------+----------+----------------------+
| Trial name                     | status   | loc                  |
|--------------------------------+----------+----------------------|
| PPO_job_search_env_593b9_00000 | RUNNING  | 128.36.232.16:503822 |
| PPO_job_search_env_593b9_00001 | RUNNING  | 128.36.232.16:505421 |
| PPO_job_search_env_593b9_00002 | RUNNING  | 128.36.232.16:507030 |
+--------------------------------+----------+----------------------+


== Status ==
Current time: 2022-12-14 22:16:12 (running for 00:03:26.12)
Memory usage on this node: 51.0/62.4 GiB 
Using FIFO scheduling algorithm.
Resources requested: 15.0/16 CPUs, 0/1 GPUs, 0.0/32.41 GiB heap, 0.0/16.21 GiB objects (0.0/1.0 accelerator_type:P620)
Result logdir: /home/accts/ahc49/csec491/salary-negotation/ray_results/job_search_env/tf2/c5e10b200i20/PPO_2022-12-14_22-12-46
Number of trials: 3/3 (3 RUNNING)
+--------------------------------+----------+----------------------+
| Trial name                     | status   | loc                  |
|--------------------------------+----------+----------------------|
| PPO_job_search_env_593b9_00000 | RUNNING  | 128.36.232.16:503822 |
| PPO_job_search_env_593b9_00001 | RUNNING  | 128.36.232.16:505421 |
| PPO_job_search_env_593b9_00002 | RUNNING  | 128.36.232.16:507030 |
+--------------------------------+----------+----------------------+


== Status ==
Current time: 2022-12-14 22:16:17 (running for 00:03:31.13)
Memory usage on this node: 49.9/62.4 GiB 
Using FIFO scheduling algorithm.
Resources requested: 15.0/16 CPUs, 0/1 GPUs, 0.0/32.41 GiB heap, 0.0/16.21 GiB objects (0.0/1.0 accelerator_type:P620)
Result logdir: /home/accts/ahc49/csec491/salary-negotation/ray_results/job_search_env/tf2/c5e10b200i20/PPO_2022-12-14_22-12-46
Number of trials: 3/3 (3 RUNNING)
+--------------------------------+----------+----------------------+
| Trial name                     | status   | loc                  |
|--------------------------------+----------+----------------------|
| PPO_job_search_env_593b9_00000 | RUNNING  | 128.36.232.16:503822 |
| PPO_job_search_env_593b9_00001 | RUNNING  | 128.36.232.16:505421 |
| PPO_job_search_env_593b9_00002 | RUNNING  | 128.36.232.16:507030 |
+--------------------------------+----------+----------------------+


== Status ==
Current time: 2022-12-14 22:16:22 (running for 00:03:36.14)
Memory usage on this node: 50.8/62.4 GiB 
Using FIFO scheduling algorithm.
Resources requested: 15.0/16 CPUs, 0/1 GPUs, 0.0/32.41 GiB heap, 0.0/16.21 GiB objects (0.0/1.0 accelerator_type:P620)
Result logdir: /home/accts/ahc49/csec491/salary-negotation/ray_results/job_search_env/tf2/c5e10b200i20/PPO_2022-12-14_22-12-46
Number of trials: 3/3 (3 RUNNING)
+--------------------------------+----------+----------------------+
| Trial name                     | status   | loc                  |
|--------------------------------+----------+----------------------|
| PPO_job_search_env_593b9_00000 | RUNNING  | 128.36.232.16:503822 |
| PPO_job_search_env_593b9_00001 | RUNNING  | 128.36.232.16:505421 |
| PPO_job_search_env_593b9_00002 | RUNNING  | 128.36.232.16:507030 |
+--------------------------------+----------+----------------------+


== Status ==
Current time: 2022-12-14 22:16:27 (running for 00:03:41.14)
Memory usage on this node: 51.8/62.4 GiB 
Using FIFO scheduling algorithm.
Resources requested: 15.0/16 CPUs, 0/1 GPUs, 0.0/32.41 GiB heap, 0.0/16.21 GiB objects (0.0/1.0 accelerator_type:P620)
Result logdir: /home/accts/ahc49/csec491/salary-negotation/ray_results/job_search_env/tf2/c5e10b200i20/PPO_2022-12-14_22-12-46
Number of trials: 3/3 (3 RUNNING)
+--------------------------------+----------+----------------------+
| Trial name                     | status   | loc                  |
|--------------------------------+----------+----------------------|
| PPO_job_search_env_593b9_00000 | RUNNING  | 128.36.232.16:503822 |
| PPO_job_search_env_593b9_00001 | RUNNING  | 128.36.232.16:505421 |
| PPO_job_search_env_593b9_00002 | RUNNING  | 128.36.232.16:507030 |
+--------------------------------+----------+----------------------+


== Status ==
Current time: 2022-12-14 22:16:32 (running for 00:03:46.18)
Memory usage on this node: 52.7/62.4 GiB 
Using FIFO scheduling algorithm.
Resources requested: 15.0/16 CPUs, 0/1 GPUs, 0.0/32.41 GiB heap, 0.0/16.21 GiB objects (0.0/1.0 accelerator_type:P620)
Result logdir: /home/accts/ahc49/csec491/salary-negotation/ray_results/job_search_env/tf2/c5e10b200i20/PPO_2022-12-14_22-12-46
Number of trials: 3/3 (3 RUNNING)
+--------------------------------+----------+----------------------+
| Trial name                     | status   | loc                  |
|--------------------------------+----------+----------------------|
| PPO_job_search_env_593b9_00000 | RUNNING  | 128.36.232.16:503822 |
| PPO_job_search_env_593b9_00001 | RUNNING  | 128.36.232.16:505421 |
| PPO_job_search_env_593b9_00002 | RUNNING  | 128.36.232.16:507030 |
+--------------------------------+----------+----------------------+


== Status ==
Current time: 2022-12-14 22:16:37 (running for 00:03:51.18)
Memory usage on this node: 52.0/62.4 GiB 
Using FIFO scheduling algorithm.
Resources requested: 15.0/16 CPUs, 0/1 GPUs, 0.0/32.41 GiB heap, 0.0/16.21 GiB objects (0.0/1.0 accelerator_type:P620)
Result logdir: /home/accts/ahc49/csec491/salary-negotation/ray_results/job_search_env/tf2/c5e10b200i20/PPO_2022-12-14_22-12-46
Number of trials: 3/3 (3 RUNNING)
+--------------------------------+----------+----------------------+
| Trial name                     | status   | loc                  |
|--------------------------------+----------+----------------------|
| PPO_job_search_env_593b9_00000 | RUNNING  | 128.36.232.16:503822 |
| PPO_job_search_env_593b9_00001 | RUNNING  | 128.36.232.16:505421 |
| PPO_job_search_env_593b9_00002 | RUNNING  | 128.36.232.16:507030 |
+--------------------------------+----------+----------------------+


== Status ==
Current time: 2022-12-14 22:16:42 (running for 00:03:56.21)
Memory usage on this node: 53.3/62.4 GiB 
Using FIFO scheduling algorithm.
Resources requested: 15.0/16 CPUs, 0/1 GPUs, 0.0/32.41 GiB heap, 0.0/16.21 GiB objects (0.0/1.0 accelerator_type:P620)
Result logdir: /home/accts/ahc49/csec491/salary-negotation/ray_results/job_search_env/tf2/c5e10b200i20/PPO_2022-12-14_22-12-46
Number of trials: 3/3 (3 RUNNING)
+--------------------------------+----------+----------------------+
| Trial name                     | status   | loc                  |
|--------------------------------+----------+----------------------|
| PPO_job_search_env_593b9_00000 | RUNNING  | 128.36.232.16:503822 |
| PPO_job_search_env_593b9_00001 | RUNNING  | 128.36.232.16:505421 |
| PPO_job_search_env_593b9_00002 | RUNNING  | 128.36.232.16:507030 |
+--------------------------------+----------+----------------------+


== Status ==
Current time: 2022-12-14 22:16:47 (running for 00:04:01.21)
Memory usage on this node: 53.8/62.4 GiB 
Using FIFO scheduling algorithm.
Resources requested: 15.0/16 CPUs, 0/1 GPUs, 0.0/32.41 GiB heap, 0.0/16.21 GiB objects (0.0/1.0 accelerator_type:P620)
Result logdir: /home/accts/ahc49/csec491/salary-negotation/ray_results/job_search_env/tf2/c5e10b200i20/PPO_2022-12-14_22-12-46
Number of trials: 3/3 (3 RUNNING)
+--------------------------------+----------+----------------------+
| Trial name                     | status   | loc                  |
|--------------------------------+----------+----------------------|
| PPO_job_search_env_593b9_00000 | RUNNING  | 128.36.232.16:503822 |
| PPO_job_search_env_593b9_00001 | RUNNING  | 128.36.232.16:505421 |
| PPO_job_search_env_593b9_00002 | RUNNING  | 128.36.232.16:507030 |
+--------------------------------+----------+----------------------+


== Status ==
Current time: 2022-12-14 22:16:52 (running for 00:04:06.23)
Memory usage on this node: 54.6/62.4 GiB 
Using FIFO scheduling algorithm.
Resources requested: 15.0/16 CPUs, 0/1 GPUs, 0.0/32.41 GiB heap, 0.0/16.21 GiB objects (0.0/1.0 accelerator_type:P620)
Result logdir: /home/accts/ahc49/csec491/salary-negotation/ray_results/job_search_env/tf2/c5e10b200i20/PPO_2022-12-14_22-12-46
Number of trials: 3/3 (3 RUNNING)
+--------------------------------+----------+----------------------+
| Trial name                     | status   | loc                  |
|--------------------------------+----------+----------------------|
| PPO_job_search_env_593b9_00000 | RUNNING  | 128.36.232.16:503822 |
| PPO_job_search_env_593b9_00001 | RUNNING  | 128.36.232.16:505421 |
| PPO_job_search_env_593b9_00002 | RUNNING  | 128.36.232.16:507030 |
+--------------------------------+----------+----------------------+


== Status ==
Current time: 2022-12-14 22:16:57 (running for 00:04:11.23)
Memory usage on this node: 54.2/62.4 GiB 
Using FIFO scheduling algorithm.
Resources requested: 15.0/16 CPUs, 0/1 GPUs, 0.0/32.41 GiB heap, 0.0/16.21 GiB objects (0.0/1.0 accelerator_type:P620)
Result logdir: /home/accts/ahc49/csec491/salary-negotation/ray_results/job_search_env/tf2/c5e10b200i20/PPO_2022-12-14_22-12-46
Number of trials: 3/3 (3 RUNNING)
+--------------------------------+----------+----------------------+
| Trial name                     | status   | loc                  |
|--------------------------------+----------+----------------------|
| PPO_job_search_env_593b9_00000 | RUNNING  | 128.36.232.16:503822 |
| PPO_job_search_env_593b9_00001 | RUNNING  | 128.36.232.16:505421 |
| PPO_job_search_env_593b9_00002 | RUNNING  | 128.36.232.16:507030 |
+--------------------------------+----------+----------------------+


== Status ==
Current time: 2022-12-14 22:17:02 (running for 00:04:16.26)
Memory usage on this node: 53.8/62.4 GiB 
Using FIFO scheduling algorithm.
Resources requested: 15.0/16 CPUs, 0/1 GPUs, 0.0/32.41 GiB heap, 0.0/16.21 GiB objects (0.0/1.0 accelerator_type:P620)
Result logdir: /home/accts/ahc49/csec491/salary-negotation/ray_results/job_search_env/tf2/c5e10b200i20/PPO_2022-12-14_22-12-46
Number of trials: 3/3 (3 RUNNING)
+--------------------------------+----------+----------------------+
| Trial name                     | status   | loc                  |
|--------------------------------+----------+----------------------|
| PPO_job_search_env_593b9_00000 | RUNNING  | 128.36.232.16:503822 |
| PPO_job_search_env_593b9_00001 | RUNNING  | 128.36.232.16:505421 |
| PPO_job_search_env_593b9_00002 | RUNNING  | 128.36.232.16:507030 |
+--------------------------------+----------+----------------------+


== Status ==
Current time: 2022-12-14 22:17:07 (running for 00:04:21.26)
Memory usage on this node: 53.6/62.4 GiB 
Using FIFO scheduling algorithm.
Resources requested: 15.0/16 CPUs, 0/1 GPUs, 0.0/32.41 GiB heap, 0.0/16.21 GiB objects (0.0/1.0 accelerator_type:P620)
Result logdir: /home/accts/ahc49/csec491/salary-negotation/ray_results/job_search_env/tf2/c5e10b200i20/PPO_2022-12-14_22-12-46
Number of trials: 3/3 (3 RUNNING)
+--------------------------------+----------+----------------------+
| Trial name                     | status   | loc                  |
|--------------------------------+----------+----------------------|
| PPO_job_search_env_593b9_00000 | RUNNING  | 128.36.232.16:503822 |
| PPO_job_search_env_593b9_00001 | RUNNING  | 128.36.232.16:505421 |
| PPO_job_search_env_593b9_00002 | RUNNING  | 128.36.232.16:507030 |
+--------------------------------+----------+----------------------+


== Status ==
Current time: 2022-12-14 22:17:12 (running for 00:04:26.28)
Memory usage on this node: 55.2/62.4 GiB 
Using FIFO scheduling algorithm.
Resources requested: 15.0/16 CPUs, 0/1 GPUs, 0.0/32.41 GiB heap, 0.0/16.21 GiB objects (0.0/1.0 accelerator_type:P620)
Result logdir: /home/accts/ahc49/csec491/salary-negotation/ray_results/job_search_env/tf2/c5e10b200i20/PPO_2022-12-14_22-12-46
Number of trials: 3/3 (3 RUNNING)
+--------------------------------+----------+----------------------+
| Trial name                     | status   | loc                  |
|--------------------------------+----------+----------------------|
| PPO_job_search_env_593b9_00000 | RUNNING  | 128.36.232.16:503822 |
| PPO_job_search_env_593b9_00001 | RUNNING  | 128.36.232.16:505421 |
| PPO_job_search_env_593b9_00002 | RUNNING  | 128.36.232.16:507030 |
+--------------------------------+----------+----------------------+


== Status ==
Current time: 2022-12-14 22:17:17 (running for 00:04:31.29)
Memory usage on this node: 56.8/62.4 GiB : ***LOW MEMORY*** less than 10% of the memory on this node is available for use. This can cause unexpected crashes. Consider reducing the memory used by your application or reducing the Ray object store size by setting `object_store_memory` when calling `ray.init`.
Using FIFO scheduling algorithm.
Resources requested: 15.0/16 CPUs, 0/1 GPUs, 0.0/32.41 GiB heap, 0.0/16.21 GiB objects (0.0/1.0 accelerator_type:P620)
Result logdir: /home/accts/ahc49/csec491/salary-negotation/ray_results/job_search_env/tf2/c5e10b200i20/PPO_2022-12-14_22-12-46
Number of trials: 3/3 (3 RUNNING)
+--------------------------------+----------+----------------------+
| Trial name                     | status   | loc                  |
|--------------------------------+----------+----------------------|
| PPO_job_search_env_593b9_00000 | RUNNING  | 128.36.232.16:503822 |
| PPO_job_search_env_593b9_00001 | RUNNING  | 128.36.232.16:505421 |
| PPO_job_search_env_593b9_00002 | RUNNING  | 128.36.232.16:507030 |
+--------------------------------+----------+----------------------+


== Status ==
Current time: 2022-12-14 22:17:23 (running for 00:04:36.32)
Memory usage on this node: 58.4/62.4 GiB : ***LOW MEMORY*** less than 10% of the memory on this node is available for use. This can cause unexpected crashes. Consider reducing the memory used by your application or reducing the Ray object store size by setting `object_store_memory` when calling `ray.init`.
Using FIFO scheduling algorithm.
Resources requested: 15.0/16 CPUs, 0/1 GPUs, 0.0/32.41 GiB heap, 0.0/16.21 GiB objects (0.0/1.0 accelerator_type:P620)
Result logdir: /home/accts/ahc49/csec491/salary-negotation/ray_results/job_search_env/tf2/c5e10b200i20/PPO_2022-12-14_22-12-46
Number of trials: 3/3 (3 RUNNING)
+--------------------------------+----------+----------------------+
| Trial name                     | status   | loc                  |
|--------------------------------+----------+----------------------|
| PPO_job_search_env_593b9_00000 | RUNNING  | 128.36.232.16:503822 |
| PPO_job_search_env_593b9_00001 | RUNNING  | 128.36.232.16:505421 |
| PPO_job_search_env_593b9_00002 | RUNNING  | 128.36.232.16:507030 |
+--------------------------------+----------+----------------------+


== Status ==
Current time: 2022-12-14 22:17:28 (running for 00:04:41.32)
Memory usage on this node: 57.9/62.4 GiB : ***LOW MEMORY*** less than 10% of the memory on this node is available for use. This can cause unexpected crashes. Consider reducing the memory used by your application or reducing the Ray object store size by setting `object_store_memory` when calling `ray.init`.
Using FIFO scheduling algorithm.
Resources requested: 15.0/16 CPUs, 0/1 GPUs, 0.0/32.41 GiB heap, 0.0/16.21 GiB objects (0.0/1.0 accelerator_type:P620)
Result logdir: /home/accts/ahc49/csec491/salary-negotation/ray_results/job_search_env/tf2/c5e10b200i20/PPO_2022-12-14_22-12-46
Number of trials: 3/3 (3 RUNNING)
+--------------------------------+----------+----------------------+
| Trial name                     | status   | loc                  |
|--------------------------------+----------+----------------------|
| PPO_job_search_env_593b9_00000 | RUNNING  | 128.36.232.16:503822 |
| PPO_job_search_env_593b9_00001 | RUNNING  | 128.36.232.16:505421 |
| PPO_job_search_env_593b9_00002 | RUNNING  | 128.36.232.16:507030 |
+--------------------------------+----------+----------------------+


== Status ==
Current time: 2022-12-14 22:17:33 (running for 00:04:46.34)
Memory usage on this node: 58.7/62.4 GiB : ***LOW MEMORY*** less than 10% of the memory on this node is available for use. This can cause unexpected crashes. Consider reducing the memory used by your application or reducing the Ray object store size by setting `object_store_memory` when calling `ray.init`.
Using FIFO scheduling algorithm.
Resources requested: 15.0/16 CPUs, 0/1 GPUs, 0.0/32.41 GiB heap, 0.0/16.21 GiB objects (0.0/1.0 accelerator_type:P620)
Result logdir: /home/accts/ahc49/csec491/salary-negotation/ray_results/job_search_env/tf2/c5e10b200i20/PPO_2022-12-14_22-12-46
Number of trials: 3/3 (3 RUNNING)
+--------------------------------+----------+----------------------+
| Trial name                     | status   | loc                  |
|--------------------------------+----------+----------------------|
| PPO_job_search_env_593b9_00000 | RUNNING  | 128.36.232.16:503822 |
| PPO_job_search_env_593b9_00001 | RUNNING  | 128.36.232.16:505421 |
| PPO_job_search_env_593b9_00002 | RUNNING  | 128.36.232.16:507030 |
+--------------------------------+----------+----------------------+


== Status ==
Current time: 2022-12-14 22:17:38 (running for 00:04:51.34)
Memory usage on this node: 58.8/62.4 GiB : ***LOW MEMORY*** less than 10% of the memory on this node is available for use. This can cause unexpected crashes. Consider reducing the memory used by your application or reducing the Ray object store size by setting `object_store_memory` when calling `ray.init`.
Using FIFO scheduling algorithm.
Resources requested: 15.0/16 CPUs, 0/1 GPUs, 0.0/32.41 GiB heap, 0.0/16.21 GiB objects (0.0/1.0 accelerator_type:P620)
Result logdir: /home/accts/ahc49/csec491/salary-negotation/ray_results/job_search_env/tf2/c5e10b200i20/PPO_2022-12-14_22-12-46
Number of trials: 3/3 (3 RUNNING)
+--------------------------------+----------+----------------------+
| Trial name                     | status   | loc                  |
|--------------------------------+----------+----------------------|
| PPO_job_search_env_593b9_00000 | RUNNING  | 128.36.232.16:503822 |
| PPO_job_search_env_593b9_00001 | RUNNING  | 128.36.232.16:505421 |
| PPO_job_search_env_593b9_00002 | RUNNING  | 128.36.232.16:507030 |
+--------------------------------+----------+----------------------+


== Status ==
Current time: 2022-12-14 22:17:43 (running for 00:04:56.36)
Memory usage on this node: 58.1/62.4 GiB : ***LOW MEMORY*** less than 10% of the memory on this node is available for use. This can cause unexpected crashes. Consider reducing the memory used by your application or reducing the Ray object store size by setting `object_store_memory` when calling `ray.init`.
Using FIFO scheduling algorithm.
Resources requested: 15.0/16 CPUs, 0/1 GPUs, 0.0/32.41 GiB heap, 0.0/16.21 GiB objects (0.0/1.0 accelerator_type:P620)
Result logdir: /home/accts/ahc49/csec491/salary-negotation/ray_results/job_search_env/tf2/c5e10b200i20/PPO_2022-12-14_22-12-46
Number of trials: 3/3 (3 RUNNING)
+--------------------------------+----------+----------------------+
| Trial name                     | status   | loc                  |
|--------------------------------+----------+----------------------|
| PPO_job_search_env_593b9_00000 | RUNNING  | 128.36.232.16:503822 |
| PPO_job_search_env_593b9_00001 | RUNNING  | 128.36.232.16:505421 |
| PPO_job_search_env_593b9_00002 | RUNNING  | 128.36.232.16:507030 |
+--------------------------------+----------+----------------------+


== Status ==
Current time: 2022-12-14 22:17:48 (running for 00:05:01.36)
Memory usage on this node: 59.5/62.4 GiB : ***LOW MEMORY*** less than 10% of the memory on this node is available for use. This can cause unexpected crashes. Consider reducing the memory used by your application or reducing the Ray object store size by setting `object_store_memory` when calling `ray.init`.
Using FIFO scheduling algorithm.
Resources requested: 15.0/16 CPUs, 0/1 GPUs, 0.0/32.41 GiB heap, 0.0/16.21 GiB objects (0.0/1.0 accelerator_type:P620)
Result logdir: /home/accts/ahc49/csec491/salary-negotation/ray_results/job_search_env/tf2/c5e10b200i20/PPO_2022-12-14_22-12-46
Number of trials: 3/3 (3 RUNNING)
+--------------------------------+----------+----------------------+
| Trial name                     | status   | loc                  |
|--------------------------------+----------+----------------------|
| PPO_job_search_env_593b9_00000 | RUNNING  | 128.36.232.16:503822 |
| PPO_job_search_env_593b9_00001 | RUNNING  | 128.36.232.16:505421 |
| PPO_job_search_env_593b9_00002 | RUNNING  | 128.36.232.16:507030 |
+--------------------------------+----------+----------------------+


== Status ==
Current time: 2022-12-14 22:17:53 (running for 00:05:06.38)
Memory usage on this node: 59.7/62.4 GiB : ***LOW MEMORY*** less than 10% of the memory on this node is available for use. This can cause unexpected crashes. Consider reducing the memory used by your application or reducing the Ray object store size by setting `object_store_memory` when calling `ray.init`.
Using FIFO scheduling algorithm.
Resources requested: 15.0/16 CPUs, 0/1 GPUs, 0.0/32.41 GiB heap, 0.0/16.21 GiB objects (0.0/1.0 accelerator_type:P620)
Result logdir: /home/accts/ahc49/csec491/salary-negotation/ray_results/job_search_env/tf2/c5e10b200i20/PPO_2022-12-14_22-12-46
Number of trials: 3/3 (3 RUNNING)
+--------------------------------+----------+----------------------+
| Trial name                     | status   | loc                  |
|--------------------------------+----------+----------------------|
| PPO_job_search_env_593b9_00000 | RUNNING  | 128.36.232.16:503822 |
| PPO_job_search_env_593b9_00001 | RUNNING  | 128.36.232.16:505421 |
| PPO_job_search_env_593b9_00002 | RUNNING  | 128.36.232.16:507030 |
+--------------------------------+----------+----------------------+


== Status ==
Current time: 2022-12-14 22:17:58 (running for 00:05:11.38)
Memory usage on this node: 60.6/62.4 GiB : ***LOW MEMORY*** less than 10% of the memory on this node is available for use. This can cause unexpected crashes. Consider reducing the memory used by your application or reducing the Ray object store size by setting `object_store_memory` when calling `ray.init`.
Using FIFO scheduling algorithm.
Resources requested: 15.0/16 CPUs, 0/1 GPUs, 0.0/32.41 GiB heap, 0.0/16.21 GiB objects (0.0/1.0 accelerator_type:P620)
Result logdir: /home/accts/ahc49/csec491/salary-negotation/ray_results/job_search_env/tf2/c5e10b200i20/PPO_2022-12-14_22-12-46
Number of trials: 3/3 (3 RUNNING)
+--------------------------------+----------+----------------------+
| Trial name                     | status   | loc                  |
|--------------------------------+----------+----------------------|
| PPO_job_search_env_593b9_00000 | RUNNING  | 128.36.232.16:503822 |
| PPO_job_search_env_593b9_00001 | RUNNING  | 128.36.232.16:505421 |
| PPO_job_search_env_593b9_00002 | RUNNING  | 128.36.232.16:507030 |
+--------------------------------+----------+----------------------+


== Status ==
Current time: 2022-12-14 22:18:03 (running for 00:05:16.41)
Memory usage on this node: 61.5/62.4 GiB : ***LOW MEMORY*** less than 10% of the memory on this node is available for use. This can cause unexpected crashes. Consider reducing the memory used by your application or reducing the Ray object store size by setting `object_store_memory` when calling `ray.init`.
Using FIFO scheduling algorithm.
Resources requested: 15.0/16 CPUs, 0/1 GPUs, 0.0/32.41 GiB heap, 0.0/16.21 GiB objects (0.0/1.0 accelerator_type:P620)
Result logdir: /home/accts/ahc49/csec491/salary-negotation/ray_results/job_search_env/tf2/c5e10b200i20/PPO_2022-12-14_22-12-46
Number of trials: 3/3 (3 RUNNING)
+--------------------------------+----------+----------------------+
| Trial name                     | status   | loc                  |
|--------------------------------+----------+----------------------|
| PPO_job_search_env_593b9_00000 | RUNNING  | 128.36.232.16:503822 |
| PPO_job_search_env_593b9_00001 | RUNNING  | 128.36.232.16:505421 |
| PPO_job_search_env_593b9_00002 | RUNNING  | 128.36.232.16:507030 |
+--------------------------------+----------+----------------------+


== Status ==
Current time: 2022-12-14 22:18:08 (running for 00:05:21.41)
Memory usage on this node: 61.7/62.4 GiB : ***LOW MEMORY*** less than 10% of the memory on this node is available for use. This can cause unexpected crashes. Consider reducing the memory used by your application or reducing the Ray object store size by setting `object_store_memory` when calling `ray.init`.
Using FIFO scheduling algorithm.
Resources requested: 15.0/16 CPUs, 0/1 GPUs, 0.0/32.41 GiB heap, 0.0/16.21 GiB objects (0.0/1.0 accelerator_type:P620)
Result logdir: /home/accts/ahc49/csec491/salary-negotation/ray_results/job_search_env/tf2/c5e10b200i20/PPO_2022-12-14_22-12-46
Number of trials: 3/3 (3 RUNNING)
+--------------------------------+----------+----------------------+
| Trial name                     | status   | loc                  |
|--------------------------------+----------+----------------------|
| PPO_job_search_env_593b9_00000 | RUNNING  | 128.36.232.16:503822 |
| PPO_job_search_env_593b9_00001 | RUNNING  | 128.36.232.16:505421 |
| PPO_job_search_env_593b9_00002 | RUNNING  | 128.36.232.16:507030 |
+--------------------------------+----------+----------------------+


== Status ==
Current time: 2022-12-14 22:18:13 (running for 00:05:26.43)
Memory usage on this node: 61.6/62.4 GiB : ***LOW MEMORY*** less than 10% of the memory on this node is available for use. This can cause unexpected crashes. Consider reducing the memory used by your application or reducing the Ray object store size by setting `object_store_memory` when calling `ray.init`.
Using FIFO scheduling algorithm.
Resources requested: 15.0/16 CPUs, 0/1 GPUs, 0.0/32.41 GiB heap, 0.0/16.21 GiB objects (0.0/1.0 accelerator_type:P620)
Result logdir: /home/accts/ahc49/csec491/salary-negotation/ray_results/job_search_env/tf2/c5e10b200i20/PPO_2022-12-14_22-12-46
Number of trials: 3/3 (3 RUNNING)
+--------------------------------+----------+----------------------+
| Trial name                     | status   | loc                  |
|--------------------------------+----------+----------------------|
| PPO_job_search_env_593b9_00000 | RUNNING  | 128.36.232.16:503822 |
| PPO_job_search_env_593b9_00001 | RUNNING  | 128.36.232.16:505421 |
| PPO_job_search_env_593b9_00002 | RUNNING  | 128.36.232.16:507030 |
+--------------------------------+----------+----------------------+


== Status ==
Current time: 2022-12-14 22:18:18 (running for 00:05:31.44)
Memory usage on this node: 61.6/62.4 GiB : ***LOW MEMORY*** less than 10% of the memory on this node is available for use. This can cause unexpected crashes. Consider reducing the memory used by your application or reducing the Ray object store size by setting `object_store_memory` when calling `ray.init`.
Using FIFO scheduling algorithm.
Resources requested: 15.0/16 CPUs, 0/1 GPUs, 0.0/32.41 GiB heap, 0.0/16.21 GiB objects (0.0/1.0 accelerator_type:P620)
Result logdir: /home/accts/ahc49/csec491/salary-negotation/ray_results/job_search_env/tf2/c5e10b200i20/PPO_2022-12-14_22-12-46
Number of trials: 3/3 (3 RUNNING)
+--------------------------------+----------+----------------------+
| Trial name                     | status   | loc                  |
|--------------------------------+----------+----------------------|
| PPO_job_search_env_593b9_00000 | RUNNING  | 128.36.232.16:503822 |
| PPO_job_search_env_593b9_00001 | RUNNING  | 128.36.232.16:505421 |
| PPO_job_search_env_593b9_00002 | RUNNING  | 128.36.232.16:507030 |
+--------------------------------+----------+----------------------+


== Status ==
Current time: 2022-12-14 22:18:23 (running for 00:05:36.46)
Memory usage on this node: 61.0/62.4 GiB : ***LOW MEMORY*** less than 10% of the memory on this node is available for use. This can cause unexpected crashes. Consider reducing the memory used by your application or reducing the Ray object store size by setting `object_store_memory` when calling `ray.init`.
Using FIFO scheduling algorithm.
Resources requested: 15.0/16 CPUs, 0/1 GPUs, 0.0/32.41 GiB heap, 0.0/16.21 GiB objects (0.0/1.0 accelerator_type:P620)
Result logdir: /home/accts/ahc49/csec491/salary-negotation/ray_results/job_search_env/tf2/c5e10b200i20/PPO_2022-12-14_22-12-46
Number of trials: 3/3 (3 RUNNING)
+--------------------------------+----------+----------------------+
| Trial name                     | status   | loc                  |
|--------------------------------+----------+----------------------|
| PPO_job_search_env_593b9_00000 | RUNNING  | 128.36.232.16:503822 |
| PPO_job_search_env_593b9_00001 | RUNNING  | 128.36.232.16:505421 |
| PPO_job_search_env_593b9_00002 | RUNNING  | 128.36.232.16:507030 |
+--------------------------------+----------+----------------------+


== Status ==
Current time: 2022-12-14 22:18:28 (running for 00:05:41.46)
Memory usage on this node: 60.8/62.4 GiB : ***LOW MEMORY*** less than 10% of the memory on this node is available for use. This can cause unexpected crashes. Consider reducing the memory used by your application or reducing the Ray object store size by setting `object_store_memory` when calling `ray.init`.
Using FIFO scheduling algorithm.
Resources requested: 15.0/16 CPUs, 0/1 GPUs, 0.0/32.41 GiB heap, 0.0/16.21 GiB objects (0.0/1.0 accelerator_type:P620)
Result logdir: /home/accts/ahc49/csec491/salary-negotation/ray_results/job_search_env/tf2/c5e10b200i20/PPO_2022-12-14_22-12-46
Number of trials: 3/3 (3 RUNNING)
+--------------------------------+----------+----------------------+
| Trial name                     | status   | loc                  |
|--------------------------------+----------+----------------------|
| PPO_job_search_env_593b9_00000 | RUNNING  | 128.36.232.16:503822 |
| PPO_job_search_env_593b9_00001 | RUNNING  | 128.36.232.16:505421 |
| PPO_job_search_env_593b9_00002 | RUNNING  | 128.36.232.16:507030 |
+--------------------------------+----------+----------------------+


== Status ==
Current time: 2022-12-14 22:18:33 (running for 00:05:46.49)
Memory usage on this node: 61.8/62.4 GiB : ***LOW MEMORY*** less than 10% of the memory on this node is available for use. This can cause unexpected crashes. Consider reducing the memory used by your application or reducing the Ray object store size by setting `object_store_memory` when calling `ray.init`.
Using FIFO scheduling algorithm.
Resources requested: 15.0/16 CPUs, 0/1 GPUs, 0.0/32.41 GiB heap, 0.0/16.21 GiB objects (0.0/1.0 accelerator_type:P620)
Result logdir: /home/accts/ahc49/csec491/salary-negotation/ray_results/job_search_env/tf2/c5e10b200i20/PPO_2022-12-14_22-12-46
Number of trials: 3/3 (3 RUNNING)
+--------------------------------+----------+----------------------+
| Trial name                     | status   | loc                  |
|--------------------------------+----------+----------------------|
| PPO_job_search_env_593b9_00000 | RUNNING  | 128.36.232.16:503822 |
| PPO_job_search_env_593b9_00001 | RUNNING  | 128.36.232.16:505421 |
| PPO_job_search_env_593b9_00002 | RUNNING  | 128.36.232.16:507030 |
+--------------------------------+----------+----------------------+


== Status ==
Current time: 2022-12-14 22:18:38 (running for 00:05:51.50)
Memory usage on this node: 61.8/62.4 GiB : ***LOW MEMORY*** less than 10% of the memory on this node is available for use. This can cause unexpected crashes. Consider reducing the memory used by your application or reducing the Ray object store size by setting `object_store_memory` when calling `ray.init`.
Using FIFO scheduling algorithm.
Resources requested: 15.0/16 CPUs, 0/1 GPUs, 0.0/32.41 GiB heap, 0.0/16.21 GiB objects (0.0/1.0 accelerator_type:P620)
Result logdir: /home/accts/ahc49/csec491/salary-negotation/ray_results/job_search_env/tf2/c5e10b200i20/PPO_2022-12-14_22-12-46
Number of trials: 3/3 (3 RUNNING)
+--------------------------------+----------+----------------------+
| Trial name                     | status   | loc                  |
|--------------------------------+----------+----------------------|
| PPO_job_search_env_593b9_00000 | RUNNING  | 128.36.232.16:503822 |
| PPO_job_search_env_593b9_00001 | RUNNING  | 128.36.232.16:505421 |
| PPO_job_search_env_593b9_00002 | RUNNING  | 128.36.232.16:507030 |
+--------------------------------+----------+----------------------+


== Status ==
Current time: 2022-12-14 22:18:43 (running for 00:05:56.53)
Memory usage on this node: 61.8/62.4 GiB : ***LOW MEMORY*** less than 10% of the memory on this node is available for use. This can cause unexpected crashes. Consider reducing the memory used by your application or reducing the Ray object store size by setting `object_store_memory` when calling `ray.init`.
Using FIFO scheduling algorithm.
Resources requested: 15.0/16 CPUs, 0/1 GPUs, 0.0/32.41 GiB heap, 0.0/16.21 GiB objects (0.0/1.0 accelerator_type:P620)
Result logdir: /home/accts/ahc49/csec491/salary-negotation/ray_results/job_search_env/tf2/c5e10b200i20/PPO_2022-12-14_22-12-46
Number of trials: 3/3 (3 RUNNING)
+--------------------------------+----------+----------------------+
| Trial name                     | status   | loc                  |
|--------------------------------+----------+----------------------|
| PPO_job_search_env_593b9_00000 | RUNNING  | 128.36.232.16:503822 |
| PPO_job_search_env_593b9_00001 | RUNNING  | 128.36.232.16:505421 |
| PPO_job_search_env_593b9_00002 | RUNNING  | 128.36.232.16:507030 |
+--------------------------------+----------+----------------------+


== Status ==
Current time: 2022-12-14 22:18:48 (running for 00:06:01.53)
Memory usage on this node: 58.9/62.4 GiB : ***LOW MEMORY*** less than 10% of the memory on this node is available for use. This can cause unexpected crashes. Consider reducing the memory used by your application or reducing the Ray object store size by setting `object_store_memory` when calling `ray.init`.
Using FIFO scheduling algorithm.
Resources requested: 15.0/16 CPUs, 0/1 GPUs, 0.0/32.41 GiB heap, 0.0/16.21 GiB objects (0.0/1.0 accelerator_type:P620)
Result logdir: /home/accts/ahc49/csec491/salary-negotation/ray_results/job_search_env/tf2/c5e10b200i20/PPO_2022-12-14_22-12-46
Number of trials: 3/3 (3 RUNNING)
+--------------------------------+----------+----------------------+
| Trial name                     | status   | loc                  |
|--------------------------------+----------+----------------------|
| PPO_job_search_env_593b9_00000 | RUNNING  | 128.36.232.16:503822 |
| PPO_job_search_env_593b9_00001 | RUNNING  | 128.36.232.16:505421 |
| PPO_job_search_env_593b9_00002 | RUNNING  | 128.36.232.16:507030 |
+--------------------------------+----------+----------------------+


== Status ==
Current time: 2022-12-14 22:18:53 (running for 00:06:06.56)
Memory usage on this node: 60.4/62.4 GiB : ***LOW MEMORY*** less than 10% of the memory on this node is available for use. This can cause unexpected crashes. Consider reducing the memory used by your application or reducing the Ray object store size by setting `object_store_memory` when calling `ray.init`.
Using FIFO scheduling algorithm.
Resources requested: 15.0/16 CPUs, 0/1 GPUs, 0.0/32.41 GiB heap, 0.0/16.21 GiB objects (0.0/1.0 accelerator_type:P620)
Result logdir: /home/accts/ahc49/csec491/salary-negotation/ray_results/job_search_env/tf2/c5e10b200i20/PPO_2022-12-14_22-12-46
Number of trials: 3/3 (3 RUNNING)
+--------------------------------+----------+----------------------+
| Trial name                     | status   | loc                  |
|--------------------------------+----------+----------------------|
| PPO_job_search_env_593b9_00000 | RUNNING  | 128.36.232.16:503822 |
| PPO_job_search_env_593b9_00001 | RUNNING  | 128.36.232.16:505421 |
| PPO_job_search_env_593b9_00002 | RUNNING  | 128.36.232.16:507030 |
+--------------------------------+----------+----------------------+


[2m[33m(raylet)[0m *** SIGBUS received at time=1671074379 on cpu 15 ***
[2m[33m(raylet)[0m PC: @     0x556a57913820  (unknown)  dlmalloc
[2m[33m(raylet)[0m     @     0x7f5bd383ea30       3344  (unknown)
[2m[33m(raylet)[0m     @     0x556a57904a88        112  plasma::PlasmaAllocator::Allocate()
[2m[33m(raylet)[0m     @     0x556a57906983        256  plasma::ObjectStore::CreateObject()
[2m[33m(raylet)[0m     @     0x556a578f73b2        176  plasma::ObjectLifecycleManager::CreateObjectInternal()
[2m[33m(raylet)[0m     @     0x556a578f7a92        112  plasma::ObjectLifecycleManager::CreateObject()
[2m[33m(raylet)[0m     @     0x556a57900e0e        128  plasma::PlasmaStore::CreateObject()
[2m[33m(raylet)[0m     @     0x556a579017df        304  plasma::PlasmaStore::HandleCreateObjectRequest()
[2m[33m(raylet)[0m     @     0x556a57906e1b         80  plasma::CreateRequestQueue::ProcessRequest()
[2m[33m(raylet)[0m     @     0x556a57908ab6        192  plasma::CreateRequestQueue::ProcessRequests()
[2m[33m(raylet)[0m     @     0x556a578ff9d1        224  plasma::PlasmaStore::ProcessCreateRequests()
[2m[33m(raylet)[0m     @     0x556a5790279d        448  plasma::PlasmaStore::ProcessMessage()
[2m[33m(raylet)[0m     @     0x556a578f9ff5         32  std::_Function_handler<>::_M_invoke()
[2m[33m(raylet)[0m     @     0x556a5791f0a3        176  std::_Function_handler<>::_M_invoke()
[2m[33m(raylet)[0m     @     0x556a57a3e871        384  ray::ClientConnection::ProcessMessage()
[2m[33m(raylet)[0m     @     0x556a57a7acf6         80  EventTracker::RecordExecution()
[2m[33m(raylet)[0m     @     0x556a57a38507        160  boost::asio::detail::binder2<>::operator()()
[2m[33m(raylet)[0m     @     0x556a57a38bd8        496  boost::asio::detail::reactive_socket_recv_op<>::do_complete()
[2m[33m(raylet)[0m     @     0x556a57fa8bcb        128  boost::asio::detail::scheduler::do_run_one()
[2m[33m(raylet)[0m     @     0x556a57faa391        192  boost::asio::detail::scheduler::run()
[2m[33m(raylet)[0m     @     0x556a57faa5c0         64  boost::asio::io_context::run()
[2m[33m(raylet)[0m     @     0x556a578f9218        384  plasma::PlasmaStoreRunner::Start()
[2m[33m(raylet)[0m     @     0x556a57894375        208  std::thread::_State_impl<>::_M_run()
[2m[33m(raylet)[0m     @     0x556a57ff92d0  (unknown)  execute_native_thread_routine
[2m[33m(raylet)[0m     @ ... and at least 3 more frames
[2m[33m(raylet)[0m [2022-12-14 22:19:39,258 E 503294 503309] (raylet) logging.cc:361: *** SIGBUS received at time=1671074379 on cpu 15 ***
[2m[33m(raylet)[0m [2022-12-14 22:19:39,258 E 503294 503309] (raylet) logging.cc:361: PC: @     0x556a57913820  (unknown)  dlmalloc
[2m[33m(raylet)[0m [2022-12-14 22:19:39,258 E 503294 503309] (raylet) logging.cc:361:     @     0x7f5bd383ea30       3344  (unknown)
[2m[33m(raylet)[0m [2022-12-14 22:19:39,258 E 503294 503309] (raylet) logging.cc:361:     @     0x556a57904a88        112  plasma::PlasmaAllocator::Allocate()
[2m[33m(raylet)[0m [2022-12-14 22:19:39,258 E 503294 503309] (raylet) logging.cc:361:     @     0x556a57906983        256  plasma::ObjectStore::CreateObject()
[2m[33m(raylet)[0m [2022-12-14 22:19:39,258 E 503294 503309] (raylet) logging.cc:361:     @     0x556a578f73b2        176  plasma::ObjectLifecycleManager::CreateObjectInternal()
[2m[33m(raylet)[0m [2022-12-14 22:19:39,258 E 503294 503309] (raylet) logging.cc:361:     @     0x556a578f7a92        112  plasma::ObjectLifecycleManager::CreateObject()
[2m[33m(raylet)[0m [2022-12-14 22:19:39,258 E 503294 503309] (raylet) logging.cc:361:     @     0x556a57900e0e        128  plasma::PlasmaStore::CreateObject()
[2m[33m(raylet)[0m [2022-12-14 22:19:39,258 E 503294 503309] (raylet) logging.cc:361:     @     0x556a579017df        304  plasma::PlasmaStore::HandleCreateObjectRequest()
[2m[33m(raylet)[0m [2022-12-14 22:19:39,258 E 503294 503309] (raylet) logging.cc:361:     @     0x556a57906e1b         80  plasma::CreateRequestQueue::ProcessRequest()
[2m[33m(raylet)[0m [2022-12-14 22:19:39,258 E 503294 503309] (raylet) logging.cc:361:     @     0x556a57908ab6        192  plasma::CreateRequestQueue::ProcessRequests()
[2m[33m(raylet)[0m [2022-12-14 22:19:39,258 E 503294 503309] (raylet) logging.cc:361:     @     0x556a578ff9d1        224  plasma::PlasmaStore::ProcessCreateRequests()
[2m[33m(raylet)[0m [2022-12-14 22:19:39,258 E 503294 503309] (raylet) logging.cc:361:     @     0x556a5790279d        448  plasma::PlasmaStore::ProcessMessage()
[2m[33m(raylet)[0m [2022-12-14 22:19:39,258 E 503294 503309] (raylet) logging.cc:361:     @     0x556a578f9ff5         32  std::_Function_handler<>::_M_invoke()
[2m[33m(raylet)[0m [2022-12-14 22:19:39,258 E 503294 503309] (raylet) logging.cc:361:     @     0x556a5791f0a3        176  std::_Function_handler<>::_M_invoke()
[2m[33m(raylet)[0m [2022-12-14 22:19:39,258 E 503294 503309] (raylet) logging.cc:361:     @     0x556a57a3e871        384  ray::ClientConnection::ProcessMessage()
[2m[33m(raylet)[0m [2022-12-14 22:19:39,258 E 503294 503309] (raylet) logging.cc:361:     @     0x556a57a7acf6         80  EventTracker::RecordExecution()
[2m[33m(raylet)[0m [2022-12-14 22:19:39,258 E 503294 503309] (raylet) logging.cc:361:     @     0x556a57a38507        160  boost::asio::detail::binder2<>::operator()()
[2m[33m(raylet)[0m [2022-12-14 22:19:39,258 E 503294 503309] (raylet) logging.cc:361:     @     0x556a57a38bd8        496  boost::asio::detail::reactive_socket_recv_op<>::do_complete()
[2m[33m(raylet)[0m [2022-12-14 22:19:39,258 E 503294 503309] (raylet) logging.cc:361:     @     0x556a57fa8bcb        128  boost::asio::detail::scheduler::do_run_one()
[2m[33m(raylet)[0m [2022-12-14 22:19:39,258 E 503294 503309] (raylet) logging.cc:361:     @     0x556a57faa391        192  boost::asio::detail::scheduler::run()
[2m[33m(raylet)[0m [2022-12-14 22:19:39,258 E 503294 503309] (raylet) logging.cc:361:     @     0x556a57faa5c0         64  boost::asio::io_context::run()
[2m[33m(raylet)[0m [2022-12-14 22:19:39,258 E 503294 503309] (raylet) logging.cc:361:     @     0x556a578f9218        384  plasma::PlasmaStoreRunner::Start()
[2m[33m(raylet)[0m [2022-12-14 22:19:39,258 E 503294 503309] (raylet) logging.cc:361:     @     0x556a57894375        208  std::thread::_State_impl<>::_M_run()
[2m[33m(raylet)[0m [2022-12-14 22:19:39,258 E 503294 503309] (raylet) logging.cc:361:     @     0x556a57ff92d0  (unknown)  execute_native_thread_routine
[2m[33m(raylet)[0m [2022-12-14 22:19:39,258 E 503294 503309] (raylet) logging.cc:361:     @ ... and at least 3 more frames
2022-12-14 22:20:08,247	WARNING worker.py:1839 -- The node with node id: 1b7f292826f299c0a9d536025cefa0861b81a708366925e6d50f2bc6 and address: 128.36.232.16 and node name: 128.36.232.16 has been marked dead because the detector has missed too many heartbeats from it. This can happen when a 	(1) raylet crashes unexpectedly (OOM, preempted node, etc.) 
	(2) raylet has lagging heartbeats due to slow network or busy workload.
2022-12-14 22:20:08,289	ERROR trial_runner.py:993 -- Trial PPO_job_search_env_593b9_00000: Error processing event.
ray.tune.error._TuneNoNextExecutorEventError: Traceback (most recent call last):
  File "/home/accts/ahc49/.local/lib/python3.10/site-packages/ray/tune/execution/ray_trial_executor.py", line 1050, in get_next_executor_event
    future_result = ray.get(ready_future)
  File "/home/accts/ahc49/.local/lib/python3.10/site-packages/ray/_private/client_mode_hook.py", line 105, in wrapper
    return func(*args, **kwargs)
  File "/home/accts/ahc49/.local/lib/python3.10/site-packages/ray/_private/worker.py", line 2291, in get
    raise value
ray.exceptions.RayActorError: The actor died unexpectedly before finishing this task.
	class_name: PPO
	actor_id: dbf9ca0688675030a218c15b01000000
	pid: 503822
	namespace: a6ba314a-a79d-4361-a5d6-09d6472f2537
	ip: 128.36.232.16
The actor is dead because its owner has died. Owner Id: 01000000ffffffffffffffffffffffffffffffffffffffffffffffff Owner Ip address: 128.36.232.16 Owner worker exit type: SYSTEM_ERROR Worker exit detail: Owner's node has crashed.

2022-12-14 22:20:08,313	ERROR ray_trial_executor.py:111 -- An exception occurred when trying to stop the Ray actor:Traceback (most recent call last):
  File "/home/accts/ahc49/.local/lib/python3.10/site-packages/ray/tune/execution/ray_trial_executor.py", line 102, in _post_stop_cleanup
    ray.get(future, timeout=timeout)
  File "/home/accts/ahc49/.local/lib/python3.10/site-packages/ray/_private/client_mode_hook.py", line 105, in wrapper
    return func(*args, **kwargs)
  File "/home/accts/ahc49/.local/lib/python3.10/site-packages/ray/_private/worker.py", line 2291, in get
    raise value
ray.exceptions.RayActorError: The actor died unexpectedly before finishing this task.
	class_name: PPO
	actor_id: dbf9ca0688675030a218c15b01000000
	pid: 503822
	namespace: a6ba314a-a79d-4361-a5d6-09d6472f2537
	ip: 128.36.232.16
The actor is dead because its owner has died. Owner Id: 01000000ffffffffffffffffffffffffffffffffffffffffffffffff Owner Ip address: 128.36.232.16 Owner worker exit type: SYSTEM_ERROR Worker exit detail: Owner's node has crashed.

2022-12-14 22:20:08,314	ERROR trial_runner.py:993 -- Trial PPO_job_search_env_593b9_00002: Error processing event.
ray.tune.error._TuneNoNextExecutorEventError: Traceback (most recent call last):
  File "/home/accts/ahc49/.local/lib/python3.10/site-packages/ray/tune/execution/ray_trial_executor.py", line 1050, in get_next_executor_event
    future_result = ray.get(ready_future)
  File "/home/accts/ahc49/.local/lib/python3.10/site-packages/ray/_private/client_mode_hook.py", line 105, in wrapper
    return func(*args, **kwargs)
  File "/home/accts/ahc49/.local/lib/python3.10/site-packages/ray/_private/worker.py", line 2291, in get
    raise value
ray.exceptions.RayActorError: The actor died unexpectedly before finishing this task.
	class_name: PPO
	actor_id: 96f100bab47608d3104b776f01000000
	pid: 507030
	namespace: a6ba314a-a79d-4361-a5d6-09d6472f2537
	ip: 128.36.232.16
The actor is dead because its node has died. Node Id: 1b7f292826f299c0a9d536025cefa0861b81a708366925e6d50f2bc6

2022-12-14 22:20:08,373	ERROR trial_runner.py:993 -- Trial PPO_job_search_env_593b9_00001: Error processing event.
ray.tune.error._TuneNoNextExecutorEventError: Traceback (most recent call last):
  File "/home/accts/ahc49/.local/lib/python3.10/site-packages/ray/tune/execution/ray_trial_executor.py", line 1050, in get_next_executor_event
    future_result = ray.get(ready_future)
  File "/home/accts/ahc49/.local/lib/python3.10/site-packages/ray/_private/client_mode_hook.py", line 105, in wrapper
    return func(*args, **kwargs)
  File "/home/accts/ahc49/.local/lib/python3.10/site-packages/ray/_private/worker.py", line 2291, in get
    raise value
ray.exceptions.RayActorError: The actor died unexpectedly before finishing this task.
	class_name: PPO
	actor_id: c562c2eba2e9970609e988a501000000
	pid: 505421
	namespace: a6ba314a-a79d-4361-a5d6-09d6472f2537
	ip: 128.36.232.16
The actor is dead because its node has died. Node Id: 1b7f292826f299c0a9d536025cefa0861b81a708366925e6d50f2bc6

== Status ==
Current time: 2022-12-14 22:18:58 (running for 00:06:11.56)
Memory usage on this node: 61.2/62.4 GiB : ***LOW MEMORY*** less than 10% of the memory on this node is available for use. This can cause unexpected crashes. Consider reducing the memory used by your application or reducing the Ray object store size by setting `object_store_memory` when calling `ray.init`.
Using FIFO scheduling algorithm.
Resources requested: 15.0/16 CPUs, 0/1 GPUs, 0.0/32.41 GiB heap, 0.0/16.21 GiB objects (0.0/1.0 accelerator_type:P620)
Result logdir: /home/accts/ahc49/csec491/salary-negotation/ray_results/job_search_env/tf2/c5e10b200i20/PPO_2022-12-14_22-12-46
Number of trials: 3/3 (3 RUNNING)
+--------------------------------+----------+----------------------+
| Trial name                     | status   | loc                  |
|--------------------------------+----------+----------------------|
| PPO_job_search_env_593b9_00000 | RUNNING  | 128.36.232.16:503822 |
| PPO_job_search_env_593b9_00001 | RUNNING  | 128.36.232.16:505421 |
| PPO_job_search_env_593b9_00002 | RUNNING  | 128.36.232.16:507030 |
+--------------------------------+----------+----------------------+


== Status ==
Current time: 2022-12-14 22:19:03 (running for 00:06:16.59)
Memory usage on this node: 61.8/62.4 GiB : ***LOW MEMORY*** less than 10% of the memory on this node is available for use. This can cause unexpected crashes. Consider reducing the memory used by your application or reducing the Ray object store size by setting `object_store_memory` when calling `ray.init`.
Using FIFO scheduling algorithm.
Resources requested: 15.0/16 CPUs, 0/1 GPUs, 0.0/32.41 GiB heap, 0.0/16.21 GiB objects (0.0/1.0 accelerator_type:P620)
Result logdir: /home/accts/ahc49/csec491/salary-negotation/ray_results/job_search_env/tf2/c5e10b200i20/PPO_2022-12-14_22-12-46
Number of trials: 3/3 (3 RUNNING)
+--------------------------------+----------+----------------------+
| Trial name                     | status   | loc                  |
|--------------------------------+----------+----------------------|
| PPO_job_search_env_593b9_00000 | RUNNING  | 128.36.232.16:503822 |
| PPO_job_search_env_593b9_00001 | RUNNING  | 128.36.232.16:505421 |
| PPO_job_search_env_593b9_00002 | RUNNING  | 128.36.232.16:507030 |
+--------------------------------+----------+----------------------+


== Status ==
Current time: 2022-12-14 22:19:08 (running for 00:06:21.59)
Memory usage on this node: 61.7/62.4 GiB : ***LOW MEMORY*** less than 10% of the memory on this node is available for use. This can cause unexpected crashes. Consider reducing the memory used by your application or reducing the Ray object store size by setting `object_store_memory` when calling `ray.init`.
Using FIFO scheduling algorithm.
Resources requested: 15.0/16 CPUs, 0/1 GPUs, 0.0/32.41 GiB heap, 0.0/16.21 GiB objects (0.0/1.0 accelerator_type:P620)
Result logdir: /home/accts/ahc49/csec491/salary-negotation/ray_results/job_search_env/tf2/c5e10b200i20/PPO_2022-12-14_22-12-46
Number of trials: 3/3 (3 RUNNING)
+--------------------------------+----------+----------------------+
| Trial name                     | status   | loc                  |
|--------------------------------+----------+----------------------|
| PPO_job_search_env_593b9_00000 | RUNNING  | 128.36.232.16:503822 |
| PPO_job_search_env_593b9_00001 | RUNNING  | 128.36.232.16:505421 |
| PPO_job_search_env_593b9_00002 | RUNNING  | 128.36.232.16:507030 |
+--------------------------------+----------+----------------------+


== Status ==
Current time: 2022-12-14 22:19:13 (running for 00:06:26.62)
Memory usage on this node: 61.7/62.4 GiB : ***LOW MEMORY*** less than 10% of the memory on this node is available for use. This can cause unexpected crashes. Consider reducing the memory used by your application or reducing the Ray object store size by setting `object_store_memory` when calling `ray.init`.
Using FIFO scheduling algorithm.
Resources requested: 15.0/16 CPUs, 0/1 GPUs, 0.0/32.41 GiB heap, 0.0/16.21 GiB objects (0.0/1.0 accelerator_type:P620)
Result logdir: /home/accts/ahc49/csec491/salary-negotation/ray_results/job_search_env/tf2/c5e10b200i20/PPO_2022-12-14_22-12-46
Number of trials: 3/3 (3 RUNNING)
+--------------------------------+----------+----------------------+
| Trial name                     | status   | loc                  |
|--------------------------------+----------+----------------------|
| PPO_job_search_env_593b9_00000 | RUNNING  | 128.36.232.16:503822 |
| PPO_job_search_env_593b9_00001 | RUNNING  | 128.36.232.16:505421 |
| PPO_job_search_env_593b9_00002 | RUNNING  | 128.36.232.16:507030 |
+--------------------------------+----------+----------------------+


== Status ==
Current time: 2022-12-14 22:19:18 (running for 00:06:31.62)
Memory usage on this node: 61.8/62.4 GiB : ***LOW MEMORY*** less than 10% of the memory on this node is available for use. This can cause unexpected crashes. Consider reducing the memory used by your application or reducing the Ray object store size by setting `object_store_memory` when calling `ray.init`.
Using FIFO scheduling algorithm.
Resources requested: 15.0/16 CPUs, 0/1 GPUs, 0.0/32.41 GiB heap, 0.0/16.21 GiB objects (0.0/1.0 accelerator_type:P620)
Result logdir: /home/accts/ahc49/csec491/salary-negotation/ray_results/job_search_env/tf2/c5e10b200i20/PPO_2022-12-14_22-12-46
Number of trials: 3/3 (3 RUNNING)
+--------------------------------+----------+----------------------+
| Trial name                     | status   | loc                  |
|--------------------------------+----------+----------------------|
| PPO_job_search_env_593b9_00000 | RUNNING  | 128.36.232.16:503822 |
| PPO_job_search_env_593b9_00001 | RUNNING  | 128.36.232.16:505421 |
| PPO_job_search_env_593b9_00002 | RUNNING  | 128.36.232.16:507030 |
+--------------------------------+----------+----------------------+


== Status ==
Current time: 2022-12-14 22:19:23 (running for 00:06:36.65)
Memory usage on this node: 61.8/62.4 GiB : ***LOW MEMORY*** less than 10% of the memory on this node is available for use. This can cause unexpected crashes. Consider reducing the memory used by your application or reducing the Ray object store size by setting `object_store_memory` when calling `ray.init`.
Using FIFO scheduling algorithm.
Resources requested: 15.0/16 CPUs, 0/1 GPUs, 0.0/32.41 GiB heap, 0.0/16.21 GiB objects (0.0/1.0 accelerator_type:P620)
Result logdir: /home/accts/ahc49/csec491/salary-negotation/ray_results/job_search_env/tf2/c5e10b200i20/PPO_2022-12-14_22-12-46
Number of trials: 3/3 (3 RUNNING)
+--------------------------------+----------+----------------------+
| Trial name                     | status   | loc                  |
|--------------------------------+----------+----------------------|
| PPO_job_search_env_593b9_00000 | RUNNING  | 128.36.232.16:503822 |
| PPO_job_search_env_593b9_00001 | RUNNING  | 128.36.232.16:505421 |
| PPO_job_search_env_593b9_00002 | RUNNING  | 128.36.232.16:507030 |
+--------------------------------+----------+----------------------+


== Status ==
Current time: 2022-12-14 22:19:28 (running for 00:06:41.69)
Memory usage on this node: 61.6/62.4 GiB : ***LOW MEMORY*** less than 10% of the memory on this node is available for use. This can cause unexpected crashes. Consider reducing the memory used by your application or reducing the Ray object store size by setting `object_store_memory` when calling `ray.init`.
Using FIFO scheduling algorithm.
Resources requested: 15.0/16 CPUs, 0/1 GPUs, 0.0/32.41 GiB heap, 0.0/16.21 GiB objects (0.0/1.0 accelerator_type:P620)
Result logdir: /home/accts/ahc49/csec491/salary-negotation/ray_results/job_search_env/tf2/c5e10b200i20/PPO_2022-12-14_22-12-46
Number of trials: 3/3 (3 RUNNING)
+--------------------------------+----------+----------------------+
| Trial name                     | status   | loc                  |
|--------------------------------+----------+----------------------|
| PPO_job_search_env_593b9_00000 | RUNNING  | 128.36.232.16:503822 |
| PPO_job_search_env_593b9_00001 | RUNNING  | 128.36.232.16:505421 |
| PPO_job_search_env_593b9_00002 | RUNNING  | 128.36.232.16:507030 |
+--------------------------------+----------+----------------------+


== Status ==
Current time: 2022-12-14 22:19:34 (running for 00:06:47.41)
Memory usage on this node: 61.7/62.4 GiB : ***LOW MEMORY*** less than 10% of the memory on this node is available for use. This can cause unexpected crashes. Consider reducing the memory used by your application or reducing the Ray object store size by setting `object_store_memory` when calling `ray.init`.
Using FIFO scheduling algorithm.
Resources requested: 15.0/16 CPUs, 0/1 GPUs, 0.0/32.41 GiB heap, 0.0/16.21 GiB objects (0.0/1.0 accelerator_type:P620)
Result logdir: /home/accts/ahc49/csec491/salary-negotation/ray_results/job_search_env/tf2/c5e10b200i20/PPO_2022-12-14_22-12-46
Number of trials: 3/3 (3 RUNNING)
+--------------------------------+----------+----------------------+
| Trial name                     | status   | loc                  |
|--------------------------------+----------+----------------------|
| PPO_job_search_env_593b9_00000 | RUNNING  | 128.36.232.16:503822 |
| PPO_job_search_env_593b9_00001 | RUNNING  | 128.36.232.16:505421 |
| PPO_job_search_env_593b9_00002 | RUNNING  | 128.36.232.16:507030 |
+--------------------------------+----------+----------------------+


== Status ==
Current time: 2022-12-14 22:19:39 (running for 00:06:52.41)
Memory usage on this node: 61.6/62.4 GiB : ***LOW MEMORY*** less than 10% of the memory on this node is available for use. This can cause unexpected crashes. Consider reducing the memory used by your application or reducing the Ray object store size by setting `object_store_memory` when calling `ray.init`.
Using FIFO scheduling algorithm.
Resources requested: 15.0/16 CPUs, 0/1 GPUs, 0.0/32.41 GiB heap, 0.0/16.21 GiB objects (0.0/1.0 accelerator_type:P620)
Result logdir: /home/accts/ahc49/csec491/salary-negotation/ray_results/job_search_env/tf2/c5e10b200i20/PPO_2022-12-14_22-12-46
Number of trials: 3/3 (3 RUNNING)
+--------------------------------+----------+----------------------+
| Trial name                     | status   | loc                  |
|--------------------------------+----------+----------------------|
| PPO_job_search_env_593b9_00000 | RUNNING  | 128.36.232.16:503822 |
| PPO_job_search_env_593b9_00001 | RUNNING  | 128.36.232.16:505421 |
| PPO_job_search_env_593b9_00002 | RUNNING  | 128.36.232.16:507030 |
+--------------------------------+----------+----------------------+


== Status ==
Current time: 2022-12-14 22:19:44 (running for 00:06:57.41)
Memory usage on this node: 61.6/62.4 GiB : ***LOW MEMORY*** less than 10% of the memory on this node is available for use. This can cause unexpected crashes. Consider reducing the memory used by your application or reducing the Ray object store size by setting `object_store_memory` when calling `ray.init`.
Using FIFO scheduling algorithm.
Resources requested: 15.0/16 CPUs, 0/1 GPUs, 0.0/32.41 GiB heap, 0.0/16.21 GiB objects (0.0/1.0 accelerator_type:P620)
Result logdir: /home/accts/ahc49/csec491/salary-negotation/ray_results/job_search_env/tf2/c5e10b200i20/PPO_2022-12-14_22-12-46
Number of trials: 3/3 (3 RUNNING)
+--------------------------------+----------+----------------------+
| Trial name                     | status   | loc                  |
|--------------------------------+----------+----------------------|
| PPO_job_search_env_593b9_00000 | RUNNING  | 128.36.232.16:503822 |
| PPO_job_search_env_593b9_00001 | RUNNING  | 128.36.232.16:505421 |
| PPO_job_search_env_593b9_00002 | RUNNING  | 128.36.232.16:507030 |
+--------------------------------+----------+----------------------+


== Status ==
Current time: 2022-12-14 22:19:49 (running for 00:07:02.44)
Memory usage on this node: 61.7/62.4 GiB : ***LOW MEMORY*** less than 10% of the memory on this node is available for use. This can cause unexpected crashes. Consider reducing the memory used by your application or reducing the Ray object store size by setting `object_store_memory` when calling `ray.init`.
Using FIFO scheduling algorithm.
Resources requested: 15.0/16 CPUs, 0/1 GPUs, 0.0/32.41 GiB heap, 0.0/16.21 GiB objects (0.0/1.0 accelerator_type:P620)
Result logdir: /home/accts/ahc49/csec491/salary-negotation/ray_results/job_search_env/tf2/c5e10b200i20/PPO_2022-12-14_22-12-46
Number of trials: 3/3 (3 RUNNING)
+--------------------------------+----------+----------------------+
| Trial name                     | status   | loc                  |
|--------------------------------+----------+----------------------|
| PPO_job_search_env_593b9_00000 | RUNNING  | 128.36.232.16:503822 |
| PPO_job_search_env_593b9_00001 | RUNNING  | 128.36.232.16:505421 |
| PPO_job_search_env_593b9_00002 | RUNNING  | 128.36.232.16:507030 |
+--------------------------------+----------+----------------------+


== Status ==
Current time: 2022-12-14 22:19:54 (running for 00:07:07.44)
Memory usage on this node: 61.7/62.4 GiB : ***LOW MEMORY*** less than 10% of the memory on this node is available for use. This can cause unexpected crashes. Consider reducing the memory used by your application or reducing the Ray object store size by setting `object_store_memory` when calling `ray.init`.
Using FIFO scheduling algorithm.
Resources requested: 15.0/16 CPUs, 0/1 GPUs, 0.0/32.41 GiB heap, 0.0/16.21 GiB objects (0.0/1.0 accelerator_type:P620)
Result logdir: /home/accts/ahc49/csec491/salary-negotation/ray_results/job_search_env/tf2/c5e10b200i20/PPO_2022-12-14_22-12-46
Number of trials: 3/3 (3 RUNNING)
+--------------------------------+----------+----------------------+
| Trial name                     | status   | loc                  |
|--------------------------------+----------+----------------------|
| PPO_job_search_env_593b9_00000 | RUNNING  | 128.36.232.16:503822 |
| PPO_job_search_env_593b9_00001 | RUNNING  | 128.36.232.16:505421 |
| PPO_job_search_env_593b9_00002 | RUNNING  | 128.36.232.16:507030 |
+--------------------------------+----------+----------------------+


== Status ==
Current time: 2022-12-14 22:19:59 (running for 00:07:12.46)
Memory usage on this node: 61.5/62.4 GiB : ***LOW MEMORY*** less than 10% of the memory on this node is available for use. This can cause unexpected crashes. Consider reducing the memory used by your application or reducing the Ray object store size by setting `object_store_memory` when calling `ray.init`.
Using FIFO scheduling algorithm.
Resources requested: 15.0/16 CPUs, 0/1 GPUs, 0.0/32.41 GiB heap, 0.0/16.21 GiB objects (0.0/1.0 accelerator_type:P620)
Result logdir: /home/accts/ahc49/csec491/salary-negotation/ray_results/job_search_env/tf2/c5e10b200i20/PPO_2022-12-14_22-12-46
Number of trials: 3/3 (3 RUNNING)
+--------------------------------+----------+----------------------+
| Trial name                     | status   | loc                  |
|--------------------------------+----------+----------------------|
| PPO_job_search_env_593b9_00000 | RUNNING  | 128.36.232.16:503822 |
| PPO_job_search_env_593b9_00001 | RUNNING  | 128.36.232.16:505421 |
| PPO_job_search_env_593b9_00002 | RUNNING  | 128.36.232.16:507030 |
+--------------------------------+----------+----------------------+


== Status ==
Current time: 2022-12-14 22:20:04 (running for 00:07:17.46)
Memory usage on this node: 61.4/62.4 GiB : ***LOW MEMORY*** less than 10% of the memory on this node is available for use. This can cause unexpected crashes. Consider reducing the memory used by your application or reducing the Ray object store size by setting `object_store_memory` when calling `ray.init`.
Using FIFO scheduling algorithm.
Resources requested: 15.0/16 CPUs, 0/1 GPUs, 0.0/32.41 GiB heap, 0.0/16.21 GiB objects (0.0/1.0 accelerator_type:P620)
Result logdir: /home/accts/ahc49/csec491/salary-negotation/ray_results/job_search_env/tf2/c5e10b200i20/PPO_2022-12-14_22-12-46
Number of trials: 3/3 (3 RUNNING)
+--------------------------------+----------+----------------------+
| Trial name                     | status   | loc                  |
|--------------------------------+----------+----------------------|
| PPO_job_search_env_593b9_00000 | RUNNING  | 128.36.232.16:503822 |
| PPO_job_search_env_593b9_00001 | RUNNING  | 128.36.232.16:505421 |
| PPO_job_search_env_593b9_00002 | RUNNING  | 128.36.232.16:507030 |
+--------------------------------+----------+----------------------+


Result for PPO_job_search_env_593b9_00000:
  date: 2022-12-14_22-13-06
  experiment_id: ed1c78429667444ba40159ebaaa42b13
  hostname: hippo.zoo.cs.yale.edu
  node_ip: 128.36.232.16
  pid: 503822
  timestamp: 1671073986
  trial_id: 593b9_00000
  
Result for PPO_job_search_env_593b9_00002:
  date: 2022-12-14_22-14-17
  experiment_id: f179aab75a1d4640847faddc8a1c3d60
  hostname: hippo.zoo.cs.yale.edu
  node_ip: 128.36.232.16
  pid: 507030
  timestamp: 1671074057
  trial_id: 593b9_00002
  
Result for PPO_job_search_env_593b9_00001:
  date: 2022-12-14_22-13-34
  experiment_id: 38ea5a8e72834564986bb858345ce061
  hostname: hippo.zoo.cs.yale.edu
  node_ip: 128.36.232.16
  pid: 505421
  timestamp: 1671074014
  trial_id: 593b9_00001
  
== Status ==
Current time: 2022-12-14 22:20:08 (running for 00:07:21.80)
Memory usage on this node: 60.2/62.4 GiB : ***LOW MEMORY*** less than 10% of the memory on this node is available for use. This can cause unexpected crashes. Consider reducing the memory used by your application or reducing the Ray object store size by setting `object_store_memory` when calling `ray.init`.
Using FIFO scheduling algorithm.
Resources requested: 0/16 CPUs, 0/1 GPUs, 0.0/32.41 GiB heap, 0.0/16.21 GiB objects (0.0/1.0 accelerator_type:P620)
Result logdir: /home/accts/ahc49/csec491/salary-negotation/ray_results/job_search_env/tf2/c5e10b200i20/PPO_2022-12-14_22-12-46
Number of trials: 3/3 (3 ERROR)
+--------------------------------+----------+----------------------+
| Trial name                     | status   | loc                  |
|--------------------------------+----------+----------------------|
| PPO_job_search_env_593b9_00000 | ERROR    | 128.36.232.16:503822 |
| PPO_job_search_env_593b9_00001 | ERROR    | 128.36.232.16:505421 |
| PPO_job_search_env_593b9_00002 | ERROR    | 128.36.232.16:507030 |
+--------------------------------+----------+----------------------+
Number of errored trials: 3
+--------------------------------+--------------+--------------------------------------------------------------------------------------------------------------------------------------------------------------------------------+
| Trial name                     |   # failures | error file                                                                                                                                                                     |
|--------------------------------+--------------+--------------------------------------------------------------------------------------------------------------------------------------------------------------------------------|
| PPO_job_search_env_593b9_00000 |            1 | /home/accts/ahc49/csec491/salary-negotation/ray_results/job_search_env/tf2/c5e10b200i20/PPO_2022-12-14_22-12-46/PPO_job_search_env_593b9_00000_0_2022-12-14_22-12-46/error.txt |
| PPO_job_search_env_593b9_00001 |            1 | /home/accts/ahc49/csec491/salary-negotation/ray_results/job_search_env/tf2/c5e10b200i20/PPO_2022-12-14_22-12-46/PPO_job_search_env_593b9_00001_1_2022-12-14_22-13-06/error.txt |
| PPO_job_search_env_593b9_00002 |            1 | /home/accts/ahc49/csec491/salary-negotation/ray_results/job_search_env/tf2/c5e10b200i20/PPO_2022-12-14_22-12-46/PPO_job_search_env_593b9_00002_2_2022-12-14_22-13-34/error.txt |
+--------------------------------+--------------+--------------------------------------------------------------------------------------------------------------------------------------------------------------------------------+

Traceback (most recent call last):
  File "/home/accts/ahc49/csec491/salary-negotation/job_search.py", line 209, in <module>
    tune.run(
  File "/home/accts/ahc49/.local/lib/python3.10/site-packages/ray/tune/tune.py", line 771, in run
    raise TuneError("Trials did not complete", incomplete_trials)
ray.tune.error.TuneError: ('Trials did not complete', [PPO_job_search_env_593b9_00000, PPO_job_search_env_593b9_00001, PPO_job_search_env_593b9_00002])
